[2025-10-15T13:55:58.374+0000] {processor.py:161} INFO - Started process (PID=87) to work on /home/airflow/.local/lib/python3.12/site-packages/airflow/example_dags/example_latest_only.py
[2025-10-15T13:55:58.375+0000] {processor.py:830} INFO - Processing file /home/airflow/.local/lib/python3.12/site-packages/airflow/example_dags/example_latest_only.py for tasks to queue
[2025-10-15T13:55:58.377+0000] {logging_mixin.py:188} INFO - [2025-10-15T13:55:58.377+0000] {dagbag.py:540} INFO - Filling up the DagBag from /home/airflow/.local/lib/python3.12/site-packages/airflow/example_dags/example_latest_only.py
[2025-10-15T13:55:58.395+0000] {processor.py:840} INFO - DAG(s) 'latest_only' retrieved from /home/airflow/.local/lib/python3.12/site-packages/airflow/example_dags/example_latest_only.py
[2025-10-15T13:55:58.406+0000] {logging_mixin.py:188} INFO - [2025-10-15T13:55:58.406+0000] {dag.py:3096} INFO - Sync 1 DAGs
[2025-10-15T13:55:58.430+0000] {logging_mixin.py:188} INFO - [2025-10-15T13:55:58.429+0000] {dag.py:3954} INFO - Setting next_dagrun for latest_only to 2025-10-15 08:00:00+00:00, run_after=2025-10-15 12:00:00+00:00
[2025-10-15T13:55:58.551+0000] {processor.py:183} INFO - Processing /home/airflow/.local/lib/python3.12/site-packages/airflow/example_dags/example_latest_only.py took 0.181 seconds
[2025-10-15T13:56:29.006+0000] {processor.py:161} INFO - Started process (PID=145) to work on /home/airflow/.local/lib/python3.12/site-packages/airflow/example_dags/example_latest_only.py
[2025-10-15T13:56:29.007+0000] {processor.py:830} INFO - Processing file /home/airflow/.local/lib/python3.12/site-packages/airflow/example_dags/example_latest_only.py for tasks to queue
[2025-10-15T13:56:29.008+0000] {logging_mixin.py:188} INFO - [2025-10-15T13:56:29.008+0000] {dagbag.py:540} INFO - Filling up the DagBag from /home/airflow/.local/lib/python3.12/site-packages/airflow/example_dags/example_latest_only.py
[2025-10-15T13:56:29.012+0000] {processor.py:840} INFO - DAG(s) 'latest_only' retrieved from /home/airflow/.local/lib/python3.12/site-packages/airflow/example_dags/example_latest_only.py
[2025-10-15T13:56:29.092+0000] {logging_mixin.py:188} INFO - [2025-10-15T13:56:29.092+0000] {dag.py:3096} INFO - Sync 1 DAGs
[2025-10-15T13:56:29.106+0000] {logging_mixin.py:188} INFO - [2025-10-15T13:56:29.106+0000] {dag.py:3954} INFO - Setting next_dagrun for latest_only to 2025-10-15 08:00:00+00:00, run_after=2025-10-15 12:00:00+00:00
[2025-10-15T13:56:29.121+0000] {processor.py:183} INFO - Processing /home/airflow/.local/lib/python3.12/site-packages/airflow/example_dags/example_latest_only.py took 0.120 seconds
[2025-10-15T13:57:14.141+0000] {processor.py:161} INFO - Started process (PID=203) to work on /home/airflow/.local/lib/python3.12/site-packages/airflow/example_dags/example_latest_only.py
[2025-10-15T13:57:14.141+0000] {processor.py:830} INFO - Processing file /home/airflow/.local/lib/python3.12/site-packages/airflow/example_dags/example_latest_only.py for tasks to queue
[2025-10-15T13:57:14.143+0000] {logging_mixin.py:188} INFO - [2025-10-15T13:57:14.143+0000] {dagbag.py:540} INFO - Filling up the DagBag from /home/airflow/.local/lib/python3.12/site-packages/airflow/example_dags/example_latest_only.py
[2025-10-15T13:57:14.147+0000] {processor.py:840} INFO - DAG(s) 'latest_only' retrieved from /home/airflow/.local/lib/python3.12/site-packages/airflow/example_dags/example_latest_only.py
[2025-10-15T13:57:14.164+0000] {logging_mixin.py:188} INFO - [2025-10-15T13:57:14.164+0000] {dag.py:3096} INFO - Sync 1 DAGs
[2025-10-15T13:57:14.180+0000] {logging_mixin.py:188} INFO - [2025-10-15T13:57:14.180+0000] {dag.py:3954} INFO - Setting next_dagrun for latest_only to 2025-10-15 08:00:00+00:00, run_after=2025-10-15 12:00:00+00:00
[2025-10-15T13:57:14.194+0000] {processor.py:183} INFO - Processing /home/airflow/.local/lib/python3.12/site-packages/airflow/example_dags/example_latest_only.py took 0.058 seconds
[2025-10-15T13:57:44.413+0000] {processor.py:161} INFO - Started process (PID=261) to work on /home/airflow/.local/lib/python3.12/site-packages/airflow/example_dags/example_latest_only.py
[2025-10-15T13:57:44.414+0000] {processor.py:830} INFO - Processing file /home/airflow/.local/lib/python3.12/site-packages/airflow/example_dags/example_latest_only.py for tasks to queue
[2025-10-15T13:57:44.416+0000] {logging_mixin.py:188} INFO - [2025-10-15T13:57:44.416+0000] {dagbag.py:540} INFO - Filling up the DagBag from /home/airflow/.local/lib/python3.12/site-packages/airflow/example_dags/example_latest_only.py
[2025-10-15T13:57:44.421+0000] {processor.py:840} INFO - DAG(s) 'latest_only' retrieved from /home/airflow/.local/lib/python3.12/site-packages/airflow/example_dags/example_latest_only.py
[2025-10-15T13:57:44.439+0000] {logging_mixin.py:188} INFO - [2025-10-15T13:57:44.439+0000] {dag.py:3096} INFO - Sync 1 DAGs
[2025-10-15T13:57:44.456+0000] {logging_mixin.py:188} INFO - [2025-10-15T13:57:44.456+0000] {dag.py:3954} INFO - Setting next_dagrun for latest_only to 2025-10-15 08:00:00+00:00, run_after=2025-10-15 12:00:00+00:00
[2025-10-15T13:57:44.472+0000] {processor.py:183} INFO - Processing /home/airflow/.local/lib/python3.12/site-packages/airflow/example_dags/example_latest_only.py took 0.063 seconds
[2025-10-15T13:58:15.085+0000] {processor.py:161} INFO - Started process (PID=319) to work on /home/airflow/.local/lib/python3.12/site-packages/airflow/example_dags/example_latest_only.py
[2025-10-15T13:58:15.086+0000] {processor.py:830} INFO - Processing file /home/airflow/.local/lib/python3.12/site-packages/airflow/example_dags/example_latest_only.py for tasks to queue
[2025-10-15T13:58:15.088+0000] {logging_mixin.py:188} INFO - [2025-10-15T13:58:15.088+0000] {dagbag.py:540} INFO - Filling up the DagBag from /home/airflow/.local/lib/python3.12/site-packages/airflow/example_dags/example_latest_only.py
[2025-10-15T13:58:15.093+0000] {processor.py:840} INFO - DAG(s) 'latest_only' retrieved from /home/airflow/.local/lib/python3.12/site-packages/airflow/example_dags/example_latest_only.py
[2025-10-15T13:58:15.111+0000] {logging_mixin.py:188} INFO - [2025-10-15T13:58:15.111+0000] {dag.py:3096} INFO - Sync 1 DAGs
[2025-10-15T13:58:15.128+0000] {logging_mixin.py:188} INFO - [2025-10-15T13:58:15.128+0000] {dag.py:3954} INFO - Setting next_dagrun for latest_only to 2025-10-15 08:00:00+00:00, run_after=2025-10-15 12:00:00+00:00
[2025-10-15T13:58:15.145+0000] {processor.py:183} INFO - Processing /home/airflow/.local/lib/python3.12/site-packages/airflow/example_dags/example_latest_only.py took 0.067 seconds
[2025-10-15T13:58:45.663+0000] {processor.py:161} INFO - Started process (PID=377) to work on /home/airflow/.local/lib/python3.12/site-packages/airflow/example_dags/example_latest_only.py
[2025-10-15T13:58:45.664+0000] {processor.py:830} INFO - Processing file /home/airflow/.local/lib/python3.12/site-packages/airflow/example_dags/example_latest_only.py for tasks to queue
[2025-10-15T13:58:45.665+0000] {logging_mixin.py:188} INFO - [2025-10-15T13:58:45.665+0000] {dagbag.py:540} INFO - Filling up the DagBag from /home/airflow/.local/lib/python3.12/site-packages/airflow/example_dags/example_latest_only.py
[2025-10-15T13:58:45.670+0000] {processor.py:840} INFO - DAG(s) 'latest_only' retrieved from /home/airflow/.local/lib/python3.12/site-packages/airflow/example_dags/example_latest_only.py
[2025-10-15T13:58:45.687+0000] {logging_mixin.py:188} INFO - [2025-10-15T13:58:45.687+0000] {dag.py:3096} INFO - Sync 1 DAGs
[2025-10-15T13:58:45.703+0000] {logging_mixin.py:188} INFO - [2025-10-15T13:58:45.703+0000] {dag.py:3954} INFO - Setting next_dagrun for latest_only to 2025-10-15 08:00:00+00:00, run_after=2025-10-15 12:00:00+00:00
[2025-10-15T13:58:45.719+0000] {processor.py:183} INFO - Processing /home/airflow/.local/lib/python3.12/site-packages/airflow/example_dags/example_latest_only.py took 0.061 seconds
[2025-10-15T13:59:16.119+0000] {processor.py:161} INFO - Started process (PID=435) to work on /home/airflow/.local/lib/python3.12/site-packages/airflow/example_dags/example_latest_only.py
[2025-10-15T13:59:16.120+0000] {processor.py:830} INFO - Processing file /home/airflow/.local/lib/python3.12/site-packages/airflow/example_dags/example_latest_only.py for tasks to queue
[2025-10-15T13:59:16.122+0000] {logging_mixin.py:188} INFO - [2025-10-15T13:59:16.121+0000] {dagbag.py:540} INFO - Filling up the DagBag from /home/airflow/.local/lib/python3.12/site-packages/airflow/example_dags/example_latest_only.py
[2025-10-15T13:59:16.126+0000] {processor.py:840} INFO - DAG(s) 'latest_only' retrieved from /home/airflow/.local/lib/python3.12/site-packages/airflow/example_dags/example_latest_only.py
[2025-10-15T13:59:16.144+0000] {logging_mixin.py:188} INFO - [2025-10-15T13:59:16.144+0000] {dag.py:3096} INFO - Sync 1 DAGs
[2025-10-15T13:59:16.160+0000] {logging_mixin.py:188} INFO - [2025-10-15T13:59:16.160+0000] {dag.py:3954} INFO - Setting next_dagrun for latest_only to 2025-10-15 08:00:00+00:00, run_after=2025-10-15 12:00:00+00:00
[2025-10-15T13:59:16.178+0000] {processor.py:183} INFO - Processing /home/airflow/.local/lib/python3.12/site-packages/airflow/example_dags/example_latest_only.py took 0.064 seconds
[2025-10-15T13:59:46.522+0000] {processor.py:161} INFO - Started process (PID=493) to work on /home/airflow/.local/lib/python3.12/site-packages/airflow/example_dags/example_latest_only.py
[2025-10-15T13:59:46.523+0000] {processor.py:830} INFO - Processing file /home/airflow/.local/lib/python3.12/site-packages/airflow/example_dags/example_latest_only.py for tasks to queue
[2025-10-15T13:59:46.526+0000] {logging_mixin.py:188} INFO - [2025-10-15T13:59:46.526+0000] {dagbag.py:540} INFO - Filling up the DagBag from /home/airflow/.local/lib/python3.12/site-packages/airflow/example_dags/example_latest_only.py
[2025-10-15T13:59:46.534+0000] {processor.py:840} INFO - DAG(s) 'latest_only' retrieved from /home/airflow/.local/lib/python3.12/site-packages/airflow/example_dags/example_latest_only.py
[2025-10-15T13:59:46.570+0000] {logging_mixin.py:188} INFO - [2025-10-15T13:59:46.569+0000] {dag.py:3096} INFO - Sync 1 DAGs
[2025-10-15T13:59:46.595+0000] {logging_mixin.py:188} INFO - [2025-10-15T13:59:46.594+0000] {dag.py:3954} INFO - Setting next_dagrun for latest_only to 2025-10-15 08:00:00+00:00, run_after=2025-10-15 12:00:00+00:00
[2025-10-15T13:59:46.612+0000] {processor.py:183} INFO - Processing /home/airflow/.local/lib/python3.12/site-packages/airflow/example_dags/example_latest_only.py took 0.099 seconds
[2025-10-15T14:00:16.789+0000] {processor.py:161} INFO - Started process (PID=551) to work on /home/airflow/.local/lib/python3.12/site-packages/airflow/example_dags/example_latest_only.py
[2025-10-15T14:00:16.790+0000] {processor.py:830} INFO - Processing file /home/airflow/.local/lib/python3.12/site-packages/airflow/example_dags/example_latest_only.py for tasks to queue
[2025-10-15T14:00:16.792+0000] {logging_mixin.py:188} INFO - [2025-10-15T14:00:16.791+0000] {dagbag.py:540} INFO - Filling up the DagBag from /home/airflow/.local/lib/python3.12/site-packages/airflow/example_dags/example_latest_only.py
[2025-10-15T14:00:16.795+0000] {processor.py:840} INFO - DAG(s) 'latest_only' retrieved from /home/airflow/.local/lib/python3.12/site-packages/airflow/example_dags/example_latest_only.py
[2025-10-15T14:00:16.811+0000] {logging_mixin.py:188} INFO - [2025-10-15T14:00:16.810+0000] {dag.py:3096} INFO - Sync 1 DAGs
[2025-10-15T14:00:16.826+0000] {logging_mixin.py:188} INFO - [2025-10-15T14:00:16.826+0000] {dag.py:3954} INFO - Setting next_dagrun for latest_only to 2025-10-15 08:00:00+00:00, run_after=2025-10-15 12:00:00+00:00
[2025-10-15T14:00:16.843+0000] {processor.py:183} INFO - Processing /home/airflow/.local/lib/python3.12/site-packages/airflow/example_dags/example_latest_only.py took 0.058 seconds
