[2025-10-15T13:55:55.815+0000] {processor.py:161} INFO - Started process (PID=70) to work on /home/airflow/.local/lib/python3.12/site-packages/airflow/example_dags/example_branch_python_dop_operator_3.py
[2025-10-15T13:55:55.817+0000] {processor.py:830} INFO - Processing file /home/airflow/.local/lib/python3.12/site-packages/airflow/example_dags/example_branch_python_dop_operator_3.py for tasks to queue
[2025-10-15T13:55:55.819+0000] {logging_mixin.py:188} INFO - [2025-10-15T13:55:55.819+0000] {dagbag.py:540} INFO - Filling up the DagBag from /home/airflow/.local/lib/python3.12/site-packages/airflow/example_dags/example_branch_python_dop_operator_3.py
[2025-10-15T13:55:55.838+0000] {processor.py:840} INFO - DAG(s) 'example_branch_dop_operator_v3' retrieved from /home/airflow/.local/lib/python3.12/site-packages/airflow/example_dags/example_branch_python_dop_operator_3.py
[2025-10-15T13:55:55.857+0000] {logging_mixin.py:188} INFO - [2025-10-15T13:55:55.856+0000] {dag.py:3096} INFO - Sync 1 DAGs
[2025-10-15T13:55:55.889+0000] {logging_mixin.py:188} INFO - [2025-10-15T13:55:55.889+0000] {dag.py:3954} INFO - Setting next_dagrun for example_branch_dop_operator_v3 to 2025-10-15 13:54:00+00:00, run_after=2025-10-15 13:55:00+00:00
[2025-10-15T13:55:55.938+0000] {processor.py:183} INFO - Processing /home/airflow/.local/lib/python3.12/site-packages/airflow/example_dags/example_branch_python_dop_operator_3.py took 0.133 seconds
[2025-10-15T13:56:26.623+0000] {processor.py:161} INFO - Started process (PID=128) to work on /home/airflow/.local/lib/python3.12/site-packages/airflow/example_dags/example_branch_python_dop_operator_3.py
[2025-10-15T13:56:26.624+0000] {processor.py:830} INFO - Processing file /home/airflow/.local/lib/python3.12/site-packages/airflow/example_dags/example_branch_python_dop_operator_3.py for tasks to queue
[2025-10-15T13:56:26.626+0000] {logging_mixin.py:188} INFO - [2025-10-15T13:56:26.626+0000] {dagbag.py:540} INFO - Filling up the DagBag from /home/airflow/.local/lib/python3.12/site-packages/airflow/example_dags/example_branch_python_dop_operator_3.py
[2025-10-15T13:56:26.637+0000] {processor.py:840} INFO - DAG(s) 'example_branch_dop_operator_v3' retrieved from /home/airflow/.local/lib/python3.12/site-packages/airflow/example_dags/example_branch_python_dop_operator_3.py
[2025-10-15T13:56:26.735+0000] {logging_mixin.py:188} INFO - [2025-10-15T13:56:26.735+0000] {dag.py:3096} INFO - Sync 1 DAGs
[2025-10-15T13:56:26.754+0000] {logging_mixin.py:188} INFO - [2025-10-15T13:56:26.754+0000] {dag.py:3954} INFO - Setting next_dagrun for example_branch_dop_operator_v3 to 2025-10-15 13:55:00+00:00, run_after=2025-10-15 13:56:00+00:00
[2025-10-15T13:56:26.769+0000] {processor.py:183} INFO - Processing /home/airflow/.local/lib/python3.12/site-packages/airflow/example_dags/example_branch_python_dop_operator_3.py took 0.155 seconds
[2025-10-15T13:57:13.284+0000] {processor.py:161} INFO - Started process (PID=186) to work on /home/airflow/.local/lib/python3.12/site-packages/airflow/example_dags/example_branch_python_dop_operator_3.py
[2025-10-15T13:57:13.284+0000] {processor.py:830} INFO - Processing file /home/airflow/.local/lib/python3.12/site-packages/airflow/example_dags/example_branch_python_dop_operator_3.py for tasks to queue
[2025-10-15T13:57:13.286+0000] {logging_mixin.py:188} INFO - [2025-10-15T13:57:13.286+0000] {dagbag.py:540} INFO - Filling up the DagBag from /home/airflow/.local/lib/python3.12/site-packages/airflow/example_dags/example_branch_python_dop_operator_3.py
[2025-10-15T13:57:13.293+0000] {processor.py:840} INFO - DAG(s) 'example_branch_dop_operator_v3' retrieved from /home/airflow/.local/lib/python3.12/site-packages/airflow/example_dags/example_branch_python_dop_operator_3.py
[2025-10-15T13:57:13.309+0000] {logging_mixin.py:188} INFO - [2025-10-15T13:57:13.309+0000] {dag.py:3096} INFO - Sync 1 DAGs
[2025-10-15T13:57:13.327+0000] {logging_mixin.py:188} INFO - [2025-10-15T13:57:13.327+0000] {dag.py:3954} INFO - Setting next_dagrun for example_branch_dop_operator_v3 to 2025-10-15 13:56:00+00:00, run_after=2025-10-15 13:57:00+00:00
[2025-10-15T13:57:13.342+0000] {processor.py:183} INFO - Processing /home/airflow/.local/lib/python3.12/site-packages/airflow/example_dags/example_branch_python_dop_operator_3.py took 0.063 seconds
[2025-10-15T13:57:43.588+0000] {processor.py:161} INFO - Started process (PID=244) to work on /home/airflow/.local/lib/python3.12/site-packages/airflow/example_dags/example_branch_python_dop_operator_3.py
[2025-10-15T13:57:43.589+0000] {processor.py:830} INFO - Processing file /home/airflow/.local/lib/python3.12/site-packages/airflow/example_dags/example_branch_python_dop_operator_3.py for tasks to queue
[2025-10-15T13:57:43.591+0000] {logging_mixin.py:188} INFO - [2025-10-15T13:57:43.591+0000] {dagbag.py:540} INFO - Filling up the DagBag from /home/airflow/.local/lib/python3.12/site-packages/airflow/example_dags/example_branch_python_dop_operator_3.py
[2025-10-15T13:57:43.597+0000] {processor.py:840} INFO - DAG(s) 'example_branch_dop_operator_v3' retrieved from /home/airflow/.local/lib/python3.12/site-packages/airflow/example_dags/example_branch_python_dop_operator_3.py
[2025-10-15T13:57:43.613+0000] {logging_mixin.py:188} INFO - [2025-10-15T13:57:43.613+0000] {dag.py:3096} INFO - Sync 1 DAGs
[2025-10-15T13:57:43.633+0000] {logging_mixin.py:188} INFO - [2025-10-15T13:57:43.633+0000] {dag.py:3954} INFO - Setting next_dagrun for example_branch_dop_operator_v3 to 2025-10-15 13:56:00+00:00, run_after=2025-10-15 13:57:00+00:00
[2025-10-15T13:57:43.647+0000] {processor.py:183} INFO - Processing /home/airflow/.local/lib/python3.12/site-packages/airflow/example_dags/example_branch_python_dop_operator_3.py took 0.063 seconds
[2025-10-15T13:58:14.250+0000] {processor.py:161} INFO - Started process (PID=302) to work on /home/airflow/.local/lib/python3.12/site-packages/airflow/example_dags/example_branch_python_dop_operator_3.py
[2025-10-15T13:58:14.251+0000] {processor.py:830} INFO - Processing file /home/airflow/.local/lib/python3.12/site-packages/airflow/example_dags/example_branch_python_dop_operator_3.py for tasks to queue
[2025-10-15T13:58:14.252+0000] {logging_mixin.py:188} INFO - [2025-10-15T13:58:14.252+0000] {dagbag.py:540} INFO - Filling up the DagBag from /home/airflow/.local/lib/python3.12/site-packages/airflow/example_dags/example_branch_python_dop_operator_3.py
[2025-10-15T13:58:14.259+0000] {processor.py:840} INFO - DAG(s) 'example_branch_dop_operator_v3' retrieved from /home/airflow/.local/lib/python3.12/site-packages/airflow/example_dags/example_branch_python_dop_operator_3.py
[2025-10-15T13:58:14.275+0000] {logging_mixin.py:188} INFO - [2025-10-15T13:58:14.275+0000] {dag.py:3096} INFO - Sync 1 DAGs
[2025-10-15T13:58:14.293+0000] {logging_mixin.py:188} INFO - [2025-10-15T13:58:14.293+0000] {dag.py:3954} INFO - Setting next_dagrun for example_branch_dop_operator_v3 to 2025-10-15 13:57:00+00:00, run_after=2025-10-15 13:58:00+00:00
[2025-10-15T13:58:14.308+0000] {processor.py:183} INFO - Processing /home/airflow/.local/lib/python3.12/site-packages/airflow/example_dags/example_branch_python_dop_operator_3.py took 0.063 seconds
[2025-10-15T13:58:44.886+0000] {processor.py:161} INFO - Started process (PID=360) to work on /home/airflow/.local/lib/python3.12/site-packages/airflow/example_dags/example_branch_python_dop_operator_3.py
[2025-10-15T13:58:44.887+0000] {processor.py:830} INFO - Processing file /home/airflow/.local/lib/python3.12/site-packages/airflow/example_dags/example_branch_python_dop_operator_3.py for tasks to queue
[2025-10-15T13:58:44.889+0000] {logging_mixin.py:188} INFO - [2025-10-15T13:58:44.889+0000] {dagbag.py:540} INFO - Filling up the DagBag from /home/airflow/.local/lib/python3.12/site-packages/airflow/example_dags/example_branch_python_dop_operator_3.py
[2025-10-15T13:58:44.896+0000] {processor.py:840} INFO - DAG(s) 'example_branch_dop_operator_v3' retrieved from /home/airflow/.local/lib/python3.12/site-packages/airflow/example_dags/example_branch_python_dop_operator_3.py
[2025-10-15T13:58:44.913+0000] {logging_mixin.py:188} INFO - [2025-10-15T13:58:44.913+0000] {dag.py:3096} INFO - Sync 1 DAGs
[2025-10-15T13:58:44.932+0000] {logging_mixin.py:188} INFO - [2025-10-15T13:58:44.932+0000] {dag.py:3954} INFO - Setting next_dagrun for example_branch_dop_operator_v3 to 2025-10-15 13:57:00+00:00, run_after=2025-10-15 13:58:00+00:00
[2025-10-15T13:58:44.948+0000] {processor.py:183} INFO - Processing /home/airflow/.local/lib/python3.12/site-packages/airflow/example_dags/example_branch_python_dop_operator_3.py took 0.066 seconds
[2025-10-15T13:59:15.294+0000] {processor.py:161} INFO - Started process (PID=418) to work on /home/airflow/.local/lib/python3.12/site-packages/airflow/example_dags/example_branch_python_dop_operator_3.py
[2025-10-15T13:59:15.295+0000] {processor.py:830} INFO - Processing file /home/airflow/.local/lib/python3.12/site-packages/airflow/example_dags/example_branch_python_dop_operator_3.py for tasks to queue
[2025-10-15T13:59:15.297+0000] {logging_mixin.py:188} INFO - [2025-10-15T13:59:15.297+0000] {dagbag.py:540} INFO - Filling up the DagBag from /home/airflow/.local/lib/python3.12/site-packages/airflow/example_dags/example_branch_python_dop_operator_3.py
[2025-10-15T13:59:15.304+0000] {processor.py:840} INFO - DAG(s) 'example_branch_dop_operator_v3' retrieved from /home/airflow/.local/lib/python3.12/site-packages/airflow/example_dags/example_branch_python_dop_operator_3.py
[2025-10-15T13:59:15.323+0000] {logging_mixin.py:188} INFO - [2025-10-15T13:59:15.323+0000] {dag.py:3096} INFO - Sync 1 DAGs
[2025-10-15T13:59:15.341+0000] {logging_mixin.py:188} INFO - [2025-10-15T13:59:15.341+0000] {dag.py:3954} INFO - Setting next_dagrun for example_branch_dop_operator_v3 to 2025-10-15 13:58:00+00:00, run_after=2025-10-15 13:59:00+00:00
[2025-10-15T13:59:15.355+0000] {processor.py:183} INFO - Processing /home/airflow/.local/lib/python3.12/site-packages/airflow/example_dags/example_branch_python_dop_operator_3.py took 0.066 seconds
[2025-10-15T13:59:45.426+0000] {processor.py:161} INFO - Started process (PID=476) to work on /home/airflow/.local/lib/python3.12/site-packages/airflow/example_dags/example_branch_python_dop_operator_3.py
[2025-10-15T13:59:45.426+0000] {processor.py:830} INFO - Processing file /home/airflow/.local/lib/python3.12/site-packages/airflow/example_dags/example_branch_python_dop_operator_3.py for tasks to queue
[2025-10-15T13:59:45.428+0000] {logging_mixin.py:188} INFO - [2025-10-15T13:59:45.428+0000] {dagbag.py:540} INFO - Filling up the DagBag from /home/airflow/.local/lib/python3.12/site-packages/airflow/example_dags/example_branch_python_dop_operator_3.py
[2025-10-15T13:59:45.435+0000] {processor.py:840} INFO - DAG(s) 'example_branch_dop_operator_v3' retrieved from /home/airflow/.local/lib/python3.12/site-packages/airflow/example_dags/example_branch_python_dop_operator_3.py
[2025-10-15T13:59:45.451+0000] {logging_mixin.py:188} INFO - [2025-10-15T13:59:45.450+0000] {dag.py:3096} INFO - Sync 1 DAGs
[2025-10-15T13:59:45.471+0000] {logging_mixin.py:188} INFO - [2025-10-15T13:59:45.471+0000] {dag.py:3954} INFO - Setting next_dagrun for example_branch_dop_operator_v3 to 2025-10-15 13:58:00+00:00, run_after=2025-10-15 13:59:00+00:00
[2025-10-15T13:59:45.487+0000] {processor.py:183} INFO - Processing /home/airflow/.local/lib/python3.12/site-packages/airflow/example_dags/example_branch_python_dop_operator_3.py took 0.066 seconds
[2025-10-15T14:00:15.646+0000] {processor.py:161} INFO - Started process (PID=533) to work on /home/airflow/.local/lib/python3.12/site-packages/airflow/example_dags/example_branch_python_dop_operator_3.py
[2025-10-15T14:00:15.646+0000] {processor.py:830} INFO - Processing file /home/airflow/.local/lib/python3.12/site-packages/airflow/example_dags/example_branch_python_dop_operator_3.py for tasks to queue
[2025-10-15T14:00:15.648+0000] {logging_mixin.py:188} INFO - [2025-10-15T14:00:15.648+0000] {dagbag.py:540} INFO - Filling up the DagBag from /home/airflow/.local/lib/python3.12/site-packages/airflow/example_dags/example_branch_python_dop_operator_3.py
[2025-10-15T14:00:15.655+0000] {processor.py:840} INFO - DAG(s) 'example_branch_dop_operator_v3' retrieved from /home/airflow/.local/lib/python3.12/site-packages/airflow/example_dags/example_branch_python_dop_operator_3.py
[2025-10-15T14:00:15.670+0000] {logging_mixin.py:188} INFO - [2025-10-15T14:00:15.670+0000] {dag.py:3096} INFO - Sync 1 DAGs
[2025-10-15T14:00:15.688+0000] {logging_mixin.py:188} INFO - [2025-10-15T14:00:15.688+0000] {dag.py:3954} INFO - Setting next_dagrun for example_branch_dop_operator_v3 to 2025-10-15 13:59:00+00:00, run_after=2025-10-15 14:00:00+00:00
[2025-10-15T14:00:15.702+0000] {processor.py:183} INFO - Processing /home/airflow/.local/lib/python3.12/site-packages/airflow/example_dags/example_branch_python_dop_operator_3.py took 0.061 seconds
