[2025-10-15T13:55:56.341+0000] {processor.py:161} INFO - Started process (PID=75) to work on /home/airflow/.local/lib/python3.12/site-packages/airflow/example_dags/example_sensors.py
[2025-10-15T13:55:56.342+0000] {processor.py:830} INFO - Processing file /home/airflow/.local/lib/python3.12/site-packages/airflow/example_dags/example_sensors.py for tasks to queue
[2025-10-15T13:55:56.344+0000] {logging_mixin.py:188} INFO - [2025-10-15T13:55:56.343+0000] {dagbag.py:540} INFO - Filling up the DagBag from /home/airflow/.local/lib/python3.12/site-packages/airflow/example_dags/example_sensors.py
[2025-10-15T13:55:56.371+0000] {processor.py:840} INFO - DAG(s) 'example_sensors' retrieved from /home/airflow/.local/lib/python3.12/site-packages/airflow/example_dags/example_sensors.py
[2025-10-15T13:55:56.396+0000] {logging_mixin.py:188} INFO - [2025-10-15T13:55:56.396+0000] {dag.py:3096} INFO - Sync 1 DAGs
[2025-10-15T13:55:56.419+0000] {logging_mixin.py:188} INFO - [2025-10-15T13:55:56.419+0000] {dag.py:3954} INFO - Setting next_dagrun for example_sensors to None, run_after=None
[2025-10-15T13:55:56.456+0000] {processor.py:183} INFO - Processing /home/airflow/.local/lib/python3.12/site-packages/airflow/example_dags/example_sensors.py took 0.122 seconds
[2025-10-15T13:56:27.029+0000] {processor.py:161} INFO - Started process (PID=133) to work on /home/airflow/.local/lib/python3.12/site-packages/airflow/example_dags/example_sensors.py
[2025-10-15T13:56:27.030+0000] {processor.py:830} INFO - Processing file /home/airflow/.local/lib/python3.12/site-packages/airflow/example_dags/example_sensors.py for tasks to queue
[2025-10-15T13:56:27.031+0000] {logging_mixin.py:188} INFO - [2025-10-15T13:56:27.031+0000] {dagbag.py:540} INFO - Filling up the DagBag from /home/airflow/.local/lib/python3.12/site-packages/airflow/example_dags/example_sensors.py
[2025-10-15T13:56:27.038+0000] {processor.py:840} INFO - DAG(s) 'example_sensors' retrieved from /home/airflow/.local/lib/python3.12/site-packages/airflow/example_dags/example_sensors.py
[2025-10-15T13:56:27.150+0000] {logging_mixin.py:188} INFO - [2025-10-15T13:56:27.150+0000] {dag.py:3096} INFO - Sync 1 DAGs
[2025-10-15T13:56:27.158+0000] {logging_mixin.py:188} INFO - [2025-10-15T13:56:27.158+0000] {dag.py:3954} INFO - Setting next_dagrun for example_sensors to None, run_after=None
[2025-10-15T13:56:27.173+0000] {processor.py:183} INFO - Processing /home/airflow/.local/lib/python3.12/site-packages/airflow/example_dags/example_sensors.py took 0.149 seconds
[2025-10-15T13:57:13.526+0000] {processor.py:161} INFO - Started process (PID=191) to work on /home/airflow/.local/lib/python3.12/site-packages/airflow/example_dags/example_sensors.py
[2025-10-15T13:57:13.527+0000] {processor.py:830} INFO - Processing file /home/airflow/.local/lib/python3.12/site-packages/airflow/example_dags/example_sensors.py for tasks to queue
[2025-10-15T13:57:13.528+0000] {logging_mixin.py:188} INFO - [2025-10-15T13:57:13.528+0000] {dagbag.py:540} INFO - Filling up the DagBag from /home/airflow/.local/lib/python3.12/site-packages/airflow/example_dags/example_sensors.py
[2025-10-15T13:57:13.536+0000] {processor.py:840} INFO - DAG(s) 'example_sensors' retrieved from /home/airflow/.local/lib/python3.12/site-packages/airflow/example_dags/example_sensors.py
[2025-10-15T13:57:13.555+0000] {logging_mixin.py:188} INFO - [2025-10-15T13:57:13.555+0000] {dag.py:3096} INFO - Sync 1 DAGs
[2025-10-15T13:57:13.565+0000] {logging_mixin.py:188} INFO - [2025-10-15T13:57:13.565+0000] {dag.py:3954} INFO - Setting next_dagrun for example_sensors to None, run_after=None
[2025-10-15T13:57:13.579+0000] {processor.py:183} INFO - Processing /home/airflow/.local/lib/python3.12/site-packages/airflow/example_dags/example_sensors.py took 0.058 seconds
[2025-10-15T13:57:43.784+0000] {processor.py:161} INFO - Started process (PID=249) to work on /home/airflow/.local/lib/python3.12/site-packages/airflow/example_dags/example_sensors.py
[2025-10-15T13:57:43.785+0000] {processor.py:830} INFO - Processing file /home/airflow/.local/lib/python3.12/site-packages/airflow/example_dags/example_sensors.py for tasks to queue
[2025-10-15T13:57:43.787+0000] {logging_mixin.py:188} INFO - [2025-10-15T13:57:43.787+0000] {dagbag.py:540} INFO - Filling up the DagBag from /home/airflow/.local/lib/python3.12/site-packages/airflow/example_dags/example_sensors.py
[2025-10-15T13:57:43.796+0000] {processor.py:840} INFO - DAG(s) 'example_sensors' retrieved from /home/airflow/.local/lib/python3.12/site-packages/airflow/example_dags/example_sensors.py
[2025-10-15T13:57:43.819+0000] {logging_mixin.py:188} INFO - [2025-10-15T13:57:43.818+0000] {dag.py:3096} INFO - Sync 1 DAGs
[2025-10-15T13:57:43.829+0000] {logging_mixin.py:188} INFO - [2025-10-15T13:57:43.829+0000] {dag.py:3954} INFO - Setting next_dagrun for example_sensors to None, run_after=None
[2025-10-15T13:57:43.844+0000] {processor.py:183} INFO - Processing /home/airflow/.local/lib/python3.12/site-packages/airflow/example_dags/example_sensors.py took 0.065 seconds
[2025-10-15T13:58:14.516+0000] {processor.py:161} INFO - Started process (PID=307) to work on /home/airflow/.local/lib/python3.12/site-packages/airflow/example_dags/example_sensors.py
[2025-10-15T13:58:14.517+0000] {processor.py:830} INFO - Processing file /home/airflow/.local/lib/python3.12/site-packages/airflow/example_dags/example_sensors.py for tasks to queue
[2025-10-15T13:58:14.518+0000] {logging_mixin.py:188} INFO - [2025-10-15T13:58:14.518+0000] {dagbag.py:540} INFO - Filling up the DagBag from /home/airflow/.local/lib/python3.12/site-packages/airflow/example_dags/example_sensors.py
[2025-10-15T13:58:14.525+0000] {processor.py:840} INFO - DAG(s) 'example_sensors' retrieved from /home/airflow/.local/lib/python3.12/site-packages/airflow/example_dags/example_sensors.py
[2025-10-15T13:58:14.544+0000] {logging_mixin.py:188} INFO - [2025-10-15T13:58:14.543+0000] {dag.py:3096} INFO - Sync 1 DAGs
[2025-10-15T13:58:14.553+0000] {logging_mixin.py:188} INFO - [2025-10-15T13:58:14.553+0000] {dag.py:3954} INFO - Setting next_dagrun for example_sensors to None, run_after=None
[2025-10-15T13:58:14.566+0000] {processor.py:183} INFO - Processing /home/airflow/.local/lib/python3.12/site-packages/airflow/example_dags/example_sensors.py took 0.055 seconds
[2025-10-15T13:58:45.129+0000] {processor.py:161} INFO - Started process (PID=365) to work on /home/airflow/.local/lib/python3.12/site-packages/airflow/example_dags/example_sensors.py
[2025-10-15T13:58:45.130+0000] {processor.py:830} INFO - Processing file /home/airflow/.local/lib/python3.12/site-packages/airflow/example_dags/example_sensors.py for tasks to queue
[2025-10-15T13:58:45.131+0000] {logging_mixin.py:188} INFO - [2025-10-15T13:58:45.131+0000] {dagbag.py:540} INFO - Filling up the DagBag from /home/airflow/.local/lib/python3.12/site-packages/airflow/example_dags/example_sensors.py
[2025-10-15T13:58:45.139+0000] {processor.py:840} INFO - DAG(s) 'example_sensors' retrieved from /home/airflow/.local/lib/python3.12/site-packages/airflow/example_dags/example_sensors.py
[2025-10-15T13:58:45.160+0000] {logging_mixin.py:188} INFO - [2025-10-15T13:58:45.159+0000] {dag.py:3096} INFO - Sync 1 DAGs
[2025-10-15T13:58:45.170+0000] {logging_mixin.py:188} INFO - [2025-10-15T13:58:45.170+0000] {dag.py:3954} INFO - Setting next_dagrun for example_sensors to None, run_after=None
[2025-10-15T13:58:45.184+0000] {processor.py:183} INFO - Processing /home/airflow/.local/lib/python3.12/site-packages/airflow/example_dags/example_sensors.py took 0.061 seconds
[2025-10-15T13:59:15.577+0000] {processor.py:161} INFO - Started process (PID=423) to work on /home/airflow/.local/lib/python3.12/site-packages/airflow/example_dags/example_sensors.py
[2025-10-15T13:59:15.578+0000] {processor.py:830} INFO - Processing file /home/airflow/.local/lib/python3.12/site-packages/airflow/example_dags/example_sensors.py for tasks to queue
[2025-10-15T13:59:15.580+0000] {logging_mixin.py:188} INFO - [2025-10-15T13:59:15.579+0000] {dagbag.py:540} INFO - Filling up the DagBag from /home/airflow/.local/lib/python3.12/site-packages/airflow/example_dags/example_sensors.py
[2025-10-15T13:59:15.586+0000] {processor.py:840} INFO - DAG(s) 'example_sensors' retrieved from /home/airflow/.local/lib/python3.12/site-packages/airflow/example_dags/example_sensors.py
[2025-10-15T13:59:15.607+0000] {logging_mixin.py:188} INFO - [2025-10-15T13:59:15.607+0000] {dag.py:3096} INFO - Sync 1 DAGs
[2025-10-15T13:59:15.617+0000] {logging_mixin.py:188} INFO - [2025-10-15T13:59:15.617+0000] {dag.py:3954} INFO - Setting next_dagrun for example_sensors to None, run_after=None
[2025-10-15T13:59:15.632+0000] {processor.py:183} INFO - Processing /home/airflow/.local/lib/python3.12/site-packages/airflow/example_dags/example_sensors.py took 0.060 seconds
[2025-10-15T13:59:45.833+0000] {processor.py:161} INFO - Started process (PID=481) to work on /home/airflow/.local/lib/python3.12/site-packages/airflow/example_dags/example_sensors.py
[2025-10-15T13:59:45.834+0000] {processor.py:830} INFO - Processing file /home/airflow/.local/lib/python3.12/site-packages/airflow/example_dags/example_sensors.py for tasks to queue
[2025-10-15T13:59:45.836+0000] {logging_mixin.py:188} INFO - [2025-10-15T13:59:45.835+0000] {dagbag.py:540} INFO - Filling up the DagBag from /home/airflow/.local/lib/python3.12/site-packages/airflow/example_dags/example_sensors.py
[2025-10-15T13:59:45.843+0000] {processor.py:840} INFO - DAG(s) 'example_sensors' retrieved from /home/airflow/.local/lib/python3.12/site-packages/airflow/example_dags/example_sensors.py
[2025-10-15T13:59:45.863+0000] {logging_mixin.py:188} INFO - [2025-10-15T13:59:45.863+0000] {dag.py:3096} INFO - Sync 1 DAGs
[2025-10-15T13:59:45.872+0000] {logging_mixin.py:188} INFO - [2025-10-15T13:59:45.872+0000] {dag.py:3954} INFO - Setting next_dagrun for example_sensors to None, run_after=None
[2025-10-15T13:59:45.886+0000] {processor.py:183} INFO - Processing /home/airflow/.local/lib/python3.12/site-packages/airflow/example_dags/example_sensors.py took 0.059 seconds
[2025-10-15T14:00:16.078+0000] {processor.py:161} INFO - Started process (PID=539) to work on /home/airflow/.local/lib/python3.12/site-packages/airflow/example_dags/example_sensors.py
[2025-10-15T14:00:16.079+0000] {processor.py:830} INFO - Processing file /home/airflow/.local/lib/python3.12/site-packages/airflow/example_dags/example_sensors.py for tasks to queue
[2025-10-15T14:00:16.081+0000] {logging_mixin.py:188} INFO - [2025-10-15T14:00:16.080+0000] {dagbag.py:540} INFO - Filling up the DagBag from /home/airflow/.local/lib/python3.12/site-packages/airflow/example_dags/example_sensors.py
[2025-10-15T14:00:16.087+0000] {processor.py:840} INFO - DAG(s) 'example_sensors' retrieved from /home/airflow/.local/lib/python3.12/site-packages/airflow/example_dags/example_sensors.py
[2025-10-15T14:00:16.105+0000] {logging_mixin.py:188} INFO - [2025-10-15T14:00:16.105+0000] {dag.py:3096} INFO - Sync 1 DAGs
[2025-10-15T14:00:16.114+0000] {logging_mixin.py:188} INFO - [2025-10-15T14:00:16.113+0000] {dag.py:3954} INFO - Setting next_dagrun for example_sensors to None, run_after=None
[2025-10-15T14:00:16.129+0000] {processor.py:183} INFO - Processing /home/airflow/.local/lib/python3.12/site-packages/airflow/example_dags/example_sensors.py took 0.055 seconds
