[2025-10-15T13:55:58.857+0000] {processor.py:161} INFO - Started process (PID=93) to work on /home/airflow/.local/lib/python3.12/site-packages/airflow/example_dags/example_external_task_marker_dag.py
[2025-10-15T13:55:58.858+0000] {processor.py:830} INFO - Processing file /home/airflow/.local/lib/python3.12/site-packages/airflow/example_dags/example_external_task_marker_dag.py for tasks to queue
[2025-10-15T13:55:58.860+0000] {logging_mixin.py:188} INFO - [2025-10-15T13:55:58.859+0000] {dagbag.py:540} INFO - Filling up the DagBag from /home/airflow/.local/lib/python3.12/site-packages/airflow/example_dags/example_external_task_marker_dag.py
[2025-10-15T13:55:58.871+0000] {processor.py:840} INFO - DAG(s) 'example_external_task_marker_child', 'example_external_task_marker_parent' retrieved from /home/airflow/.local/lib/python3.12/site-packages/airflow/example_dags/example_external_task_marker_dag.py
[2025-10-15T13:55:58.890+0000] {logging_mixin.py:188} INFO - [2025-10-15T13:55:58.890+0000] {dag.py:3096} INFO - Sync 2 DAGs
[2025-10-15T13:55:58.903+0000] {logging_mixin.py:188} INFO - [2025-10-15T13:55:58.902+0000] {dag.py:3954} INFO - Setting next_dagrun for example_external_task_marker_child to None, run_after=None
[2025-10-15T13:55:58.906+0000] {logging_mixin.py:188} INFO - [2025-10-15T13:55:58.906+0000] {dag.py:3954} INFO - Setting next_dagrun for example_external_task_marker_parent to None, run_after=None
[2025-10-15T13:55:58.967+0000] {processor.py:183} INFO - Processing /home/airflow/.local/lib/python3.12/site-packages/airflow/example_dags/example_external_task_marker_dag.py took 0.116 seconds
[2025-10-15T13:56:29.446+0000] {processor.py:161} INFO - Started process (PID=151) to work on /home/airflow/.local/lib/python3.12/site-packages/airflow/example_dags/example_external_task_marker_dag.py
[2025-10-15T13:56:29.447+0000] {processor.py:830} INFO - Processing file /home/airflow/.local/lib/python3.12/site-packages/airflow/example_dags/example_external_task_marker_dag.py for tasks to queue
[2025-10-15T13:56:29.449+0000] {logging_mixin.py:188} INFO - [2025-10-15T13:56:29.449+0000] {dagbag.py:540} INFO - Filling up the DagBag from /home/airflow/.local/lib/python3.12/site-packages/airflow/example_dags/example_external_task_marker_dag.py
[2025-10-15T13:56:29.455+0000] {processor.py:840} INFO - DAG(s) 'example_external_task_marker_parent', 'example_external_task_marker_child' retrieved from /home/airflow/.local/lib/python3.12/site-packages/airflow/example_dags/example_external_task_marker_dag.py
[2025-10-15T13:56:29.553+0000] {logging_mixin.py:188} INFO - [2025-10-15T13:56:29.553+0000] {dag.py:3096} INFO - Sync 2 DAGs
[2025-10-15T13:56:29.561+0000] {logging_mixin.py:188} INFO - [2025-10-15T13:56:29.561+0000] {dag.py:3954} INFO - Setting next_dagrun for example_external_task_marker_child to None, run_after=None
[2025-10-15T13:56:29.564+0000] {logging_mixin.py:188} INFO - [2025-10-15T13:56:29.564+0000] {dag.py:3954} INFO - Setting next_dagrun for example_external_task_marker_parent to None, run_after=None
[2025-10-15T13:56:29.578+0000] {processor.py:183} INFO - Processing /home/airflow/.local/lib/python3.12/site-packages/airflow/example_dags/example_external_task_marker_dag.py took 0.138 seconds
[2025-10-15T13:57:14.423+0000] {processor.py:161} INFO - Started process (PID=209) to work on /home/airflow/.local/lib/python3.12/site-packages/airflow/example_dags/example_external_task_marker_dag.py
[2025-10-15T13:57:14.424+0000] {processor.py:830} INFO - Processing file /home/airflow/.local/lib/python3.12/site-packages/airflow/example_dags/example_external_task_marker_dag.py for tasks to queue
[2025-10-15T13:57:14.426+0000] {logging_mixin.py:188} INFO - [2025-10-15T13:57:14.426+0000] {dagbag.py:540} INFO - Filling up the DagBag from /home/airflow/.local/lib/python3.12/site-packages/airflow/example_dags/example_external_task_marker_dag.py
[2025-10-15T13:57:14.434+0000] {processor.py:840} INFO - DAG(s) 'example_external_task_marker_child', 'example_external_task_marker_parent' retrieved from /home/airflow/.local/lib/python3.12/site-packages/airflow/example_dags/example_external_task_marker_dag.py
[2025-10-15T13:57:14.459+0000] {logging_mixin.py:188} INFO - [2025-10-15T13:57:14.459+0000] {dag.py:3096} INFO - Sync 2 DAGs
[2025-10-15T13:57:14.471+0000] {logging_mixin.py:188} INFO - [2025-10-15T13:57:14.471+0000] {dag.py:3954} INFO - Setting next_dagrun for example_external_task_marker_child to None, run_after=None
[2025-10-15T13:57:14.474+0000] {logging_mixin.py:188} INFO - [2025-10-15T13:57:14.474+0000] {dag.py:3954} INFO - Setting next_dagrun for example_external_task_marker_parent to None, run_after=None
[2025-10-15T13:57:14.488+0000] {processor.py:183} INFO - Processing /home/airflow/.local/lib/python3.12/site-packages/airflow/example_dags/example_external_task_marker_dag.py took 0.074 seconds
[2025-10-15T13:57:44.765+0000] {processor.py:161} INFO - Started process (PID=267) to work on /home/airflow/.local/lib/python3.12/site-packages/airflow/example_dags/example_external_task_marker_dag.py
[2025-10-15T13:57:44.765+0000] {processor.py:830} INFO - Processing file /home/airflow/.local/lib/python3.12/site-packages/airflow/example_dags/example_external_task_marker_dag.py for tasks to queue
[2025-10-15T13:57:44.767+0000] {logging_mixin.py:188} INFO - [2025-10-15T13:57:44.767+0000] {dagbag.py:540} INFO - Filling up the DagBag from /home/airflow/.local/lib/python3.12/site-packages/airflow/example_dags/example_external_task_marker_dag.py
[2025-10-15T13:57:44.773+0000] {processor.py:840} INFO - DAG(s) 'example_external_task_marker_parent', 'example_external_task_marker_child' retrieved from /home/airflow/.local/lib/python3.12/site-packages/airflow/example_dags/example_external_task_marker_dag.py
[2025-10-15T13:57:44.791+0000] {logging_mixin.py:188} INFO - [2025-10-15T13:57:44.791+0000] {dag.py:3096} INFO - Sync 2 DAGs
[2025-10-15T13:57:44.802+0000] {logging_mixin.py:188} INFO - [2025-10-15T13:57:44.801+0000] {dag.py:3954} INFO - Setting next_dagrun for example_external_task_marker_child to None, run_after=None
[2025-10-15T13:57:44.805+0000] {logging_mixin.py:188} INFO - [2025-10-15T13:57:44.804+0000] {dag.py:3954} INFO - Setting next_dagrun for example_external_task_marker_parent to None, run_after=None
[2025-10-15T13:57:44.819+0000] {processor.py:183} INFO - Processing /home/airflow/.local/lib/python3.12/site-packages/airflow/example_dags/example_external_task_marker_dag.py took 0.060 seconds
[2025-10-15T13:58:15.345+0000] {processor.py:161} INFO - Started process (PID=325) to work on /home/airflow/.local/lib/python3.12/site-packages/airflow/example_dags/example_external_task_marker_dag.py
[2025-10-15T13:58:15.346+0000] {processor.py:830} INFO - Processing file /home/airflow/.local/lib/python3.12/site-packages/airflow/example_dags/example_external_task_marker_dag.py for tasks to queue
[2025-10-15T13:58:15.348+0000] {logging_mixin.py:188} INFO - [2025-10-15T13:58:15.348+0000] {dagbag.py:540} INFO - Filling up the DagBag from /home/airflow/.local/lib/python3.12/site-packages/airflow/example_dags/example_external_task_marker_dag.py
[2025-10-15T13:58:15.353+0000] {processor.py:840} INFO - DAG(s) 'example_external_task_marker_parent', 'example_external_task_marker_child' retrieved from /home/airflow/.local/lib/python3.12/site-packages/airflow/example_dags/example_external_task_marker_dag.py
[2025-10-15T13:58:15.372+0000] {logging_mixin.py:188} INFO - [2025-10-15T13:58:15.372+0000] {dag.py:3096} INFO - Sync 2 DAGs
[2025-10-15T13:58:15.383+0000] {logging_mixin.py:188} INFO - [2025-10-15T13:58:15.382+0000] {dag.py:3954} INFO - Setting next_dagrun for example_external_task_marker_child to None, run_after=None
[2025-10-15T13:58:15.385+0000] {logging_mixin.py:188} INFO - [2025-10-15T13:58:15.385+0000] {dag.py:3954} INFO - Setting next_dagrun for example_external_task_marker_parent to None, run_after=None
[2025-10-15T13:58:15.398+0000] {processor.py:183} INFO - Processing /home/airflow/.local/lib/python3.12/site-packages/airflow/example_dags/example_external_task_marker_dag.py took 0.058 seconds
[2025-10-15T13:58:46.021+0000] {processor.py:161} INFO - Started process (PID=383) to work on /home/airflow/.local/lib/python3.12/site-packages/airflow/example_dags/example_external_task_marker_dag.py
[2025-10-15T13:58:46.022+0000] {processor.py:830} INFO - Processing file /home/airflow/.local/lib/python3.12/site-packages/airflow/example_dags/example_external_task_marker_dag.py for tasks to queue
[2025-10-15T13:58:46.025+0000] {logging_mixin.py:188} INFO - [2025-10-15T13:58:46.024+0000] {dagbag.py:540} INFO - Filling up the DagBag from /home/airflow/.local/lib/python3.12/site-packages/airflow/example_dags/example_external_task_marker_dag.py
[2025-10-15T13:58:46.031+0000] {processor.py:840} INFO - DAG(s) 'example_external_task_marker_parent', 'example_external_task_marker_child' retrieved from /home/airflow/.local/lib/python3.12/site-packages/airflow/example_dags/example_external_task_marker_dag.py
[2025-10-15T13:58:46.060+0000] {logging_mixin.py:188} INFO - [2025-10-15T13:58:46.059+0000] {dag.py:3096} INFO - Sync 2 DAGs
[2025-10-15T13:58:46.071+0000] {logging_mixin.py:188} INFO - [2025-10-15T13:58:46.071+0000] {dag.py:3954} INFO - Setting next_dagrun for example_external_task_marker_child to None, run_after=None
[2025-10-15T13:58:46.075+0000] {logging_mixin.py:188} INFO - [2025-10-15T13:58:46.074+0000] {dag.py:3954} INFO - Setting next_dagrun for example_external_task_marker_parent to None, run_after=None
[2025-10-15T13:58:46.087+0000] {processor.py:183} INFO - Processing /home/airflow/.local/lib/python3.12/site-packages/airflow/example_dags/example_external_task_marker_dag.py took 0.073 seconds
[2025-10-15T13:59:16.503+0000] {processor.py:161} INFO - Started process (PID=441) to work on /home/airflow/.local/lib/python3.12/site-packages/airflow/example_dags/example_external_task_marker_dag.py
[2025-10-15T13:59:16.504+0000] {processor.py:830} INFO - Processing file /home/airflow/.local/lib/python3.12/site-packages/airflow/example_dags/example_external_task_marker_dag.py for tasks to queue
[2025-10-15T13:59:16.506+0000] {logging_mixin.py:188} INFO - [2025-10-15T13:59:16.506+0000] {dagbag.py:540} INFO - Filling up the DagBag from /home/airflow/.local/lib/python3.12/site-packages/airflow/example_dags/example_external_task_marker_dag.py
[2025-10-15T13:59:16.511+0000] {processor.py:840} INFO - DAG(s) 'example_external_task_marker_parent', 'example_external_task_marker_child' retrieved from /home/airflow/.local/lib/python3.12/site-packages/airflow/example_dags/example_external_task_marker_dag.py
[2025-10-15T13:59:16.532+0000] {logging_mixin.py:188} INFO - [2025-10-15T13:59:16.532+0000] {dag.py:3096} INFO - Sync 2 DAGs
[2025-10-15T13:59:16.542+0000] {logging_mixin.py:188} INFO - [2025-10-15T13:59:16.542+0000] {dag.py:3954} INFO - Setting next_dagrun for example_external_task_marker_child to None, run_after=None
[2025-10-15T13:59:16.545+0000] {logging_mixin.py:188} INFO - [2025-10-15T13:59:16.544+0000] {dag.py:3954} INFO - Setting next_dagrun for example_external_task_marker_parent to None, run_after=None
[2025-10-15T13:59:16.559+0000] {processor.py:183} INFO - Processing /home/airflow/.local/lib/python3.12/site-packages/airflow/example_dags/example_external_task_marker_dag.py took 0.061 seconds
[2025-10-15T13:59:46.808+0000] {processor.py:161} INFO - Started process (PID=499) to work on /home/airflow/.local/lib/python3.12/site-packages/airflow/example_dags/example_external_task_marker_dag.py
[2025-10-15T13:59:46.809+0000] {processor.py:830} INFO - Processing file /home/airflow/.local/lib/python3.12/site-packages/airflow/example_dags/example_external_task_marker_dag.py for tasks to queue
[2025-10-15T13:59:46.811+0000] {logging_mixin.py:188} INFO - [2025-10-15T13:59:46.811+0000] {dagbag.py:540} INFO - Filling up the DagBag from /home/airflow/.local/lib/python3.12/site-packages/airflow/example_dags/example_external_task_marker_dag.py
[2025-10-15T13:59:46.816+0000] {processor.py:840} INFO - DAG(s) 'example_external_task_marker_parent', 'example_external_task_marker_child' retrieved from /home/airflow/.local/lib/python3.12/site-packages/airflow/example_dags/example_external_task_marker_dag.py
[2025-10-15T13:59:46.837+0000] {logging_mixin.py:188} INFO - [2025-10-15T13:59:46.836+0000] {dag.py:3096} INFO - Sync 2 DAGs
[2025-10-15T13:59:46.847+0000] {logging_mixin.py:188} INFO - [2025-10-15T13:59:46.847+0000] {dag.py:3954} INFO - Setting next_dagrun for example_external_task_marker_child to None, run_after=None
[2025-10-15T13:59:46.850+0000] {logging_mixin.py:188} INFO - [2025-10-15T13:59:46.850+0000] {dag.py:3954} INFO - Setting next_dagrun for example_external_task_marker_parent to None, run_after=None
[2025-10-15T13:59:46.866+0000] {processor.py:183} INFO - Processing /home/airflow/.local/lib/python3.12/site-packages/airflow/example_dags/example_external_task_marker_dag.py took 0.063 seconds
[2025-10-15T14:00:17.096+0000] {processor.py:161} INFO - Started process (PID=557) to work on /home/airflow/.local/lib/python3.12/site-packages/airflow/example_dags/example_external_task_marker_dag.py
[2025-10-15T14:00:17.097+0000] {processor.py:830} INFO - Processing file /home/airflow/.local/lib/python3.12/site-packages/airflow/example_dags/example_external_task_marker_dag.py for tasks to queue
[2025-10-15T14:00:17.098+0000] {logging_mixin.py:188} INFO - [2025-10-15T14:00:17.098+0000] {dagbag.py:540} INFO - Filling up the DagBag from /home/airflow/.local/lib/python3.12/site-packages/airflow/example_dags/example_external_task_marker_dag.py
[2025-10-15T14:00:17.103+0000] {processor.py:840} INFO - DAG(s) 'example_external_task_marker_parent', 'example_external_task_marker_child' retrieved from /home/airflow/.local/lib/python3.12/site-packages/airflow/example_dags/example_external_task_marker_dag.py
[2025-10-15T14:00:17.124+0000] {logging_mixin.py:188} INFO - [2025-10-15T14:00:17.123+0000] {dag.py:3096} INFO - Sync 2 DAGs
[2025-10-15T14:00:17.134+0000] {logging_mixin.py:188} INFO - [2025-10-15T14:00:17.134+0000] {dag.py:3954} INFO - Setting next_dagrun for example_external_task_marker_child to None, run_after=None
[2025-10-15T14:00:17.138+0000] {logging_mixin.py:188} INFO - [2025-10-15T14:00:17.138+0000] {dag.py:3954} INFO - Setting next_dagrun for example_external_task_marker_parent to None, run_after=None
[2025-10-15T14:00:17.156+0000] {processor.py:183} INFO - Processing /home/airflow/.local/lib/python3.12/site-packages/airflow/example_dags/example_external_task_marker_dag.py took 0.064 seconds
