[2025-10-15T13:55:54.883+0000] {processor.py:161} INFO - Started process (PID=60) to work on /home/airflow/.local/lib/python3.12/site-packages/airflow/example_dags/example_subdag_operator.py
[2025-10-15T13:55:54.885+0000] {processor.py:830} INFO - Processing file /home/airflow/.local/lib/python3.12/site-packages/airflow/example_dags/example_subdag_operator.py for tasks to queue
[2025-10-15T13:55:54.887+0000] {logging_mixin.py:188} INFO - [2025-10-15T13:55:54.886+0000] {dagbag.py:540} INFO - Filling up the DagBag from /home/airflow/.local/lib/python3.12/site-packages/airflow/example_dags/example_subdag_operator.py
[2025-10-15T13:55:54.916+0000] {processor.py:840} INFO - DAG(s) 'example_subdag_operator.section-1', 'example_subdag_operator.section-2', 'example_subdag_operator' retrieved from /home/airflow/.local/lib/python3.12/site-packages/airflow/example_dags/example_subdag_operator.py
[2025-10-15T13:55:54.921+0000] {logging_mixin.py:188} INFO - [2025-10-15T13:55:54.921+0000] {dag.py:3096} INFO - Sync 3 DAGs
[2025-10-15T13:55:54.950+0000] {logging_mixin.py:188} INFO - [2025-10-15T13:55:54.950+0000] {dag.py:3954} INFO - Setting next_dagrun for example_subdag_operator to 2022-01-01 00:00:00+00:00, run_after=2022-01-01 00:00:00+00:00
[2025-10-15T13:55:54.954+0000] {logging_mixin.py:188} INFO - [2025-10-15T13:55:54.953+0000] {dag.py:3954} INFO - Setting next_dagrun for example_subdag_operator.section-1 to None, run_after=None
[2025-10-15T13:55:54.955+0000] {logging_mixin.py:188} INFO - [2025-10-15T13:55:54.955+0000] {dag.py:3954} INFO - Setting next_dagrun for example_subdag_operator.section-2 to None, run_after=None
[2025-10-15T13:55:54.963+0000] {logging_mixin.py:188} INFO - [2025-10-15T13:55:54.963+0000] {dag.py:3096} INFO - Sync 2 DAGs
[2025-10-15T13:55:54.968+0000] {logging_mixin.py:188} INFO - [2025-10-15T13:55:54.968+0000] {dag.py:3954} INFO - Setting next_dagrun for example_subdag_operator.section-1 to None, run_after=None
[2025-10-15T13:55:54.969+0000] {logging_mixin.py:188} INFO - [2025-10-15T13:55:54.969+0000] {dag.py:3954} INFO - Setting next_dagrun for example_subdag_operator.section-2 to None, run_after=None
[2025-10-15T13:55:54.985+0000] {processor.py:183} INFO - Processing /home/airflow/.local/lib/python3.12/site-packages/airflow/example_dags/example_subdag_operator.py took 0.109 seconds
[2025-10-15T13:56:25.536+0000] {processor.py:161} INFO - Started process (PID=118) to work on /home/airflow/.local/lib/python3.12/site-packages/airflow/example_dags/example_subdag_operator.py
[2025-10-15T13:56:25.537+0000] {processor.py:830} INFO - Processing file /home/airflow/.local/lib/python3.12/site-packages/airflow/example_dags/example_subdag_operator.py for tasks to queue
[2025-10-15T13:56:25.539+0000] {logging_mixin.py:188} INFO - [2025-10-15T13:56:25.538+0000] {dagbag.py:540} INFO - Filling up the DagBag from /home/airflow/.local/lib/python3.12/site-packages/airflow/example_dags/example_subdag_operator.py
[2025-10-15T13:56:25.560+0000] {processor.py:840} INFO - DAG(s) 'example_subdag_operator.section-1', 'example_subdag_operator.section-2', 'example_subdag_operator' retrieved from /home/airflow/.local/lib/python3.12/site-packages/airflow/example_dags/example_subdag_operator.py
[2025-10-15T13:56:25.639+0000] {logging_mixin.py:188} INFO - [2025-10-15T13:56:25.638+0000] {dag.py:3096} INFO - Sync 3 DAGs
[2025-10-15T13:56:25.658+0000] {logging_mixin.py:188} INFO - [2025-10-15T13:56:25.657+0000] {dag.py:3954} INFO - Setting next_dagrun for example_subdag_operator to 2022-01-01 00:00:00+00:00, run_after=2022-01-01 00:00:00+00:00
[2025-10-15T13:56:25.661+0000] {logging_mixin.py:188} INFO - [2025-10-15T13:56:25.661+0000] {dag.py:3954} INFO - Setting next_dagrun for example_subdag_operator.section-1 to None, run_after=None
[2025-10-15T13:56:25.662+0000] {logging_mixin.py:188} INFO - [2025-10-15T13:56:25.662+0000] {dag.py:3954} INFO - Setting next_dagrun for example_subdag_operator.section-2 to None, run_after=None
[2025-10-15T13:56:25.673+0000] {logging_mixin.py:188} INFO - [2025-10-15T13:56:25.673+0000] {dag.py:3096} INFO - Sync 2 DAGs
[2025-10-15T13:56:25.677+0000] {logging_mixin.py:188} INFO - [2025-10-15T13:56:25.677+0000] {dag.py:3954} INFO - Setting next_dagrun for example_subdag_operator.section-1 to None, run_after=None
[2025-10-15T13:56:25.677+0000] {logging_mixin.py:188} INFO - [2025-10-15T13:56:25.677+0000] {dag.py:3954} INFO - Setting next_dagrun for example_subdag_operator.section-2 to None, run_after=None
[2025-10-15T13:56:25.689+0000] {processor.py:183} INFO - Processing /home/airflow/.local/lib/python3.12/site-packages/airflow/example_dags/example_subdag_operator.py took 0.158 seconds
[2025-10-15T13:57:12.602+0000] {processor.py:161} INFO - Started process (PID=170) to work on /home/airflow/.local/lib/python3.12/site-packages/airflow/example_dags/example_subdag_operator.py
[2025-10-15T13:57:12.603+0000] {processor.py:830} INFO - Processing file /home/airflow/.local/lib/python3.12/site-packages/airflow/example_dags/example_subdag_operator.py for tasks to queue
[2025-10-15T13:57:12.605+0000] {logging_mixin.py:188} INFO - [2025-10-15T13:57:12.605+0000] {dagbag.py:540} INFO - Filling up the DagBag from /home/airflow/.local/lib/python3.12/site-packages/airflow/example_dags/example_subdag_operator.py
[2025-10-15T13:57:12.627+0000] {processor.py:840} INFO - DAG(s) 'example_subdag_operator.section-1', 'example_subdag_operator.section-2', 'example_subdag_operator' retrieved from /home/airflow/.local/lib/python3.12/site-packages/airflow/example_dags/example_subdag_operator.py
[2025-10-15T13:57:12.640+0000] {logging_mixin.py:188} INFO - [2025-10-15T13:57:12.639+0000] {dag.py:3096} INFO - Sync 3 DAGs
[2025-10-15T13:57:12.658+0000] {logging_mixin.py:188} INFO - [2025-10-15T13:57:12.658+0000] {dag.py:3954} INFO - Setting next_dagrun for example_subdag_operator to 2022-01-01 00:00:00+00:00, run_after=2022-01-01 00:00:00+00:00
[2025-10-15T13:57:12.661+0000] {logging_mixin.py:188} INFO - [2025-10-15T13:57:12.661+0000] {dag.py:3954} INFO - Setting next_dagrun for example_subdag_operator.section-1 to None, run_after=None
[2025-10-15T13:57:12.662+0000] {logging_mixin.py:188} INFO - [2025-10-15T13:57:12.662+0000] {dag.py:3954} INFO - Setting next_dagrun for example_subdag_operator.section-2 to None, run_after=None
[2025-10-15T13:57:12.667+0000] {logging_mixin.py:188} INFO - [2025-10-15T13:57:12.667+0000] {dag.py:3096} INFO - Sync 2 DAGs
[2025-10-15T13:57:12.671+0000] {logging_mixin.py:188} INFO - [2025-10-15T13:57:12.671+0000] {dag.py:3954} INFO - Setting next_dagrun for example_subdag_operator.section-1 to None, run_after=None
[2025-10-15T13:57:12.672+0000] {logging_mixin.py:188} INFO - [2025-10-15T13:57:12.672+0000] {dag.py:3954} INFO - Setting next_dagrun for example_subdag_operator.section-2 to None, run_after=None
[2025-10-15T13:57:12.680+0000] {processor.py:183} INFO - Processing /home/airflow/.local/lib/python3.12/site-packages/airflow/example_dags/example_subdag_operator.py took 0.084 seconds
[2025-10-15T13:57:42.784+0000] {processor.py:161} INFO - Started process (PID=228) to work on /home/airflow/.local/lib/python3.12/site-packages/airflow/example_dags/example_subdag_operator.py
[2025-10-15T13:57:42.785+0000] {processor.py:830} INFO - Processing file /home/airflow/.local/lib/python3.12/site-packages/airflow/example_dags/example_subdag_operator.py for tasks to queue
[2025-10-15T13:57:42.786+0000] {logging_mixin.py:188} INFO - [2025-10-15T13:57:42.786+0000] {dagbag.py:540} INFO - Filling up the DagBag from /home/airflow/.local/lib/python3.12/site-packages/airflow/example_dags/example_subdag_operator.py
[2025-10-15T13:57:42.807+0000] {processor.py:840} INFO - DAG(s) 'example_subdag_operator.section-1', 'example_subdag_operator.section-2', 'example_subdag_operator' retrieved from /home/airflow/.local/lib/python3.12/site-packages/airflow/example_dags/example_subdag_operator.py
[2025-10-15T13:57:42.818+0000] {logging_mixin.py:188} INFO - [2025-10-15T13:57:42.818+0000] {dag.py:3096} INFO - Sync 3 DAGs
[2025-10-15T13:57:42.834+0000] {logging_mixin.py:188} INFO - [2025-10-15T13:57:42.834+0000] {dag.py:3954} INFO - Setting next_dagrun for example_subdag_operator to 2022-01-01 00:00:00+00:00, run_after=2022-01-01 00:00:00+00:00
[2025-10-15T13:57:42.837+0000] {logging_mixin.py:188} INFO - [2025-10-15T13:57:42.837+0000] {dag.py:3954} INFO - Setting next_dagrun for example_subdag_operator.section-1 to None, run_after=None
[2025-10-15T13:57:42.838+0000] {logging_mixin.py:188} INFO - [2025-10-15T13:57:42.838+0000] {dag.py:3954} INFO - Setting next_dagrun for example_subdag_operator.section-2 to None, run_after=None
[2025-10-15T13:57:42.843+0000] {logging_mixin.py:188} INFO - [2025-10-15T13:57:42.843+0000] {dag.py:3096} INFO - Sync 2 DAGs
[2025-10-15T13:57:42.847+0000] {logging_mixin.py:188} INFO - [2025-10-15T13:57:42.847+0000] {dag.py:3954} INFO - Setting next_dagrun for example_subdag_operator.section-1 to None, run_after=None
[2025-10-15T13:57:42.847+0000] {logging_mixin.py:188} INFO - [2025-10-15T13:57:42.847+0000] {dag.py:3954} INFO - Setting next_dagrun for example_subdag_operator.section-2 to None, run_after=None
[2025-10-15T13:57:42.855+0000] {processor.py:183} INFO - Processing /home/airflow/.local/lib/python3.12/site-packages/airflow/example_dags/example_subdag_operator.py took 0.076 seconds
[2025-10-15T13:58:13.620+0000] {processor.py:161} INFO - Started process (PID=292) to work on /home/airflow/.local/lib/python3.12/site-packages/airflow/example_dags/example_subdag_operator.py
[2025-10-15T13:58:13.621+0000] {processor.py:830} INFO - Processing file /home/airflow/.local/lib/python3.12/site-packages/airflow/example_dags/example_subdag_operator.py for tasks to queue
[2025-10-15T13:58:13.623+0000] {logging_mixin.py:188} INFO - [2025-10-15T13:58:13.622+0000] {dagbag.py:540} INFO - Filling up the DagBag from /home/airflow/.local/lib/python3.12/site-packages/airflow/example_dags/example_subdag_operator.py
[2025-10-15T13:58:13.645+0000] {processor.py:840} INFO - DAG(s) 'example_subdag_operator.section-1', 'example_subdag_operator.section-2', 'example_subdag_operator' retrieved from /home/airflow/.local/lib/python3.12/site-packages/airflow/example_dags/example_subdag_operator.py
[2025-10-15T13:58:13.660+0000] {logging_mixin.py:188} INFO - [2025-10-15T13:58:13.660+0000] {dag.py:3096} INFO - Sync 3 DAGs
[2025-10-15T13:58:13.677+0000] {logging_mixin.py:188} INFO - [2025-10-15T13:58:13.677+0000] {dag.py:3954} INFO - Setting next_dagrun for example_subdag_operator to 2022-01-01 00:00:00+00:00, run_after=2022-01-01 00:00:00+00:00
[2025-10-15T13:58:13.680+0000] {logging_mixin.py:188} INFO - [2025-10-15T13:58:13.680+0000] {dag.py:3954} INFO - Setting next_dagrun for example_subdag_operator.section-1 to None, run_after=None
[2025-10-15T13:58:13.681+0000] {logging_mixin.py:188} INFO - [2025-10-15T13:58:13.681+0000] {dag.py:3954} INFO - Setting next_dagrun for example_subdag_operator.section-2 to None, run_after=None
[2025-10-15T13:58:13.687+0000] {logging_mixin.py:188} INFO - [2025-10-15T13:58:13.686+0000] {dag.py:3096} INFO - Sync 2 DAGs
[2025-10-15T13:58:13.691+0000] {logging_mixin.py:188} INFO - [2025-10-15T13:58:13.691+0000] {dag.py:3954} INFO - Setting next_dagrun for example_subdag_operator.section-1 to None, run_after=None
[2025-10-15T13:58:13.691+0000] {logging_mixin.py:188} INFO - [2025-10-15T13:58:13.691+0000] {dag.py:3954} INFO - Setting next_dagrun for example_subdag_operator.section-2 to None, run_after=None
[2025-10-15T13:58:13.705+0000] {processor.py:183} INFO - Processing /home/airflow/.local/lib/python3.12/site-packages/airflow/example_dags/example_subdag_operator.py took 0.089 seconds
[2025-10-15T13:58:44.213+0000] {processor.py:161} INFO - Started process (PID=350) to work on /home/airflow/.local/lib/python3.12/site-packages/airflow/example_dags/example_subdag_operator.py
[2025-10-15T13:58:44.214+0000] {processor.py:830} INFO - Processing file /home/airflow/.local/lib/python3.12/site-packages/airflow/example_dags/example_subdag_operator.py for tasks to queue
[2025-10-15T13:58:44.215+0000] {logging_mixin.py:188} INFO - [2025-10-15T13:58:44.215+0000] {dagbag.py:540} INFO - Filling up the DagBag from /home/airflow/.local/lib/python3.12/site-packages/airflow/example_dags/example_subdag_operator.py
[2025-10-15T13:58:44.235+0000] {processor.py:840} INFO - DAG(s) 'example_subdag_operator.section-1', 'example_subdag_operator.section-2', 'example_subdag_operator' retrieved from /home/airflow/.local/lib/python3.12/site-packages/airflow/example_dags/example_subdag_operator.py
[2025-10-15T13:58:44.246+0000] {logging_mixin.py:188} INFO - [2025-10-15T13:58:44.246+0000] {dag.py:3096} INFO - Sync 3 DAGs
[2025-10-15T13:58:44.263+0000] {logging_mixin.py:188} INFO - [2025-10-15T13:58:44.263+0000] {dag.py:3954} INFO - Setting next_dagrun for example_subdag_operator to 2022-01-01 00:00:00+00:00, run_after=2022-01-01 00:00:00+00:00
[2025-10-15T13:58:44.266+0000] {logging_mixin.py:188} INFO - [2025-10-15T13:58:44.266+0000] {dag.py:3954} INFO - Setting next_dagrun for example_subdag_operator.section-1 to None, run_after=None
[2025-10-15T13:58:44.267+0000] {logging_mixin.py:188} INFO - [2025-10-15T13:58:44.267+0000] {dag.py:3954} INFO - Setting next_dagrun for example_subdag_operator.section-2 to None, run_after=None
[2025-10-15T13:58:44.272+0000] {logging_mixin.py:188} INFO - [2025-10-15T13:58:44.272+0000] {dag.py:3096} INFO - Sync 2 DAGs
[2025-10-15T13:58:44.276+0000] {logging_mixin.py:188} INFO - [2025-10-15T13:58:44.276+0000] {dag.py:3954} INFO - Setting next_dagrun for example_subdag_operator.section-1 to None, run_after=None
[2025-10-15T13:58:44.277+0000] {logging_mixin.py:188} INFO - [2025-10-15T13:58:44.277+0000] {dag.py:3954} INFO - Setting next_dagrun for example_subdag_operator.section-2 to None, run_after=None
[2025-10-15T13:58:44.286+0000] {processor.py:183} INFO - Processing /home/airflow/.local/lib/python3.12/site-packages/airflow/example_dags/example_subdag_operator.py took 0.077 seconds
[2025-10-15T13:59:14.496+0000] {processor.py:161} INFO - Started process (PID=408) to work on /home/airflow/.local/lib/python3.12/site-packages/airflow/example_dags/example_subdag_operator.py
[2025-10-15T13:59:14.497+0000] {processor.py:830} INFO - Processing file /home/airflow/.local/lib/python3.12/site-packages/airflow/example_dags/example_subdag_operator.py for tasks to queue
[2025-10-15T13:59:14.499+0000] {logging_mixin.py:188} INFO - [2025-10-15T13:59:14.499+0000] {dagbag.py:540} INFO - Filling up the DagBag from /home/airflow/.local/lib/python3.12/site-packages/airflow/example_dags/example_subdag_operator.py
[2025-10-15T13:59:14.528+0000] {processor.py:840} INFO - DAG(s) 'example_subdag_operator.section-1', 'example_subdag_operator.section-2', 'example_subdag_operator' retrieved from /home/airflow/.local/lib/python3.12/site-packages/airflow/example_dags/example_subdag_operator.py
[2025-10-15T13:59:14.541+0000] {logging_mixin.py:188} INFO - [2025-10-15T13:59:14.541+0000] {dag.py:3096} INFO - Sync 3 DAGs
[2025-10-15T13:59:14.560+0000] {logging_mixin.py:188} INFO - [2025-10-15T13:59:14.560+0000] {dag.py:3954} INFO - Setting next_dagrun for example_subdag_operator to 2022-01-01 00:00:00+00:00, run_after=2022-01-01 00:00:00+00:00
[2025-10-15T13:59:14.563+0000] {logging_mixin.py:188} INFO - [2025-10-15T13:59:14.563+0000] {dag.py:3954} INFO - Setting next_dagrun for example_subdag_operator.section-1 to None, run_after=None
[2025-10-15T13:59:14.564+0000] {logging_mixin.py:188} INFO - [2025-10-15T13:59:14.563+0000] {dag.py:3954} INFO - Setting next_dagrun for example_subdag_operator.section-2 to None, run_after=None
[2025-10-15T13:59:14.569+0000] {logging_mixin.py:188} INFO - [2025-10-15T13:59:14.568+0000] {dag.py:3096} INFO - Sync 2 DAGs
[2025-10-15T13:59:14.573+0000] {logging_mixin.py:188} INFO - [2025-10-15T13:59:14.573+0000] {dag.py:3954} INFO - Setting next_dagrun for example_subdag_operator.section-1 to None, run_after=None
[2025-10-15T13:59:14.573+0000] {logging_mixin.py:188} INFO - [2025-10-15T13:59:14.573+0000] {dag.py:3954} INFO - Setting next_dagrun for example_subdag_operator.section-2 to None, run_after=None
[2025-10-15T13:59:14.582+0000] {processor.py:183} INFO - Processing /home/airflow/.local/lib/python3.12/site-packages/airflow/example_dags/example_subdag_operator.py took 0.095 seconds
[2025-10-15T13:59:44.771+0000] {processor.py:161} INFO - Started process (PID=460) to work on /home/airflow/.local/lib/python3.12/site-packages/airflow/example_dags/example_subdag_operator.py
[2025-10-15T13:59:44.772+0000] {processor.py:830} INFO - Processing file /home/airflow/.local/lib/python3.12/site-packages/airflow/example_dags/example_subdag_operator.py for tasks to queue
[2025-10-15T13:59:44.774+0000] {logging_mixin.py:188} INFO - [2025-10-15T13:59:44.773+0000] {dagbag.py:540} INFO - Filling up the DagBag from /home/airflow/.local/lib/python3.12/site-packages/airflow/example_dags/example_subdag_operator.py
[2025-10-15T13:59:44.796+0000] {processor.py:840} INFO - DAG(s) 'example_subdag_operator.section-1', 'example_subdag_operator.section-2', 'example_subdag_operator' retrieved from /home/airflow/.local/lib/python3.12/site-packages/airflow/example_dags/example_subdag_operator.py
[2025-10-15T13:59:44.809+0000] {logging_mixin.py:188} INFO - [2025-10-15T13:59:44.808+0000] {dag.py:3096} INFO - Sync 3 DAGs
[2025-10-15T13:59:44.831+0000] {logging_mixin.py:188} INFO - [2025-10-15T13:59:44.831+0000] {dag.py:3954} INFO - Setting next_dagrun for example_subdag_operator to 2022-01-01 00:00:00+00:00, run_after=2022-01-01 00:00:00+00:00
[2025-10-15T13:59:44.836+0000] {logging_mixin.py:188} INFO - [2025-10-15T13:59:44.835+0000] {dag.py:3954} INFO - Setting next_dagrun for example_subdag_operator.section-1 to None, run_after=None
[2025-10-15T13:59:44.837+0000] {logging_mixin.py:188} INFO - [2025-10-15T13:59:44.837+0000] {dag.py:3954} INFO - Setting next_dagrun for example_subdag_operator.section-2 to None, run_after=None
[2025-10-15T13:59:44.843+0000] {logging_mixin.py:188} INFO - [2025-10-15T13:59:44.843+0000] {dag.py:3096} INFO - Sync 2 DAGs
[2025-10-15T13:59:44.847+0000] {logging_mixin.py:188} INFO - [2025-10-15T13:59:44.847+0000] {dag.py:3954} INFO - Setting next_dagrun for example_subdag_operator.section-1 to None, run_after=None
[2025-10-15T13:59:44.847+0000] {logging_mixin.py:188} INFO - [2025-10-15T13:59:44.847+0000] {dag.py:3954} INFO - Setting next_dagrun for example_subdag_operator.section-2 to None, run_after=None
[2025-10-15T13:59:44.857+0000] {processor.py:183} INFO - Processing /home/airflow/.local/lib/python3.12/site-packages/airflow/example_dags/example_subdag_operator.py took 0.092 seconds
[2025-10-15T14:00:15.111+0000] {processor.py:161} INFO - Started process (PID=524) to work on /home/airflow/.local/lib/python3.12/site-packages/airflow/example_dags/example_subdag_operator.py
[2025-10-15T14:00:15.112+0000] {processor.py:830} INFO - Processing file /home/airflow/.local/lib/python3.12/site-packages/airflow/example_dags/example_subdag_operator.py for tasks to queue
[2025-10-15T14:00:15.114+0000] {logging_mixin.py:188} INFO - [2025-10-15T14:00:15.113+0000] {dagbag.py:540} INFO - Filling up the DagBag from /home/airflow/.local/lib/python3.12/site-packages/airflow/example_dags/example_subdag_operator.py
[2025-10-15T14:00:15.132+0000] {processor.py:840} INFO - DAG(s) 'example_subdag_operator.section-1', 'example_subdag_operator.section-2', 'example_subdag_operator' retrieved from /home/airflow/.local/lib/python3.12/site-packages/airflow/example_dags/example_subdag_operator.py
[2025-10-15T14:00:15.143+0000] {logging_mixin.py:188} INFO - [2025-10-15T14:00:15.142+0000] {dag.py:3096} INFO - Sync 3 DAGs
[2025-10-15T14:00:15.159+0000] {logging_mixin.py:188} INFO - [2025-10-15T14:00:15.159+0000] {dag.py:3954} INFO - Setting next_dagrun for example_subdag_operator to 2022-01-01 00:00:00+00:00, run_after=2022-01-01 00:00:00+00:00
[2025-10-15T14:00:15.162+0000] {logging_mixin.py:188} INFO - [2025-10-15T14:00:15.162+0000] {dag.py:3954} INFO - Setting next_dagrun for example_subdag_operator.section-1 to None, run_after=None
[2025-10-15T14:00:15.163+0000] {logging_mixin.py:188} INFO - [2025-10-15T14:00:15.163+0000] {dag.py:3954} INFO - Setting next_dagrun for example_subdag_operator.section-2 to None, run_after=None
[2025-10-15T14:00:15.168+0000] {logging_mixin.py:188} INFO - [2025-10-15T14:00:15.168+0000] {dag.py:3096} INFO - Sync 2 DAGs
[2025-10-15T14:00:15.171+0000] {logging_mixin.py:188} INFO - [2025-10-15T14:00:15.171+0000] {dag.py:3954} INFO - Setting next_dagrun for example_subdag_operator.section-1 to None, run_after=None
[2025-10-15T14:00:15.172+0000] {logging_mixin.py:188} INFO - [2025-10-15T14:00:15.171+0000] {dag.py:3954} INFO - Setting next_dagrun for example_subdag_operator.section-2 to None, run_after=None
[2025-10-15T14:00:15.180+0000] {processor.py:183} INFO - Processing /home/airflow/.local/lib/python3.12/site-packages/airflow/example_dags/example_subdag_operator.py took 0.074 seconds
