[2025-10-15T13:55:57.844+0000] {processor.py:161} INFO - Started process (PID=82) to work on /home/airflow/.local/lib/python3.12/site-packages/airflow/example_dags/example_xcomargs.py
[2025-10-15T13:55:57.845+0000] {processor.py:830} INFO - Processing file /home/airflow/.local/lib/python3.12/site-packages/airflow/example_dags/example_xcomargs.py for tasks to queue
[2025-10-15T13:55:57.847+0000] {logging_mixin.py:188} INFO - [2025-10-15T13:55:57.846+0000] {dagbag.py:540} INFO - Filling up the DagBag from /home/airflow/.local/lib/python3.12/site-packages/airflow/example_dags/example_xcomargs.py
[2025-10-15T13:55:57.864+0000] {processor.py:840} INFO - DAG(s) 'example_xcom_args', 'example_xcom_args_with_operators' retrieved from /home/airflow/.local/lib/python3.12/site-packages/airflow/example_dags/example_xcomargs.py
[2025-10-15T13:55:57.881+0000] {logging_mixin.py:188} INFO - [2025-10-15T13:55:57.880+0000] {dag.py:3096} INFO - Sync 2 DAGs
[2025-10-15T13:55:57.907+0000] {logging_mixin.py:188} INFO - [2025-10-15T13:55:57.907+0000] {dag.py:3954} INFO - Setting next_dagrun for example_xcom_args to None, run_after=None
[2025-10-15T13:55:57.912+0000] {logging_mixin.py:188} INFO - [2025-10-15T13:55:57.912+0000] {dag.py:3954} INFO - Setting next_dagrun for example_xcom_args_with_operators to None, run_after=None
[2025-10-15T13:55:57.966+0000] {processor.py:183} INFO - Processing /home/airflow/.local/lib/python3.12/site-packages/airflow/example_dags/example_xcomargs.py took 0.127 seconds
[2025-10-15T13:56:28.627+0000] {processor.py:161} INFO - Started process (PID=140) to work on /home/airflow/.local/lib/python3.12/site-packages/airflow/example_dags/example_xcomargs.py
[2025-10-15T13:56:28.628+0000] {processor.py:830} INFO - Processing file /home/airflow/.local/lib/python3.12/site-packages/airflow/example_dags/example_xcomargs.py for tasks to queue
[2025-10-15T13:56:28.630+0000] {logging_mixin.py:188} INFO - [2025-10-15T13:56:28.629+0000] {dagbag.py:540} INFO - Filling up the DagBag from /home/airflow/.local/lib/python3.12/site-packages/airflow/example_dags/example_xcomargs.py
[2025-10-15T13:56:28.636+0000] {processor.py:840} INFO - DAG(s) 'example_xcom_args', 'example_xcom_args_with_operators' retrieved from /home/airflow/.local/lib/python3.12/site-packages/airflow/example_dags/example_xcomargs.py
[2025-10-15T13:56:28.724+0000] {logging_mixin.py:188} INFO - [2025-10-15T13:56:28.724+0000] {dag.py:3096} INFO - Sync 2 DAGs
[2025-10-15T13:56:28.733+0000] {logging_mixin.py:188} INFO - [2025-10-15T13:56:28.733+0000] {dag.py:3954} INFO - Setting next_dagrun for example_xcom_args to None, run_after=None
[2025-10-15T13:56:28.736+0000] {logging_mixin.py:188} INFO - [2025-10-15T13:56:28.735+0000] {dag.py:3954} INFO - Setting next_dagrun for example_xcom_args_with_operators to None, run_after=None
[2025-10-15T13:56:28.750+0000] {processor.py:183} INFO - Processing /home/airflow/.local/lib/python3.12/site-packages/airflow/example_dags/example_xcomargs.py took 0.127 seconds
[2025-10-15T13:57:13.883+0000] {processor.py:161} INFO - Started process (PID=198) to work on /home/airflow/.local/lib/python3.12/site-packages/airflow/example_dags/example_xcomargs.py
[2025-10-15T13:57:13.884+0000] {processor.py:830} INFO - Processing file /home/airflow/.local/lib/python3.12/site-packages/airflow/example_dags/example_xcomargs.py for tasks to queue
[2025-10-15T13:57:13.886+0000] {logging_mixin.py:188} INFO - [2025-10-15T13:57:13.885+0000] {dagbag.py:540} INFO - Filling up the DagBag from /home/airflow/.local/lib/python3.12/site-packages/airflow/example_dags/example_xcomargs.py
[2025-10-15T13:57:13.893+0000] {processor.py:840} INFO - DAG(s) 'example_xcom_args', 'example_xcom_args_with_operators' retrieved from /home/airflow/.local/lib/python3.12/site-packages/airflow/example_dags/example_xcomargs.py
[2025-10-15T13:57:13.912+0000] {logging_mixin.py:188} INFO - [2025-10-15T13:57:13.912+0000] {dag.py:3096} INFO - Sync 2 DAGs
[2025-10-15T13:57:13.922+0000] {logging_mixin.py:188} INFO - [2025-10-15T13:57:13.921+0000] {dag.py:3954} INFO - Setting next_dagrun for example_xcom_args to None, run_after=None
[2025-10-15T13:57:13.924+0000] {logging_mixin.py:188} INFO - [2025-10-15T13:57:13.924+0000] {dag.py:3954} INFO - Setting next_dagrun for example_xcom_args_with_operators to None, run_after=None
[2025-10-15T13:57:13.937+0000] {processor.py:183} INFO - Processing /home/airflow/.local/lib/python3.12/site-packages/airflow/example_dags/example_xcomargs.py took 0.059 seconds
[2025-10-15T13:57:44.105+0000] {processor.py:161} INFO - Started process (PID=256) to work on /home/airflow/.local/lib/python3.12/site-packages/airflow/example_dags/example_xcomargs.py
[2025-10-15T13:57:44.106+0000] {processor.py:830} INFO - Processing file /home/airflow/.local/lib/python3.12/site-packages/airflow/example_dags/example_xcomargs.py for tasks to queue
[2025-10-15T13:57:44.107+0000] {logging_mixin.py:188} INFO - [2025-10-15T13:57:44.107+0000] {dagbag.py:540} INFO - Filling up the DagBag from /home/airflow/.local/lib/python3.12/site-packages/airflow/example_dags/example_xcomargs.py
[2025-10-15T13:57:44.114+0000] {processor.py:840} INFO - DAG(s) 'example_xcom_args', 'example_xcom_args_with_operators' retrieved from /home/airflow/.local/lib/python3.12/site-packages/airflow/example_dags/example_xcomargs.py
[2025-10-15T13:57:44.133+0000] {logging_mixin.py:188} INFO - [2025-10-15T13:57:44.133+0000] {dag.py:3096} INFO - Sync 2 DAGs
[2025-10-15T13:57:44.143+0000] {logging_mixin.py:188} INFO - [2025-10-15T13:57:44.143+0000] {dag.py:3954} INFO - Setting next_dagrun for example_xcom_args to None, run_after=None
[2025-10-15T13:57:44.146+0000] {logging_mixin.py:188} INFO - [2025-10-15T13:57:44.146+0000] {dag.py:3954} INFO - Setting next_dagrun for example_xcom_args_with_operators to None, run_after=None
[2025-10-15T13:57:44.158+0000] {processor.py:183} INFO - Processing /home/airflow/.local/lib/python3.12/site-packages/airflow/example_dags/example_xcomargs.py took 0.058 seconds
[2025-10-15T13:58:14.835+0000] {processor.py:161} INFO - Started process (PID=314) to work on /home/airflow/.local/lib/python3.12/site-packages/airflow/example_dags/example_xcomargs.py
[2025-10-15T13:58:14.836+0000] {processor.py:830} INFO - Processing file /home/airflow/.local/lib/python3.12/site-packages/airflow/example_dags/example_xcomargs.py for tasks to queue
[2025-10-15T13:58:14.837+0000] {logging_mixin.py:188} INFO - [2025-10-15T13:58:14.837+0000] {dagbag.py:540} INFO - Filling up the DagBag from /home/airflow/.local/lib/python3.12/site-packages/airflow/example_dags/example_xcomargs.py
[2025-10-15T13:58:14.844+0000] {processor.py:840} INFO - DAG(s) 'example_xcom_args', 'example_xcom_args_with_operators' retrieved from /home/airflow/.local/lib/python3.12/site-packages/airflow/example_dags/example_xcomargs.py
[2025-10-15T13:58:14.864+0000] {logging_mixin.py:188} INFO - [2025-10-15T13:58:14.863+0000] {dag.py:3096} INFO - Sync 2 DAGs
[2025-10-15T13:58:14.874+0000] {logging_mixin.py:188} INFO - [2025-10-15T13:58:14.874+0000] {dag.py:3954} INFO - Setting next_dagrun for example_xcom_args to None, run_after=None
[2025-10-15T13:58:14.877+0000] {logging_mixin.py:188} INFO - [2025-10-15T13:58:14.876+0000] {dag.py:3954} INFO - Setting next_dagrun for example_xcom_args_with_operators to None, run_after=None
[2025-10-15T13:58:14.889+0000] {processor.py:183} INFO - Processing /home/airflow/.local/lib/python3.12/site-packages/airflow/example_dags/example_xcomargs.py took 0.059 seconds
[2025-10-15T13:58:45.421+0000] {processor.py:161} INFO - Started process (PID=372) to work on /home/airflow/.local/lib/python3.12/site-packages/airflow/example_dags/example_xcomargs.py
[2025-10-15T13:58:45.422+0000] {processor.py:830} INFO - Processing file /home/airflow/.local/lib/python3.12/site-packages/airflow/example_dags/example_xcomargs.py for tasks to queue
[2025-10-15T13:58:45.423+0000] {logging_mixin.py:188} INFO - [2025-10-15T13:58:45.423+0000] {dagbag.py:540} INFO - Filling up the DagBag from /home/airflow/.local/lib/python3.12/site-packages/airflow/example_dags/example_xcomargs.py
[2025-10-15T13:58:45.430+0000] {processor.py:840} INFO - DAG(s) 'example_xcom_args_with_operators', 'example_xcom_args' retrieved from /home/airflow/.local/lib/python3.12/site-packages/airflow/example_dags/example_xcomargs.py
[2025-10-15T13:58:45.449+0000] {logging_mixin.py:188} INFO - [2025-10-15T13:58:45.449+0000] {dag.py:3096} INFO - Sync 2 DAGs
[2025-10-15T13:58:45.459+0000] {logging_mixin.py:188} INFO - [2025-10-15T13:58:45.459+0000] {dag.py:3954} INFO - Setting next_dagrun for example_xcom_args to None, run_after=None
[2025-10-15T13:58:45.462+0000] {logging_mixin.py:188} INFO - [2025-10-15T13:58:45.462+0000] {dag.py:3954} INFO - Setting next_dagrun for example_xcom_args_with_operators to None, run_after=None
[2025-10-15T13:58:45.475+0000] {processor.py:183} INFO - Processing /home/airflow/.local/lib/python3.12/site-packages/airflow/example_dags/example_xcomargs.py took 0.059 seconds
[2025-10-15T13:59:15.867+0000] {processor.py:161} INFO - Started process (PID=430) to work on /home/airflow/.local/lib/python3.12/site-packages/airflow/example_dags/example_xcomargs.py
[2025-10-15T13:59:15.868+0000] {processor.py:830} INFO - Processing file /home/airflow/.local/lib/python3.12/site-packages/airflow/example_dags/example_xcomargs.py for tasks to queue
[2025-10-15T13:59:15.870+0000] {logging_mixin.py:188} INFO - [2025-10-15T13:59:15.869+0000] {dagbag.py:540} INFO - Filling up the DagBag from /home/airflow/.local/lib/python3.12/site-packages/airflow/example_dags/example_xcomargs.py
[2025-10-15T13:59:15.876+0000] {processor.py:840} INFO - DAG(s) 'example_xcom_args_with_operators', 'example_xcom_args' retrieved from /home/airflow/.local/lib/python3.12/site-packages/airflow/example_dags/example_xcomargs.py
[2025-10-15T13:59:15.895+0000] {logging_mixin.py:188} INFO - [2025-10-15T13:59:15.895+0000] {dag.py:3096} INFO - Sync 2 DAGs
[2025-10-15T13:59:15.905+0000] {logging_mixin.py:188} INFO - [2025-10-15T13:59:15.905+0000] {dag.py:3954} INFO - Setting next_dagrun for example_xcom_args to None, run_after=None
[2025-10-15T13:59:15.908+0000] {logging_mixin.py:188} INFO - [2025-10-15T13:59:15.907+0000] {dag.py:3954} INFO - Setting next_dagrun for example_xcom_args_with_operators to None, run_after=None
[2025-10-15T13:59:15.921+0000] {processor.py:183} INFO - Processing /home/airflow/.local/lib/python3.12/site-packages/airflow/example_dags/example_xcomargs.py took 0.059 seconds
[2025-10-15T13:59:46.219+0000] {processor.py:161} INFO - Started process (PID=488) to work on /home/airflow/.local/lib/python3.12/site-packages/airflow/example_dags/example_xcomargs.py
[2025-10-15T13:59:46.220+0000] {processor.py:830} INFO - Processing file /home/airflow/.local/lib/python3.12/site-packages/airflow/example_dags/example_xcomargs.py for tasks to queue
[2025-10-15T13:59:46.221+0000] {logging_mixin.py:188} INFO - [2025-10-15T13:59:46.221+0000] {dagbag.py:540} INFO - Filling up the DagBag from /home/airflow/.local/lib/python3.12/site-packages/airflow/example_dags/example_xcomargs.py
[2025-10-15T13:59:46.227+0000] {processor.py:840} INFO - DAG(s) 'example_xcom_args_with_operators', 'example_xcom_args' retrieved from /home/airflow/.local/lib/python3.12/site-packages/airflow/example_dags/example_xcomargs.py
[2025-10-15T13:59:46.246+0000] {logging_mixin.py:188} INFO - [2025-10-15T13:59:46.246+0000] {dag.py:3096} INFO - Sync 2 DAGs
[2025-10-15T13:59:46.256+0000] {logging_mixin.py:188} INFO - [2025-10-15T13:59:46.255+0000] {dag.py:3954} INFO - Setting next_dagrun for example_xcom_args to None, run_after=None
[2025-10-15T13:59:46.258+0000] {logging_mixin.py:188} INFO - [2025-10-15T13:59:46.258+0000] {dag.py:3954} INFO - Setting next_dagrun for example_xcom_args_with_operators to None, run_after=None
[2025-10-15T13:59:46.271+0000] {processor.py:183} INFO - Processing /home/airflow/.local/lib/python3.12/site-packages/airflow/example_dags/example_xcomargs.py took 0.057 seconds
[2025-10-15T14:00:16.474+0000] {processor.py:161} INFO - Started process (PID=546) to work on /home/airflow/.local/lib/python3.12/site-packages/airflow/example_dags/example_xcomargs.py
[2025-10-15T14:00:16.474+0000] {processor.py:830} INFO - Processing file /home/airflow/.local/lib/python3.12/site-packages/airflow/example_dags/example_xcomargs.py for tasks to queue
[2025-10-15T14:00:16.476+0000] {logging_mixin.py:188} INFO - [2025-10-15T14:00:16.476+0000] {dagbag.py:540} INFO - Filling up the DagBag from /home/airflow/.local/lib/python3.12/site-packages/airflow/example_dags/example_xcomargs.py
[2025-10-15T14:00:16.482+0000] {processor.py:840} INFO - DAG(s) 'example_xcom_args_with_operators', 'example_xcom_args' retrieved from /home/airflow/.local/lib/python3.12/site-packages/airflow/example_dags/example_xcomargs.py
[2025-10-15T14:00:16.498+0000] {logging_mixin.py:188} INFO - [2025-10-15T14:00:16.498+0000] {dag.py:3096} INFO - Sync 2 DAGs
[2025-10-15T14:00:16.507+0000] {logging_mixin.py:188} INFO - [2025-10-15T14:00:16.507+0000] {dag.py:3954} INFO - Setting next_dagrun for example_xcom_args to None, run_after=None
[2025-10-15T14:00:16.509+0000] {logging_mixin.py:188} INFO - [2025-10-15T14:00:16.509+0000] {dag.py:3954} INFO - Setting next_dagrun for example_xcom_args_with_operators to None, run_after=None
[2025-10-15T14:00:16.521+0000] {processor.py:183} INFO - Processing /home/airflow/.local/lib/python3.12/site-packages/airflow/example_dags/example_xcomargs.py took 0.052 seconds
