[2025-10-15T13:55:59.195+0000] {processor.py:161} INFO - Started process (PID=97) to work on /home/airflow/.local/lib/python3.12/site-packages/airflow/example_dags/example_task_group.py
[2025-10-15T13:55:59.196+0000] {processor.py:830} INFO - Processing file /home/airflow/.local/lib/python3.12/site-packages/airflow/example_dags/example_task_group.py for tasks to queue
[2025-10-15T13:55:59.199+0000] {logging_mixin.py:188} INFO - [2025-10-15T13:55:59.199+0000] {dagbag.py:540} INFO - Filling up the DagBag from /home/airflow/.local/lib/python3.12/site-packages/airflow/example_dags/example_task_group.py
[2025-10-15T13:55:59.249+0000] {processor.py:840} INFO - DAG(s) 'example_task_group' retrieved from /home/airflow/.local/lib/python3.12/site-packages/airflow/example_dags/example_task_group.py
[2025-10-15T13:55:59.276+0000] {logging_mixin.py:188} INFO - [2025-10-15T13:55:59.276+0000] {dag.py:3096} INFO - Sync 1 DAGs
[2025-10-15T13:55:59.299+0000] {logging_mixin.py:188} INFO - [2025-10-15T13:55:59.299+0000] {dag.py:3954} INFO - Setting next_dagrun for example_task_group to 2025-10-14 00:00:00+00:00, run_after=2025-10-15 00:00:00+00:00
[2025-10-15T13:55:59.364+0000] {processor.py:183} INFO - Processing /home/airflow/.local/lib/python3.12/site-packages/airflow/example_dags/example_task_group.py took 0.174 seconds
[2025-10-15T13:56:29.778+0000] {processor.py:161} INFO - Started process (PID=155) to work on /home/airflow/.local/lib/python3.12/site-packages/airflow/example_dags/example_task_group.py
[2025-10-15T13:56:29.780+0000] {processor.py:830} INFO - Processing file /home/airflow/.local/lib/python3.12/site-packages/airflow/example_dags/example_task_group.py for tasks to queue
[2025-10-15T13:56:29.782+0000] {logging_mixin.py:188} INFO - [2025-10-15T13:56:29.782+0000] {dagbag.py:540} INFO - Filling up the DagBag from /home/airflow/.local/lib/python3.12/site-packages/airflow/example_dags/example_task_group.py
[2025-10-15T13:56:29.790+0000] {processor.py:840} INFO - DAG(s) 'example_task_group' retrieved from /home/airflow/.local/lib/python3.12/site-packages/airflow/example_dags/example_task_group.py
[2025-10-15T13:56:29.911+0000] {logging_mixin.py:188} INFO - [2025-10-15T13:56:29.911+0000] {dag.py:3096} INFO - Sync 1 DAGs
[2025-10-15T13:56:29.939+0000] {logging_mixin.py:188} INFO - [2025-10-15T13:56:29.939+0000] {dag.py:3954} INFO - Setting next_dagrun for example_task_group to 2025-10-14 00:00:00+00:00, run_after=2025-10-15 00:00:00+00:00
[2025-10-15T13:56:29.961+0000] {processor.py:183} INFO - Processing /home/airflow/.local/lib/python3.12/site-packages/airflow/example_dags/example_task_group.py took 0.188 seconds
[2025-10-15T13:57:14.735+0000] {processor.py:161} INFO - Started process (PID=213) to work on /home/airflow/.local/lib/python3.12/site-packages/airflow/example_dags/example_task_group.py
[2025-10-15T13:57:14.736+0000] {processor.py:830} INFO - Processing file /home/airflow/.local/lib/python3.12/site-packages/airflow/example_dags/example_task_group.py for tasks to queue
[2025-10-15T13:57:14.739+0000] {logging_mixin.py:188} INFO - [2025-10-15T13:57:14.738+0000] {dagbag.py:540} INFO - Filling up the DagBag from /home/airflow/.local/lib/python3.12/site-packages/airflow/example_dags/example_task_group.py
[2025-10-15T13:57:14.746+0000] {processor.py:840} INFO - DAG(s) 'example_task_group' retrieved from /home/airflow/.local/lib/python3.12/site-packages/airflow/example_dags/example_task_group.py
[2025-10-15T13:57:14.768+0000] {logging_mixin.py:188} INFO - [2025-10-15T13:57:14.768+0000] {dag.py:3096} INFO - Sync 1 DAGs
[2025-10-15T13:57:14.785+0000] {logging_mixin.py:188} INFO - [2025-10-15T13:57:14.785+0000] {dag.py:3954} INFO - Setting next_dagrun for example_task_group to 2025-10-14 00:00:00+00:00, run_after=2025-10-15 00:00:00+00:00
[2025-10-15T13:57:14.800+0000] {processor.py:183} INFO - Processing /home/airflow/.local/lib/python3.12/site-packages/airflow/example_dags/example_task_group.py took 0.070 seconds
[2025-10-15T13:57:44.967+0000] {processor.py:161} INFO - Started process (PID=271) to work on /home/airflow/.local/lib/python3.12/site-packages/airflow/example_dags/example_task_group.py
[2025-10-15T13:57:44.968+0000] {processor.py:830} INFO - Processing file /home/airflow/.local/lib/python3.12/site-packages/airflow/example_dags/example_task_group.py for tasks to queue
[2025-10-15T13:57:44.970+0000] {logging_mixin.py:188} INFO - [2025-10-15T13:57:44.970+0000] {dagbag.py:540} INFO - Filling up the DagBag from /home/airflow/.local/lib/python3.12/site-packages/airflow/example_dags/example_task_group.py
[2025-10-15T13:57:44.976+0000] {processor.py:840} INFO - DAG(s) 'example_task_group' retrieved from /home/airflow/.local/lib/python3.12/site-packages/airflow/example_dags/example_task_group.py
[2025-10-15T13:57:44.994+0000] {logging_mixin.py:188} INFO - [2025-10-15T13:57:44.993+0000] {dag.py:3096} INFO - Sync 1 DAGs
[2025-10-15T13:57:45.009+0000] {logging_mixin.py:188} INFO - [2025-10-15T13:57:45.009+0000] {dag.py:3954} INFO - Setting next_dagrun for example_task_group to 2025-10-14 00:00:00+00:00, run_after=2025-10-15 00:00:00+00:00
[2025-10-15T13:57:45.024+0000] {processor.py:183} INFO - Processing /home/airflow/.local/lib/python3.12/site-packages/airflow/example_dags/example_task_group.py took 0.062 seconds
[2025-10-15T13:58:15.531+0000] {processor.py:161} INFO - Started process (PID=329) to work on /home/airflow/.local/lib/python3.12/site-packages/airflow/example_dags/example_task_group.py
[2025-10-15T13:58:15.532+0000] {processor.py:830} INFO - Processing file /home/airflow/.local/lib/python3.12/site-packages/airflow/example_dags/example_task_group.py for tasks to queue
[2025-10-15T13:58:15.534+0000] {logging_mixin.py:188} INFO - [2025-10-15T13:58:15.534+0000] {dagbag.py:540} INFO - Filling up the DagBag from /home/airflow/.local/lib/python3.12/site-packages/airflow/example_dags/example_task_group.py
[2025-10-15T13:58:15.541+0000] {processor.py:840} INFO - DAG(s) 'example_task_group' retrieved from /home/airflow/.local/lib/python3.12/site-packages/airflow/example_dags/example_task_group.py
[2025-10-15T13:58:15.564+0000] {logging_mixin.py:188} INFO - [2025-10-15T13:58:15.563+0000] {dag.py:3096} INFO - Sync 1 DAGs
[2025-10-15T13:58:15.585+0000] {logging_mixin.py:188} INFO - [2025-10-15T13:58:15.585+0000] {dag.py:3954} INFO - Setting next_dagrun for example_task_group to 2025-10-14 00:00:00+00:00, run_after=2025-10-15 00:00:00+00:00
[2025-10-15T13:58:15.603+0000] {processor.py:183} INFO - Processing /home/airflow/.local/lib/python3.12/site-packages/airflow/example_dags/example_task_group.py took 0.077 seconds
[2025-10-15T13:58:46.225+0000] {processor.py:161} INFO - Started process (PID=387) to work on /home/airflow/.local/lib/python3.12/site-packages/airflow/example_dags/example_task_group.py
[2025-10-15T13:58:46.225+0000] {processor.py:830} INFO - Processing file /home/airflow/.local/lib/python3.12/site-packages/airflow/example_dags/example_task_group.py for tasks to queue
[2025-10-15T13:58:46.227+0000] {logging_mixin.py:188} INFO - [2025-10-15T13:58:46.227+0000] {dagbag.py:540} INFO - Filling up the DagBag from /home/airflow/.local/lib/python3.12/site-packages/airflow/example_dags/example_task_group.py
[2025-10-15T13:58:46.233+0000] {processor.py:840} INFO - DAG(s) 'example_task_group' retrieved from /home/airflow/.local/lib/python3.12/site-packages/airflow/example_dags/example_task_group.py
[2025-10-15T13:58:46.252+0000] {logging_mixin.py:188} INFO - [2025-10-15T13:58:46.252+0000] {dag.py:3096} INFO - Sync 1 DAGs
[2025-10-15T13:58:46.269+0000] {logging_mixin.py:188} INFO - [2025-10-15T13:58:46.269+0000] {dag.py:3954} INFO - Setting next_dagrun for example_task_group to 2025-10-14 00:00:00+00:00, run_after=2025-10-15 00:00:00+00:00
[2025-10-15T13:58:46.287+0000] {processor.py:183} INFO - Processing /home/airflow/.local/lib/python3.12/site-packages/airflow/example_dags/example_task_group.py took 0.068 seconds
[2025-10-15T13:59:16.715+0000] {processor.py:161} INFO - Started process (PID=445) to work on /home/airflow/.local/lib/python3.12/site-packages/airflow/example_dags/example_task_group.py
[2025-10-15T13:59:16.716+0000] {processor.py:830} INFO - Processing file /home/airflow/.local/lib/python3.12/site-packages/airflow/example_dags/example_task_group.py for tasks to queue
[2025-10-15T13:59:16.717+0000] {logging_mixin.py:188} INFO - [2025-10-15T13:59:16.717+0000] {dagbag.py:540} INFO - Filling up the DagBag from /home/airflow/.local/lib/python3.12/site-packages/airflow/example_dags/example_task_group.py
[2025-10-15T13:59:16.725+0000] {processor.py:840} INFO - DAG(s) 'example_task_group' retrieved from /home/airflow/.local/lib/python3.12/site-packages/airflow/example_dags/example_task_group.py
[2025-10-15T13:59:16.744+0000] {logging_mixin.py:188} INFO - [2025-10-15T13:59:16.744+0000] {dag.py:3096} INFO - Sync 1 DAGs
[2025-10-15T13:59:16.763+0000] {logging_mixin.py:188} INFO - [2025-10-15T13:59:16.763+0000] {dag.py:3954} INFO - Setting next_dagrun for example_task_group to 2025-10-14 00:00:00+00:00, run_after=2025-10-15 00:00:00+00:00
[2025-10-15T13:59:16.778+0000] {processor.py:183} INFO - Processing /home/airflow/.local/lib/python3.12/site-packages/airflow/example_dags/example_task_group.py took 0.069 seconds
[2025-10-15T13:59:47.108+0000] {processor.py:161} INFO - Started process (PID=503) to work on /home/airflow/.local/lib/python3.12/site-packages/airflow/example_dags/example_task_group.py
[2025-10-15T13:59:47.109+0000] {processor.py:830} INFO - Processing file /home/airflow/.local/lib/python3.12/site-packages/airflow/example_dags/example_task_group.py for tasks to queue
[2025-10-15T13:59:47.111+0000] {logging_mixin.py:188} INFO - [2025-10-15T13:59:47.111+0000] {dagbag.py:540} INFO - Filling up the DagBag from /home/airflow/.local/lib/python3.12/site-packages/airflow/example_dags/example_task_group.py
[2025-10-15T13:59:47.117+0000] {processor.py:840} INFO - DAG(s) 'example_task_group' retrieved from /home/airflow/.local/lib/python3.12/site-packages/airflow/example_dags/example_task_group.py
[2025-10-15T13:59:47.135+0000] {logging_mixin.py:188} INFO - [2025-10-15T13:59:47.134+0000] {dag.py:3096} INFO - Sync 1 DAGs
[2025-10-15T13:59:47.151+0000] {logging_mixin.py:188} INFO - [2025-10-15T13:59:47.151+0000] {dag.py:3954} INFO - Setting next_dagrun for example_task_group to 2025-10-14 00:00:00+00:00, run_after=2025-10-15 00:00:00+00:00
[2025-10-15T13:59:47.165+0000] {processor.py:183} INFO - Processing /home/airflow/.local/lib/python3.12/site-packages/airflow/example_dags/example_task_group.py took 0.062 seconds
[2025-10-15T14:00:17.285+0000] {processor.py:161} INFO - Started process (PID=561) to work on /home/airflow/.local/lib/python3.12/site-packages/airflow/example_dags/example_task_group.py
[2025-10-15T14:00:17.286+0000] {processor.py:830} INFO - Processing file /home/airflow/.local/lib/python3.12/site-packages/airflow/example_dags/example_task_group.py for tasks to queue
[2025-10-15T14:00:17.288+0000] {logging_mixin.py:188} INFO - [2025-10-15T14:00:17.288+0000] {dagbag.py:540} INFO - Filling up the DagBag from /home/airflow/.local/lib/python3.12/site-packages/airflow/example_dags/example_task_group.py
[2025-10-15T14:00:17.294+0000] {processor.py:840} INFO - DAG(s) 'example_task_group' retrieved from /home/airflow/.local/lib/python3.12/site-packages/airflow/example_dags/example_task_group.py
[2025-10-15T14:00:17.310+0000] {logging_mixin.py:188} INFO - [2025-10-15T14:00:17.310+0000] {dag.py:3096} INFO - Sync 1 DAGs
[2025-10-15T14:00:17.324+0000] {logging_mixin.py:188} INFO - [2025-10-15T14:00:17.324+0000] {dag.py:3954} INFO - Setting next_dagrun for example_task_group to 2025-10-14 00:00:00+00:00, run_after=2025-10-15 00:00:00+00:00
[2025-10-15T14:00:17.339+0000] {processor.py:183} INFO - Processing /home/airflow/.local/lib/python3.12/site-packages/airflow/example_dags/example_task_group.py took 0.059 seconds
