[2025-10-15T13:55:58.022+0000] {processor.py:161} INFO - Started process (PID=84) to work on /home/airflow/.local/lib/python3.12/site-packages/airflow/example_dags/example_datasets.py
[2025-10-15T13:55:58.023+0000] {processor.py:830} INFO - Processing file /home/airflow/.local/lib/python3.12/site-packages/airflow/example_dags/example_datasets.py for tasks to queue
[2025-10-15T13:55:58.025+0000] {logging_mixin.py:188} INFO - [2025-10-15T13:55:58.025+0000] {dagbag.py:540} INFO - Filling up the DagBag from /home/airflow/.local/lib/python3.12/site-packages/airflow/example_dags/example_datasets.py
[2025-10-15T13:55:58.049+0000] {processor.py:840} INFO - DAG(s) 'consume_1_or_2_with_dataset_expressions', 'dataset_consumes_1_and_2', 'dataset_consumes_unknown_never_scheduled', 'conditional_dataset_and_time_based_timetable', 'dataset_produces_1', 'consume_1_or_both_2_and_3_with_dataset_expressions', 'dataset_consumes_1_never_scheduled', 'dataset_produces_2', 'consume_1_and_2_with_dataset_expressions', 'dataset_consumes_1' retrieved from /home/airflow/.local/lib/python3.12/site-packages/airflow/example_dags/example_datasets.py
[2025-10-15T13:55:58.081+0000] {logging_mixin.py:188} INFO - [2025-10-15T13:55:58.081+0000] {dag.py:3096} INFO - Sync 10 DAGs
[2025-10-15T13:55:58.134+0000] {logging_mixin.py:188} INFO - [2025-10-15T13:55:58.134+0000] {dag.py:3954} INFO - Setting next_dagrun for conditional_dataset_and_time_based_timetable to 2025-10-15 01:00:00+00:00, run_after=2025-10-15 01:00:00+00:00
[2025-10-15T13:55:58.137+0000] {logging_mixin.py:188} INFO - [2025-10-15T13:55:58.137+0000] {dag.py:3954} INFO - Setting next_dagrun for consume_1_and_2_with_dataset_expressions to None, run_after=None
[2025-10-15T13:55:58.138+0000] {logging_mixin.py:188} INFO - [2025-10-15T13:55:58.138+0000] {dag.py:3954} INFO - Setting next_dagrun for consume_1_or_2_with_dataset_expressions to None, run_after=None
[2025-10-15T13:55:58.139+0000] {logging_mixin.py:188} INFO - [2025-10-15T13:55:58.139+0000] {dag.py:3954} INFO - Setting next_dagrun for consume_1_or_both_2_and_3_with_dataset_expressions to None, run_after=None
[2025-10-15T13:55:58.140+0000] {logging_mixin.py:188} INFO - [2025-10-15T13:55:58.140+0000] {dag.py:3954} INFO - Setting next_dagrun for dataset_consumes_1 to None, run_after=None
[2025-10-15T13:55:58.141+0000] {logging_mixin.py:188} INFO - [2025-10-15T13:55:58.141+0000] {dag.py:3954} INFO - Setting next_dagrun for dataset_consumes_1_and_2 to None, run_after=None
[2025-10-15T13:55:58.142+0000] {logging_mixin.py:188} INFO - [2025-10-15T13:55:58.142+0000] {dag.py:3954} INFO - Setting next_dagrun for dataset_consumes_1_never_scheduled to None, run_after=None
[2025-10-15T13:55:58.143+0000] {logging_mixin.py:188} INFO - [2025-10-15T13:55:58.143+0000] {dag.py:3954} INFO - Setting next_dagrun for dataset_consumes_unknown_never_scheduled to None, run_after=None
[2025-10-15T13:55:58.145+0000] {logging_mixin.py:188} INFO - [2025-10-15T13:55:58.144+0000] {dag.py:3954} INFO - Setting next_dagrun for dataset_produces_1 to 2025-10-14 00:00:00+00:00, run_after=2025-10-15 00:00:00+00:00
[2025-10-15T13:55:58.145+0000] {logging_mixin.py:188} INFO - [2025-10-15T13:55:58.145+0000] {dag.py:3954} INFO - Setting next_dagrun for dataset_produces_2 to None, run_after=None
[2025-10-15T13:55:58.215+0000] {processor.py:183} INFO - Processing /home/airflow/.local/lib/python3.12/site-packages/airflow/example_dags/example_datasets.py took 0.198 seconds
[2025-10-15T13:56:28.767+0000] {processor.py:161} INFO - Started process (PID=142) to work on /home/airflow/.local/lib/python3.12/site-packages/airflow/example_dags/example_datasets.py
[2025-10-15T13:56:28.767+0000] {processor.py:830} INFO - Processing file /home/airflow/.local/lib/python3.12/site-packages/airflow/example_dags/example_datasets.py for tasks to queue
[2025-10-15T13:56:28.769+0000] {logging_mixin.py:188} INFO - [2025-10-15T13:56:28.769+0000] {dagbag.py:540} INFO - Filling up the DagBag from /home/airflow/.local/lib/python3.12/site-packages/airflow/example_dags/example_datasets.py
[2025-10-15T13:56:28.781+0000] {processor.py:840} INFO - DAG(s) 'dataset_consumes_1', 'consume_1_or_2_with_dataset_expressions', 'dataset_produces_2', 'dataset_consumes_unknown_never_scheduled', 'consume_1_and_2_with_dataset_expressions', 'dataset_consumes_1_never_scheduled', 'consume_1_or_both_2_and_3_with_dataset_expressions', 'dataset_consumes_1_and_2', 'dataset_produces_1', 'conditional_dataset_and_time_based_timetable' retrieved from /home/airflow/.local/lib/python3.12/site-packages/airflow/example_dags/example_datasets.py
[2025-10-15T13:56:28.926+0000] {logging_mixin.py:188} INFO - [2025-10-15T13:56:28.926+0000] {dag.py:3096} INFO - Sync 10 DAGs
[2025-10-15T13:56:28.941+0000] {logging_mixin.py:188} INFO - [2025-10-15T13:56:28.941+0000] {dag.py:3954} INFO - Setting next_dagrun for conditional_dataset_and_time_based_timetable to 2025-10-15 01:00:00+00:00, run_after=2025-10-15 01:00:00+00:00
[2025-10-15T13:56:28.944+0000] {logging_mixin.py:188} INFO - [2025-10-15T13:56:28.943+0000] {dag.py:3954} INFO - Setting next_dagrun for consume_1_and_2_with_dataset_expressions to None, run_after=None
[2025-10-15T13:56:28.945+0000] {logging_mixin.py:188} INFO - [2025-10-15T13:56:28.944+0000] {dag.py:3954} INFO - Setting next_dagrun for consume_1_or_2_with_dataset_expressions to None, run_after=None
[2025-10-15T13:56:28.945+0000] {logging_mixin.py:188} INFO - [2025-10-15T13:56:28.945+0000] {dag.py:3954} INFO - Setting next_dagrun for consume_1_or_both_2_and_3_with_dataset_expressions to None, run_after=None
[2025-10-15T13:56:28.946+0000] {logging_mixin.py:188} INFO - [2025-10-15T13:56:28.946+0000] {dag.py:3954} INFO - Setting next_dagrun for dataset_consumes_1 to None, run_after=None
[2025-10-15T13:56:28.947+0000] {logging_mixin.py:188} INFO - [2025-10-15T13:56:28.947+0000] {dag.py:3954} INFO - Setting next_dagrun for dataset_consumes_1_and_2 to None, run_after=None
[2025-10-15T13:56:28.948+0000] {logging_mixin.py:188} INFO - [2025-10-15T13:56:28.948+0000] {dag.py:3954} INFO - Setting next_dagrun for dataset_consumes_1_never_scheduled to None, run_after=None
[2025-10-15T13:56:28.949+0000] {logging_mixin.py:188} INFO - [2025-10-15T13:56:28.949+0000] {dag.py:3954} INFO - Setting next_dagrun for dataset_consumes_unknown_never_scheduled to None, run_after=None
[2025-10-15T13:56:28.951+0000] {logging_mixin.py:188} INFO - [2025-10-15T13:56:28.951+0000] {dag.py:3954} INFO - Setting next_dagrun for dataset_produces_1 to 2025-10-14 00:00:00+00:00, run_after=2025-10-15 00:00:00+00:00
[2025-10-15T13:56:28.952+0000] {logging_mixin.py:188} INFO - [2025-10-15T13:56:28.952+0000] {dag.py:3954} INFO - Setting next_dagrun for dataset_produces_2 to None, run_after=None
[2025-10-15T13:56:28.977+0000] {processor.py:183} INFO - Processing /home/airflow/.local/lib/python3.12/site-packages/airflow/example_dags/example_datasets.py took 0.215 seconds
[2025-10-15T13:57:13.972+0000] {processor.py:161} INFO - Started process (PID=200) to work on /home/airflow/.local/lib/python3.12/site-packages/airflow/example_dags/example_datasets.py
[2025-10-15T13:57:13.973+0000] {processor.py:830} INFO - Processing file /home/airflow/.local/lib/python3.12/site-packages/airflow/example_dags/example_datasets.py for tasks to queue
[2025-10-15T13:57:13.974+0000] {logging_mixin.py:188} INFO - [2025-10-15T13:57:13.974+0000] {dagbag.py:540} INFO - Filling up the DagBag from /home/airflow/.local/lib/python3.12/site-packages/airflow/example_dags/example_datasets.py
[2025-10-15T13:57:13.985+0000] {processor.py:840} INFO - DAG(s) 'dataset_produces_1', 'consume_1_or_both_2_and_3_with_dataset_expressions', 'conditional_dataset_and_time_based_timetable', 'consume_1_and_2_with_dataset_expressions', 'dataset_consumes_unknown_never_scheduled', 'dataset_produces_2', 'dataset_consumes_1_never_scheduled', 'dataset_consumes_1', 'dataset_consumes_1_and_2', 'consume_1_or_2_with_dataset_expressions' retrieved from /home/airflow/.local/lib/python3.12/site-packages/airflow/example_dags/example_datasets.py
[2025-10-15T13:57:14.020+0000] {logging_mixin.py:188} INFO - [2025-10-15T13:57:14.020+0000] {dag.py:3096} INFO - Sync 10 DAGs
[2025-10-15T13:57:14.038+0000] {logging_mixin.py:188} INFO - [2025-10-15T13:57:14.038+0000] {dag.py:3954} INFO - Setting next_dagrun for conditional_dataset_and_time_based_timetable to 2025-10-15 01:00:00+00:00, run_after=2025-10-15 01:00:00+00:00
[2025-10-15T13:57:14.041+0000] {logging_mixin.py:188} INFO - [2025-10-15T13:57:14.041+0000] {dag.py:3954} INFO - Setting next_dagrun for consume_1_and_2_with_dataset_expressions to None, run_after=None
[2025-10-15T13:57:14.042+0000] {logging_mixin.py:188} INFO - [2025-10-15T13:57:14.042+0000] {dag.py:3954} INFO - Setting next_dagrun for consume_1_or_2_with_dataset_expressions to None, run_after=None
[2025-10-15T13:57:14.043+0000] {logging_mixin.py:188} INFO - [2025-10-15T13:57:14.043+0000] {dag.py:3954} INFO - Setting next_dagrun for consume_1_or_both_2_and_3_with_dataset_expressions to None, run_after=None
[2025-10-15T13:57:14.044+0000] {logging_mixin.py:188} INFO - [2025-10-15T13:57:14.044+0000] {dag.py:3954} INFO - Setting next_dagrun for dataset_consumes_1 to None, run_after=None
[2025-10-15T13:57:14.045+0000] {logging_mixin.py:188} INFO - [2025-10-15T13:57:14.045+0000] {dag.py:3954} INFO - Setting next_dagrun for dataset_consumes_1_and_2 to None, run_after=None
[2025-10-15T13:57:14.046+0000] {logging_mixin.py:188} INFO - [2025-10-15T13:57:14.046+0000] {dag.py:3954} INFO - Setting next_dagrun for dataset_consumes_1_never_scheduled to None, run_after=None
[2025-10-15T13:57:14.047+0000] {logging_mixin.py:188} INFO - [2025-10-15T13:57:14.047+0000] {dag.py:3954} INFO - Setting next_dagrun for dataset_consumes_unknown_never_scheduled to None, run_after=None
[2025-10-15T13:57:14.049+0000] {logging_mixin.py:188} INFO - [2025-10-15T13:57:14.049+0000] {dag.py:3954} INFO - Setting next_dagrun for dataset_produces_1 to 2025-10-14 00:00:00+00:00, run_after=2025-10-15 00:00:00+00:00
[2025-10-15T13:57:14.050+0000] {logging_mixin.py:188} INFO - [2025-10-15T13:57:14.049+0000] {dag.py:3954} INFO - Setting next_dagrun for dataset_produces_2 to None, run_after=None
[2025-10-15T13:57:14.073+0000] {processor.py:183} INFO - Processing /home/airflow/.local/lib/python3.12/site-packages/airflow/example_dags/example_datasets.py took 0.106 seconds
[2025-10-15T13:57:44.187+0000] {processor.py:161} INFO - Started process (PID=258) to work on /home/airflow/.local/lib/python3.12/site-packages/airflow/example_dags/example_datasets.py
[2025-10-15T13:57:44.188+0000] {processor.py:830} INFO - Processing file /home/airflow/.local/lib/python3.12/site-packages/airflow/example_dags/example_datasets.py for tasks to queue
[2025-10-15T13:57:44.190+0000] {logging_mixin.py:188} INFO - [2025-10-15T13:57:44.189+0000] {dagbag.py:540} INFO - Filling up the DagBag from /home/airflow/.local/lib/python3.12/site-packages/airflow/example_dags/example_datasets.py
[2025-10-15T13:57:44.201+0000] {processor.py:840} INFO - DAG(s) 'dataset_consumes_1_never_scheduled', 'consume_1_or_both_2_and_3_with_dataset_expressions', 'consume_1_and_2_with_dataset_expressions', 'dataset_consumes_unknown_never_scheduled', 'dataset_produces_1', 'consume_1_or_2_with_dataset_expressions', 'dataset_produces_2', 'conditional_dataset_and_time_based_timetable', 'dataset_consumes_1_and_2', 'dataset_consumes_1' retrieved from /home/airflow/.local/lib/python3.12/site-packages/airflow/example_dags/example_datasets.py
[2025-10-15T13:57:44.235+0000] {logging_mixin.py:188} INFO - [2025-10-15T13:57:44.234+0000] {dag.py:3096} INFO - Sync 10 DAGs
[2025-10-15T13:57:44.253+0000] {logging_mixin.py:188} INFO - [2025-10-15T13:57:44.252+0000] {dag.py:3954} INFO - Setting next_dagrun for conditional_dataset_and_time_based_timetable to 2025-10-15 01:00:00+00:00, run_after=2025-10-15 01:00:00+00:00
[2025-10-15T13:57:44.255+0000] {logging_mixin.py:188} INFO - [2025-10-15T13:57:44.255+0000] {dag.py:3954} INFO - Setting next_dagrun for consume_1_and_2_with_dataset_expressions to None, run_after=None
[2025-10-15T13:57:44.256+0000] {logging_mixin.py:188} INFO - [2025-10-15T13:57:44.256+0000] {dag.py:3954} INFO - Setting next_dagrun for consume_1_or_2_with_dataset_expressions to None, run_after=None
[2025-10-15T13:57:44.257+0000] {logging_mixin.py:188} INFO - [2025-10-15T13:57:44.257+0000] {dag.py:3954} INFO - Setting next_dagrun for consume_1_or_both_2_and_3_with_dataset_expressions to None, run_after=None
[2025-10-15T13:57:44.258+0000] {logging_mixin.py:188} INFO - [2025-10-15T13:57:44.258+0000] {dag.py:3954} INFO - Setting next_dagrun for dataset_consumes_1 to None, run_after=None
[2025-10-15T13:57:44.259+0000] {logging_mixin.py:188} INFO - [2025-10-15T13:57:44.259+0000] {dag.py:3954} INFO - Setting next_dagrun for dataset_consumes_1_and_2 to None, run_after=None
[2025-10-15T13:57:44.260+0000] {logging_mixin.py:188} INFO - [2025-10-15T13:57:44.260+0000] {dag.py:3954} INFO - Setting next_dagrun for dataset_consumes_1_never_scheduled to None, run_after=None
[2025-10-15T13:57:44.260+0000] {logging_mixin.py:188} INFO - [2025-10-15T13:57:44.260+0000] {dag.py:3954} INFO - Setting next_dagrun for dataset_consumes_unknown_never_scheduled to None, run_after=None
[2025-10-15T13:57:44.262+0000] {logging_mixin.py:188} INFO - [2025-10-15T13:57:44.262+0000] {dag.py:3954} INFO - Setting next_dagrun for dataset_produces_1 to 2025-10-14 00:00:00+00:00, run_after=2025-10-15 00:00:00+00:00
[2025-10-15T13:57:44.263+0000] {logging_mixin.py:188} INFO - [2025-10-15T13:57:44.263+0000] {dag.py:3954} INFO - Setting next_dagrun for dataset_produces_2 to None, run_after=None
[2025-10-15T13:57:44.287+0000] {processor.py:183} INFO - Processing /home/airflow/.local/lib/python3.12/site-packages/airflow/example_dags/example_datasets.py took 0.105 seconds
[2025-10-15T13:58:14.918+0000] {processor.py:161} INFO - Started process (PID=316) to work on /home/airflow/.local/lib/python3.12/site-packages/airflow/example_dags/example_datasets.py
[2025-10-15T13:58:14.919+0000] {processor.py:830} INFO - Processing file /home/airflow/.local/lib/python3.12/site-packages/airflow/example_dags/example_datasets.py for tasks to queue
[2025-10-15T13:58:14.921+0000] {logging_mixin.py:188} INFO - [2025-10-15T13:58:14.920+0000] {dagbag.py:540} INFO - Filling up the DagBag from /home/airflow/.local/lib/python3.12/site-packages/airflow/example_dags/example_datasets.py
[2025-10-15T13:58:14.932+0000] {processor.py:840} INFO - DAG(s) 'dataset_consumes_1', 'consume_1_and_2_with_dataset_expressions', 'consume_1_or_both_2_and_3_with_dataset_expressions', 'conditional_dataset_and_time_based_timetable', 'consume_1_or_2_with_dataset_expressions', 'dataset_consumes_1_never_scheduled', 'dataset_produces_2', 'dataset_consumes_1_and_2', 'dataset_consumes_unknown_never_scheduled', 'dataset_produces_1' retrieved from /home/airflow/.local/lib/python3.12/site-packages/airflow/example_dags/example_datasets.py
[2025-10-15T13:58:14.969+0000] {logging_mixin.py:188} INFO - [2025-10-15T13:58:14.968+0000] {dag.py:3096} INFO - Sync 10 DAGs
[2025-10-15T13:58:14.995+0000] {logging_mixin.py:188} INFO - [2025-10-15T13:58:14.995+0000] {dag.py:3954} INFO - Setting next_dagrun for conditional_dataset_and_time_based_timetable to 2025-10-15 01:00:00+00:00, run_after=2025-10-15 01:00:00+00:00
[2025-10-15T13:58:15.000+0000] {logging_mixin.py:188} INFO - [2025-10-15T13:58:14.999+0000] {dag.py:3954} INFO - Setting next_dagrun for consume_1_and_2_with_dataset_expressions to None, run_after=None
[2025-10-15T13:58:15.001+0000] {logging_mixin.py:188} INFO - [2025-10-15T13:58:15.001+0000] {dag.py:3954} INFO - Setting next_dagrun for consume_1_or_2_with_dataset_expressions to None, run_after=None
[2025-10-15T13:58:15.002+0000] {logging_mixin.py:188} INFO - [2025-10-15T13:58:15.002+0000] {dag.py:3954} INFO - Setting next_dagrun for consume_1_or_both_2_and_3_with_dataset_expressions to None, run_after=None
[2025-10-15T13:58:15.003+0000] {logging_mixin.py:188} INFO - [2025-10-15T13:58:15.003+0000] {dag.py:3954} INFO - Setting next_dagrun for dataset_consumes_1 to None, run_after=None
[2025-10-15T13:58:15.004+0000] {logging_mixin.py:188} INFO - [2025-10-15T13:58:15.004+0000] {dag.py:3954} INFO - Setting next_dagrun for dataset_consumes_1_and_2 to None, run_after=None
[2025-10-15T13:58:15.005+0000] {logging_mixin.py:188} INFO - [2025-10-15T13:58:15.005+0000] {dag.py:3954} INFO - Setting next_dagrun for dataset_consumes_1_never_scheduled to None, run_after=None
[2025-10-15T13:58:15.007+0000] {logging_mixin.py:188} INFO - [2025-10-15T13:58:15.006+0000] {dag.py:3954} INFO - Setting next_dagrun for dataset_consumes_unknown_never_scheduled to None, run_after=None
[2025-10-15T13:58:15.009+0000] {logging_mixin.py:188} INFO - [2025-10-15T13:58:15.009+0000] {dag.py:3954} INFO - Setting next_dagrun for dataset_produces_1 to 2025-10-14 00:00:00+00:00, run_after=2025-10-15 00:00:00+00:00
[2025-10-15T13:58:15.010+0000] {logging_mixin.py:188} INFO - [2025-10-15T13:58:15.010+0000] {dag.py:3954} INFO - Setting next_dagrun for dataset_produces_2 to None, run_after=None
[2025-10-15T13:58:15.043+0000] {processor.py:183} INFO - Processing /home/airflow/.local/lib/python3.12/site-packages/airflow/example_dags/example_datasets.py took 0.130 seconds
[2025-10-15T13:58:45.505+0000] {processor.py:161} INFO - Started process (PID=374) to work on /home/airflow/.local/lib/python3.12/site-packages/airflow/example_dags/example_datasets.py
[2025-10-15T13:58:45.506+0000] {processor.py:830} INFO - Processing file /home/airflow/.local/lib/python3.12/site-packages/airflow/example_dags/example_datasets.py for tasks to queue
[2025-10-15T13:58:45.508+0000] {logging_mixin.py:188} INFO - [2025-10-15T13:58:45.508+0000] {dagbag.py:540} INFO - Filling up the DagBag from /home/airflow/.local/lib/python3.12/site-packages/airflow/example_dags/example_datasets.py
[2025-10-15T13:58:45.519+0000] {processor.py:840} INFO - DAG(s) 'consume_1_or_both_2_and_3_with_dataset_expressions', 'dataset_consumes_1_and_2', 'dataset_consumes_1_never_scheduled', 'consume_1_or_2_with_dataset_expressions', 'consume_1_and_2_with_dataset_expressions', 'dataset_consumes_unknown_never_scheduled', 'conditional_dataset_and_time_based_timetable', 'dataset_consumes_1', 'dataset_produces_1', 'dataset_produces_2' retrieved from /home/airflow/.local/lib/python3.12/site-packages/airflow/example_dags/example_datasets.py
[2025-10-15T13:58:45.555+0000] {logging_mixin.py:188} INFO - [2025-10-15T13:58:45.555+0000] {dag.py:3096} INFO - Sync 10 DAGs
[2025-10-15T13:58:45.576+0000] {logging_mixin.py:188} INFO - [2025-10-15T13:58:45.576+0000] {dag.py:3954} INFO - Setting next_dagrun for conditional_dataset_and_time_based_timetable to 2025-10-15 01:00:00+00:00, run_after=2025-10-15 01:00:00+00:00
[2025-10-15T13:58:45.580+0000] {logging_mixin.py:188} INFO - [2025-10-15T13:58:45.580+0000] {dag.py:3954} INFO - Setting next_dagrun for consume_1_and_2_with_dataset_expressions to None, run_after=None
[2025-10-15T13:58:45.581+0000] {logging_mixin.py:188} INFO - [2025-10-15T13:58:45.581+0000] {dag.py:3954} INFO - Setting next_dagrun for consume_1_or_2_with_dataset_expressions to None, run_after=None
[2025-10-15T13:58:45.582+0000] {logging_mixin.py:188} INFO - [2025-10-15T13:58:45.582+0000] {dag.py:3954} INFO - Setting next_dagrun for consume_1_or_both_2_and_3_with_dataset_expressions to None, run_after=None
[2025-10-15T13:58:45.583+0000] {logging_mixin.py:188} INFO - [2025-10-15T13:58:45.583+0000] {dag.py:3954} INFO - Setting next_dagrun for dataset_consumes_1 to None, run_after=None
[2025-10-15T13:58:45.585+0000] {logging_mixin.py:188} INFO - [2025-10-15T13:58:45.584+0000] {dag.py:3954} INFO - Setting next_dagrun for dataset_consumes_1_and_2 to None, run_after=None
[2025-10-15T13:58:45.586+0000] {logging_mixin.py:188} INFO - [2025-10-15T13:58:45.585+0000] {dag.py:3954} INFO - Setting next_dagrun for dataset_consumes_1_never_scheduled to None, run_after=None
[2025-10-15T13:58:45.587+0000] {logging_mixin.py:188} INFO - [2025-10-15T13:58:45.586+0000] {dag.py:3954} INFO - Setting next_dagrun for dataset_consumes_unknown_never_scheduled to None, run_after=None
[2025-10-15T13:58:45.588+0000] {logging_mixin.py:188} INFO - [2025-10-15T13:58:45.588+0000] {dag.py:3954} INFO - Setting next_dagrun for dataset_produces_1 to 2025-10-14 00:00:00+00:00, run_after=2025-10-15 00:00:00+00:00
[2025-10-15T13:58:45.589+0000] {logging_mixin.py:188} INFO - [2025-10-15T13:58:45.589+0000] {dag.py:3954} INFO - Setting next_dagrun for dataset_produces_2 to None, run_after=None
[2025-10-15T13:58:45.615+0000] {processor.py:183} INFO - Processing /home/airflow/.local/lib/python3.12/site-packages/airflow/example_dags/example_datasets.py took 0.115 seconds
[2025-10-15T13:59:15.954+0000] {processor.py:161} INFO - Started process (PID=432) to work on /home/airflow/.local/lib/python3.12/site-packages/airflow/example_dags/example_datasets.py
[2025-10-15T13:59:15.955+0000] {processor.py:830} INFO - Processing file /home/airflow/.local/lib/python3.12/site-packages/airflow/example_dags/example_datasets.py for tasks to queue
[2025-10-15T13:59:15.957+0000] {logging_mixin.py:188} INFO - [2025-10-15T13:59:15.957+0000] {dagbag.py:540} INFO - Filling up the DagBag from /home/airflow/.local/lib/python3.12/site-packages/airflow/example_dags/example_datasets.py
[2025-10-15T13:59:15.970+0000] {processor.py:840} INFO - DAG(s) 'dataset_consumes_1', 'consume_1_or_2_with_dataset_expressions', 'consume_1_or_both_2_and_3_with_dataset_expressions', 'dataset_consumes_unknown_never_scheduled', 'dataset_produces_1', 'consume_1_and_2_with_dataset_expressions', 'dataset_produces_2', 'conditional_dataset_and_time_based_timetable', 'dataset_consumes_1_never_scheduled', 'dataset_consumes_1_and_2' retrieved from /home/airflow/.local/lib/python3.12/site-packages/airflow/example_dags/example_datasets.py
[2025-10-15T13:59:16.011+0000] {logging_mixin.py:188} INFO - [2025-10-15T13:59:16.010+0000] {dag.py:3096} INFO - Sync 10 DAGs
[2025-10-15T13:59:16.034+0000] {logging_mixin.py:188} INFO - [2025-10-15T13:59:16.034+0000] {dag.py:3954} INFO - Setting next_dagrun for conditional_dataset_and_time_based_timetable to 2025-10-15 01:00:00+00:00, run_after=2025-10-15 01:00:00+00:00
[2025-10-15T13:59:16.038+0000] {logging_mixin.py:188} INFO - [2025-10-15T13:59:16.037+0000] {dag.py:3954} INFO - Setting next_dagrun for consume_1_and_2_with_dataset_expressions to None, run_after=None
[2025-10-15T13:59:16.039+0000] {logging_mixin.py:188} INFO - [2025-10-15T13:59:16.039+0000] {dag.py:3954} INFO - Setting next_dagrun for consume_1_or_2_with_dataset_expressions to None, run_after=None
[2025-10-15T13:59:16.040+0000] {logging_mixin.py:188} INFO - [2025-10-15T13:59:16.040+0000] {dag.py:3954} INFO - Setting next_dagrun for consume_1_or_both_2_and_3_with_dataset_expressions to None, run_after=None
[2025-10-15T13:59:16.041+0000] {logging_mixin.py:188} INFO - [2025-10-15T13:59:16.041+0000] {dag.py:3954} INFO - Setting next_dagrun for dataset_consumes_1 to None, run_after=None
[2025-10-15T13:59:16.042+0000] {logging_mixin.py:188} INFO - [2025-10-15T13:59:16.042+0000] {dag.py:3954} INFO - Setting next_dagrun for dataset_consumes_1_and_2 to None, run_after=None
[2025-10-15T13:59:16.043+0000] {logging_mixin.py:188} INFO - [2025-10-15T13:59:16.043+0000] {dag.py:3954} INFO - Setting next_dagrun for dataset_consumes_1_never_scheduled to None, run_after=None
[2025-10-15T13:59:16.044+0000] {logging_mixin.py:188} INFO - [2025-10-15T13:59:16.044+0000] {dag.py:3954} INFO - Setting next_dagrun for dataset_consumes_unknown_never_scheduled to None, run_after=None
[2025-10-15T13:59:16.046+0000] {logging_mixin.py:188} INFO - [2025-10-15T13:59:16.046+0000] {dag.py:3954} INFO - Setting next_dagrun for dataset_produces_1 to 2025-10-14 00:00:00+00:00, run_after=2025-10-15 00:00:00+00:00
[2025-10-15T13:59:16.047+0000] {logging_mixin.py:188} INFO - [2025-10-15T13:59:16.046+0000] {dag.py:3954} INFO - Setting next_dagrun for dataset_produces_2 to None, run_after=None
[2025-10-15T13:59:16.072+0000] {processor.py:183} INFO - Processing /home/airflow/.local/lib/python3.12/site-packages/airflow/example_dags/example_datasets.py took 0.124 seconds
[2025-10-15T13:59:46.385+0000] {processor.py:161} INFO - Started process (PID=490) to work on /home/airflow/.local/lib/python3.12/site-packages/airflow/example_dags/example_datasets.py
[2025-10-15T13:59:46.386+0000] {processor.py:830} INFO - Processing file /home/airflow/.local/lib/python3.12/site-packages/airflow/example_dags/example_datasets.py for tasks to queue
[2025-10-15T13:59:46.387+0000] {logging_mixin.py:188} INFO - [2025-10-15T13:59:46.387+0000] {dagbag.py:540} INFO - Filling up the DagBag from /home/airflow/.local/lib/python3.12/site-packages/airflow/example_dags/example_datasets.py
[2025-10-15T13:59:46.398+0000] {processor.py:840} INFO - DAG(s) 'dataset_produces_2', 'consume_1_or_2_with_dataset_expressions', 'dataset_consumes_1', 'dataset_consumes_1_never_scheduled', 'consume_1_or_both_2_and_3_with_dataset_expressions', 'dataset_consumes_unknown_never_scheduled', 'dataset_produces_1', 'dataset_consumes_1_and_2', 'consume_1_and_2_with_dataset_expressions', 'conditional_dataset_and_time_based_timetable' retrieved from /home/airflow/.local/lib/python3.12/site-packages/airflow/example_dags/example_datasets.py
[2025-10-15T13:59:46.430+0000] {logging_mixin.py:188} INFO - [2025-10-15T13:59:46.430+0000] {dag.py:3096} INFO - Sync 10 DAGs
[2025-10-15T13:59:46.448+0000] {logging_mixin.py:188} INFO - [2025-10-15T13:59:46.448+0000] {dag.py:3954} INFO - Setting next_dagrun for conditional_dataset_and_time_based_timetable to 2025-10-15 01:00:00+00:00, run_after=2025-10-15 01:00:00+00:00
[2025-10-15T13:59:46.450+0000] {logging_mixin.py:188} INFO - [2025-10-15T13:59:46.450+0000] {dag.py:3954} INFO - Setting next_dagrun for consume_1_and_2_with_dataset_expressions to None, run_after=None
[2025-10-15T13:59:46.451+0000] {logging_mixin.py:188} INFO - [2025-10-15T13:59:46.451+0000] {dag.py:3954} INFO - Setting next_dagrun for consume_1_or_2_with_dataset_expressions to None, run_after=None
[2025-10-15T13:59:46.452+0000] {logging_mixin.py:188} INFO - [2025-10-15T13:59:46.452+0000] {dag.py:3954} INFO - Setting next_dagrun for consume_1_or_both_2_and_3_with_dataset_expressions to None, run_after=None
[2025-10-15T13:59:46.453+0000] {logging_mixin.py:188} INFO - [2025-10-15T13:59:46.453+0000] {dag.py:3954} INFO - Setting next_dagrun for dataset_consumes_1 to None, run_after=None
[2025-10-15T13:59:46.454+0000] {logging_mixin.py:188} INFO - [2025-10-15T13:59:46.454+0000] {dag.py:3954} INFO - Setting next_dagrun for dataset_consumes_1_and_2 to None, run_after=None
[2025-10-15T13:59:46.455+0000] {logging_mixin.py:188} INFO - [2025-10-15T13:59:46.455+0000] {dag.py:3954} INFO - Setting next_dagrun for dataset_consumes_1_never_scheduled to None, run_after=None
[2025-10-15T13:59:46.456+0000] {logging_mixin.py:188} INFO - [2025-10-15T13:59:46.456+0000] {dag.py:3954} INFO - Setting next_dagrun for dataset_consumes_unknown_never_scheduled to None, run_after=None
[2025-10-15T13:59:46.457+0000] {logging_mixin.py:188} INFO - [2025-10-15T13:59:46.457+0000] {dag.py:3954} INFO - Setting next_dagrun for dataset_produces_1 to 2025-10-14 00:00:00+00:00, run_after=2025-10-15 00:00:00+00:00
[2025-10-15T13:59:46.458+0000] {logging_mixin.py:188} INFO - [2025-10-15T13:59:46.458+0000] {dag.py:3954} INFO - Setting next_dagrun for dataset_produces_2 to None, run_after=None
[2025-10-15T13:59:46.487+0000] {processor.py:183} INFO - Processing /home/airflow/.local/lib/python3.12/site-packages/airflow/example_dags/example_datasets.py took 0.107 seconds
[2025-10-15T14:00:16.625+0000] {processor.py:161} INFO - Started process (PID=548) to work on /home/airflow/.local/lib/python3.12/site-packages/airflow/example_dags/example_datasets.py
[2025-10-15T14:00:16.626+0000] {processor.py:830} INFO - Processing file /home/airflow/.local/lib/python3.12/site-packages/airflow/example_dags/example_datasets.py for tasks to queue
[2025-10-15T14:00:16.628+0000] {logging_mixin.py:188} INFO - [2025-10-15T14:00:16.627+0000] {dagbag.py:540} INFO - Filling up the DagBag from /home/airflow/.local/lib/python3.12/site-packages/airflow/example_dags/example_datasets.py
[2025-10-15T14:00:16.638+0000] {processor.py:840} INFO - DAG(s) 'dataset_produces_2', 'dataset_consumes_1_never_scheduled', 'dataset_consumes_1_and_2', 'dataset_produces_1', 'dataset_consumes_unknown_never_scheduled', 'conditional_dataset_and_time_based_timetable', 'consume_1_or_2_with_dataset_expressions', 'dataset_consumes_1', 'consume_1_and_2_with_dataset_expressions', 'consume_1_or_both_2_and_3_with_dataset_expressions' retrieved from /home/airflow/.local/lib/python3.12/site-packages/airflow/example_dags/example_datasets.py
[2025-10-15T14:00:16.666+0000] {logging_mixin.py:188} INFO - [2025-10-15T14:00:16.666+0000] {dag.py:3096} INFO - Sync 10 DAGs
[2025-10-15T14:00:16.682+0000] {logging_mixin.py:188} INFO - [2025-10-15T14:00:16.682+0000] {dag.py:3954} INFO - Setting next_dagrun for conditional_dataset_and_time_based_timetable to 2025-10-15 01:00:00+00:00, run_after=2025-10-15 01:00:00+00:00
[2025-10-15T14:00:16.685+0000] {logging_mixin.py:188} INFO - [2025-10-15T14:00:16.685+0000] {dag.py:3954} INFO - Setting next_dagrun for consume_1_and_2_with_dataset_expressions to None, run_after=None
[2025-10-15T14:00:16.686+0000] {logging_mixin.py:188} INFO - [2025-10-15T14:00:16.686+0000] {dag.py:3954} INFO - Setting next_dagrun for consume_1_or_2_with_dataset_expressions to None, run_after=None
[2025-10-15T14:00:16.687+0000] {logging_mixin.py:188} INFO - [2025-10-15T14:00:16.686+0000] {dag.py:3954} INFO - Setting next_dagrun for consume_1_or_both_2_and_3_with_dataset_expressions to None, run_after=None
[2025-10-15T14:00:16.687+0000] {logging_mixin.py:188} INFO - [2025-10-15T14:00:16.687+0000] {dag.py:3954} INFO - Setting next_dagrun for dataset_consumes_1 to None, run_after=None
[2025-10-15T14:00:16.688+0000] {logging_mixin.py:188} INFO - [2025-10-15T14:00:16.688+0000] {dag.py:3954} INFO - Setting next_dagrun for dataset_consumes_1_and_2 to None, run_after=None
[2025-10-15T14:00:16.689+0000] {logging_mixin.py:188} INFO - [2025-10-15T14:00:16.689+0000] {dag.py:3954} INFO - Setting next_dagrun for dataset_consumes_1_never_scheduled to None, run_after=None
[2025-10-15T14:00:16.690+0000] {logging_mixin.py:188} INFO - [2025-10-15T14:00:16.690+0000] {dag.py:3954} INFO - Setting next_dagrun for dataset_consumes_unknown_never_scheduled to None, run_after=None
[2025-10-15T14:00:16.691+0000] {logging_mixin.py:188} INFO - [2025-10-15T14:00:16.691+0000] {dag.py:3954} INFO - Setting next_dagrun for dataset_produces_1 to 2025-10-14 00:00:00+00:00, run_after=2025-10-15 00:00:00+00:00
[2025-10-15T14:00:16.692+0000] {logging_mixin.py:188} INFO - [2025-10-15T14:00:16.692+0000] {dag.py:3954} INFO - Setting next_dagrun for dataset_produces_2 to None, run_after=None
[2025-10-15T14:00:16.827+0000] {processor.py:183} INFO - Processing /home/airflow/.local/lib/python3.12/site-packages/airflow/example_dags/example_datasets.py took 0.206 seconds
