[2025-10-15T13:55:55.502+0000] {processor.py:161} INFO - Started process (PID=66) to work on /home/airflow/.local/lib/python3.12/site-packages/airflow/example_dags/example_branch_day_of_week_operator.py
[2025-10-15T13:55:55.503+0000] {processor.py:830} INFO - Processing file /home/airflow/.local/lib/python3.12/site-packages/airflow/example_dags/example_branch_day_of_week_operator.py for tasks to queue
[2025-10-15T13:55:55.506+0000] {logging_mixin.py:188} INFO - [2025-10-15T13:55:55.506+0000] {dagbag.py:540} INFO - Filling up the DagBag from /home/airflow/.local/lib/python3.12/site-packages/airflow/example_dags/example_branch_day_of_week_operator.py
[2025-10-15T13:55:55.518+0000] {processor.py:840} INFO - DAG(s) 'example_weekday_branch_operator' retrieved from /home/airflow/.local/lib/python3.12/site-packages/airflow/example_dags/example_branch_day_of_week_operator.py
[2025-10-15T13:55:55.534+0000] {logging_mixin.py:188} INFO - [2025-10-15T13:55:55.534+0000] {dag.py:3096} INFO - Sync 1 DAGs
[2025-10-15T13:55:55.565+0000] {logging_mixin.py:188} INFO - [2025-10-15T13:55:55.565+0000] {dag.py:3954} INFO - Setting next_dagrun for example_weekday_branch_operator to 2025-10-14 00:00:00+00:00, run_after=2025-10-15 00:00:00+00:00
[2025-10-15T13:55:55.590+0000] {processor.py:183} INFO - Processing /home/airflow/.local/lib/python3.12/site-packages/airflow/example_dags/example_branch_day_of_week_operator.py took 0.096 seconds
[2025-10-15T13:56:26.270+0000] {processor.py:161} INFO - Started process (PID=124) to work on /home/airflow/.local/lib/python3.12/site-packages/airflow/example_dags/example_branch_day_of_week_operator.py
[2025-10-15T13:56:26.271+0000] {processor.py:830} INFO - Processing file /home/airflow/.local/lib/python3.12/site-packages/airflow/example_dags/example_branch_day_of_week_operator.py for tasks to queue
[2025-10-15T13:56:26.273+0000] {logging_mixin.py:188} INFO - [2025-10-15T13:56:26.272+0000] {dagbag.py:540} INFO - Filling up the DagBag from /home/airflow/.local/lib/python3.12/site-packages/airflow/example_dags/example_branch_day_of_week_operator.py
[2025-10-15T13:56:26.279+0000] {processor.py:840} INFO - DAG(s) 'example_weekday_branch_operator' retrieved from /home/airflow/.local/lib/python3.12/site-packages/airflow/example_dags/example_branch_day_of_week_operator.py
[2025-10-15T13:56:26.363+0000] {logging_mixin.py:188} INFO - [2025-10-15T13:56:26.363+0000] {dag.py:3096} INFO - Sync 1 DAGs
[2025-10-15T13:56:26.379+0000] {logging_mixin.py:188} INFO - [2025-10-15T13:56:26.378+0000] {dag.py:3954} INFO - Setting next_dagrun for example_weekday_branch_operator to 2025-10-14 00:00:00+00:00, run_after=2025-10-15 00:00:00+00:00
[2025-10-15T13:56:26.395+0000] {processor.py:183} INFO - Processing /home/airflow/.local/lib/python3.12/site-packages/airflow/example_dags/example_branch_day_of_week_operator.py took 0.130 seconds
[2025-10-15T13:57:13.081+0000] {processor.py:161} INFO - Started process (PID=182) to work on /home/airflow/.local/lib/python3.12/site-packages/airflow/example_dags/example_branch_day_of_week_operator.py
[2025-10-15T13:57:13.081+0000] {processor.py:830} INFO - Processing file /home/airflow/.local/lib/python3.12/site-packages/airflow/example_dags/example_branch_day_of_week_operator.py for tasks to queue
[2025-10-15T13:57:13.083+0000] {logging_mixin.py:188} INFO - [2025-10-15T13:57:13.083+0000] {dagbag.py:540} INFO - Filling up the DagBag from /home/airflow/.local/lib/python3.12/site-packages/airflow/example_dags/example_branch_day_of_week_operator.py
[2025-10-15T13:57:13.091+0000] {processor.py:840} INFO - DAG(s) 'example_weekday_branch_operator' retrieved from /home/airflow/.local/lib/python3.12/site-packages/airflow/example_dags/example_branch_day_of_week_operator.py
[2025-10-15T13:57:13.113+0000] {logging_mixin.py:188} INFO - [2025-10-15T13:57:13.113+0000] {dag.py:3096} INFO - Sync 1 DAGs
[2025-10-15T13:57:13.132+0000] {logging_mixin.py:188} INFO - [2025-10-15T13:57:13.131+0000] {dag.py:3954} INFO - Setting next_dagrun for example_weekday_branch_operator to 2025-10-14 00:00:00+00:00, run_after=2025-10-15 00:00:00+00:00
[2025-10-15T13:57:13.147+0000] {processor.py:183} INFO - Processing /home/airflow/.local/lib/python3.12/site-packages/airflow/example_dags/example_branch_day_of_week_operator.py took 0.073 seconds
[2025-10-15T13:57:43.235+0000] {processor.py:161} INFO - Started process (PID=240) to work on /home/airflow/.local/lib/python3.12/site-packages/airflow/example_dags/example_branch_day_of_week_operator.py
[2025-10-15T13:57:43.235+0000] {processor.py:830} INFO - Processing file /home/airflow/.local/lib/python3.12/site-packages/airflow/example_dags/example_branch_day_of_week_operator.py for tasks to queue
[2025-10-15T13:57:43.237+0000] {logging_mixin.py:188} INFO - [2025-10-15T13:57:43.237+0000] {dagbag.py:540} INFO - Filling up the DagBag from /home/airflow/.local/lib/python3.12/site-packages/airflow/example_dags/example_branch_day_of_week_operator.py
[2025-10-15T13:57:43.243+0000] {processor.py:840} INFO - DAG(s) 'example_weekday_branch_operator' retrieved from /home/airflow/.local/lib/python3.12/site-packages/airflow/example_dags/example_branch_day_of_week_operator.py
[2025-10-15T13:57:43.261+0000] {logging_mixin.py:188} INFO - [2025-10-15T13:57:43.260+0000] {dag.py:3096} INFO - Sync 1 DAGs
[2025-10-15T13:57:43.277+0000] {logging_mixin.py:188} INFO - [2025-10-15T13:57:43.277+0000] {dag.py:3954} INFO - Setting next_dagrun for example_weekday_branch_operator to 2025-10-14 00:00:00+00:00, run_after=2025-10-15 00:00:00+00:00
[2025-10-15T13:57:43.292+0000] {processor.py:183} INFO - Processing /home/airflow/.local/lib/python3.12/site-packages/airflow/example_dags/example_branch_day_of_week_operator.py took 0.062 seconds
[2025-10-15T13:58:14.072+0000] {processor.py:161} INFO - Started process (PID=298) to work on /home/airflow/.local/lib/python3.12/site-packages/airflow/example_dags/example_branch_day_of_week_operator.py
[2025-10-15T13:58:14.073+0000] {processor.py:830} INFO - Processing file /home/airflow/.local/lib/python3.12/site-packages/airflow/example_dags/example_branch_day_of_week_operator.py for tasks to queue
[2025-10-15T13:58:14.075+0000] {logging_mixin.py:188} INFO - [2025-10-15T13:58:14.075+0000] {dagbag.py:540} INFO - Filling up the DagBag from /home/airflow/.local/lib/python3.12/site-packages/airflow/example_dags/example_branch_day_of_week_operator.py
[2025-10-15T13:58:14.081+0000] {processor.py:840} INFO - DAG(s) 'example_weekday_branch_operator' retrieved from /home/airflow/.local/lib/python3.12/site-packages/airflow/example_dags/example_branch_day_of_week_operator.py
[2025-10-15T13:58:14.098+0000] {logging_mixin.py:188} INFO - [2025-10-15T13:58:14.098+0000] {dag.py:3096} INFO - Sync 1 DAGs
[2025-10-15T13:58:14.114+0000] {logging_mixin.py:188} INFO - [2025-10-15T13:58:14.114+0000] {dag.py:3954} INFO - Setting next_dagrun for example_weekday_branch_operator to 2025-10-14 00:00:00+00:00, run_after=2025-10-15 00:00:00+00:00
[2025-10-15T13:58:14.128+0000] {processor.py:183} INFO - Processing /home/airflow/.local/lib/python3.12/site-packages/airflow/example_dags/example_branch_day_of_week_operator.py took 0.060 seconds
[2025-10-15T13:58:44.673+0000] {processor.py:161} INFO - Started process (PID=356) to work on /home/airflow/.local/lib/python3.12/site-packages/airflow/example_dags/example_branch_day_of_week_operator.py
[2025-10-15T13:58:44.674+0000] {processor.py:830} INFO - Processing file /home/airflow/.local/lib/python3.12/site-packages/airflow/example_dags/example_branch_day_of_week_operator.py for tasks to queue
[2025-10-15T13:58:44.676+0000] {logging_mixin.py:188} INFO - [2025-10-15T13:58:44.675+0000] {dagbag.py:540} INFO - Filling up the DagBag from /home/airflow/.local/lib/python3.12/site-packages/airflow/example_dags/example_branch_day_of_week_operator.py
[2025-10-15T13:58:44.682+0000] {processor.py:840} INFO - DAG(s) 'example_weekday_branch_operator' retrieved from /home/airflow/.local/lib/python3.12/site-packages/airflow/example_dags/example_branch_day_of_week_operator.py
[2025-10-15T13:58:44.700+0000] {logging_mixin.py:188} INFO - [2025-10-15T13:58:44.700+0000] {dag.py:3096} INFO - Sync 1 DAGs
[2025-10-15T13:58:44.718+0000] {logging_mixin.py:188} INFO - [2025-10-15T13:58:44.718+0000] {dag.py:3954} INFO - Setting next_dagrun for example_weekday_branch_operator to 2025-10-14 00:00:00+00:00, run_after=2025-10-15 00:00:00+00:00
[2025-10-15T13:58:44.735+0000] {processor.py:183} INFO - Processing /home/airflow/.local/lib/python3.12/site-packages/airflow/example_dags/example_branch_day_of_week_operator.py took 0.067 seconds
[2025-10-15T13:59:14.906+0000] {processor.py:161} INFO - Started process (PID=414) to work on /home/airflow/.local/lib/python3.12/site-packages/airflow/example_dags/example_branch_day_of_week_operator.py
[2025-10-15T13:59:14.907+0000] {processor.py:830} INFO - Processing file /home/airflow/.local/lib/python3.12/site-packages/airflow/example_dags/example_branch_day_of_week_operator.py for tasks to queue
[2025-10-15T13:59:14.909+0000] {logging_mixin.py:188} INFO - [2025-10-15T13:59:14.909+0000] {dagbag.py:540} INFO - Filling up the DagBag from /home/airflow/.local/lib/python3.12/site-packages/airflow/example_dags/example_branch_day_of_week_operator.py
[2025-10-15T13:59:14.915+0000] {processor.py:840} INFO - DAG(s) 'example_weekday_branch_operator' retrieved from /home/airflow/.local/lib/python3.12/site-packages/airflow/example_dags/example_branch_day_of_week_operator.py
[2025-10-15T13:59:14.936+0000] {logging_mixin.py:188} INFO - [2025-10-15T13:59:14.936+0000] {dag.py:3096} INFO - Sync 1 DAGs
[2025-10-15T13:59:14.955+0000] {logging_mixin.py:188} INFO - [2025-10-15T13:59:14.955+0000] {dag.py:3954} INFO - Setting next_dagrun for example_weekday_branch_operator to 2025-10-14 00:00:00+00:00, run_after=2025-10-15 00:00:00+00:00
[2025-10-15T13:59:14.972+0000] {processor.py:183} INFO - Processing /home/airflow/.local/lib/python3.12/site-packages/airflow/example_dags/example_branch_day_of_week_operator.py took 0.070 seconds
[2025-10-15T13:59:45.179+0000] {processor.py:161} INFO - Started process (PID=471) to work on /home/airflow/.local/lib/python3.12/site-packages/airflow/example_dags/example_branch_day_of_week_operator.py
[2025-10-15T13:59:45.180+0000] {processor.py:830} INFO - Processing file /home/airflow/.local/lib/python3.12/site-packages/airflow/example_dags/example_branch_day_of_week_operator.py for tasks to queue
[2025-10-15T13:59:45.181+0000] {logging_mixin.py:188} INFO - [2025-10-15T13:59:45.181+0000] {dagbag.py:540} INFO - Filling up the DagBag from /home/airflow/.local/lib/python3.12/site-packages/airflow/example_dags/example_branch_day_of_week_operator.py
[2025-10-15T13:59:45.187+0000] {processor.py:840} INFO - DAG(s) 'example_weekday_branch_operator' retrieved from /home/airflow/.local/lib/python3.12/site-packages/airflow/example_dags/example_branch_day_of_week_operator.py
[2025-10-15T13:59:45.204+0000] {logging_mixin.py:188} INFO - [2025-10-15T13:59:45.204+0000] {dag.py:3096} INFO - Sync 1 DAGs
[2025-10-15T13:59:45.219+0000] {logging_mixin.py:188} INFO - [2025-10-15T13:59:45.219+0000] {dag.py:3954} INFO - Setting next_dagrun for example_weekday_branch_operator to 2025-10-14 00:00:00+00:00, run_after=2025-10-15 00:00:00+00:00
[2025-10-15T13:59:45.233+0000] {processor.py:183} INFO - Processing /home/airflow/.local/lib/python3.12/site-packages/airflow/example_dags/example_branch_day_of_week_operator.py took 0.058 seconds
[2025-10-15T14:00:15.479+0000] {processor.py:161} INFO - Started process (PID=529) to work on /home/airflow/.local/lib/python3.12/site-packages/airflow/example_dags/example_branch_day_of_week_operator.py
[2025-10-15T14:00:15.480+0000] {processor.py:830} INFO - Processing file /home/airflow/.local/lib/python3.12/site-packages/airflow/example_dags/example_branch_day_of_week_operator.py for tasks to queue
[2025-10-15T14:00:15.481+0000] {logging_mixin.py:188} INFO - [2025-10-15T14:00:15.481+0000] {dagbag.py:540} INFO - Filling up the DagBag from /home/airflow/.local/lib/python3.12/site-packages/airflow/example_dags/example_branch_day_of_week_operator.py
[2025-10-15T14:00:15.488+0000] {processor.py:840} INFO - DAG(s) 'example_weekday_branch_operator' retrieved from /home/airflow/.local/lib/python3.12/site-packages/airflow/example_dags/example_branch_day_of_week_operator.py
[2025-10-15T14:00:15.504+0000] {logging_mixin.py:188} INFO - [2025-10-15T14:00:15.504+0000] {dag.py:3096} INFO - Sync 1 DAGs
[2025-10-15T14:00:15.519+0000] {logging_mixin.py:188} INFO - [2025-10-15T14:00:15.519+0000] {dag.py:3954} INFO - Setting next_dagrun for example_weekday_branch_operator to 2025-10-14 00:00:00+00:00, run_after=2025-10-15 00:00:00+00:00
[2025-10-15T14:00:15.532+0000] {processor.py:183} INFO - Processing /home/airflow/.local/lib/python3.12/site-packages/airflow/example_dags/example_branch_day_of_week_operator.py took 0.059 seconds
