[2025-10-15T13:55:57.375+0000] {processor.py:161} INFO - Started process (PID=80) to work on /home/airflow/.local/lib/python3.12/site-packages/airflow/example_dags/example_setup_teardown_taskflow.py
[2025-10-15T13:55:57.375+0000] {processor.py:830} INFO - Processing file /home/airflow/.local/lib/python3.12/site-packages/airflow/example_dags/example_setup_teardown_taskflow.py for tasks to queue
[2025-10-15T13:55:57.378+0000] {logging_mixin.py:188} INFO - [2025-10-15T13:55:57.377+0000] {dagbag.py:540} INFO - Filling up the DagBag from /home/airflow/.local/lib/python3.12/site-packages/airflow/example_dags/example_setup_teardown_taskflow.py
[2025-10-15T13:55:57.449+0000] {processor.py:840} INFO - DAG(s) 'example_setup_teardown_taskflow' retrieved from /home/airflow/.local/lib/python3.12/site-packages/airflow/example_dags/example_setup_teardown_taskflow.py
[2025-10-15T13:55:57.508+0000] {logging_mixin.py:188} INFO - [2025-10-15T13:55:57.507+0000] {dag.py:3096} INFO - Sync 1 DAGs
[2025-10-15T13:55:57.693+0000] {logging_mixin.py:188} INFO - [2025-10-15T13:55:57.692+0000] {dag.py:3954} INFO - Setting next_dagrun for example_setup_teardown_taskflow to 2025-10-14 00:00:00+00:00, run_after=2025-10-15 00:00:00+00:00
[2025-10-15T13:55:57.798+0000] {processor.py:183} INFO - Processing /home/airflow/.local/lib/python3.12/site-packages/airflow/example_dags/example_setup_teardown_taskflow.py took 0.431 seconds
[2025-10-15T13:56:28.459+0000] {processor.py:161} INFO - Started process (PID=138) to work on /home/airflow/.local/lib/python3.12/site-packages/airflow/example_dags/example_setup_teardown_taskflow.py
[2025-10-15T13:56:28.460+0000] {processor.py:830} INFO - Processing file /home/airflow/.local/lib/python3.12/site-packages/airflow/example_dags/example_setup_teardown_taskflow.py for tasks to queue
[2025-10-15T13:56:28.462+0000] {logging_mixin.py:188} INFO - [2025-10-15T13:56:28.462+0000] {dagbag.py:540} INFO - Filling up the DagBag from /home/airflow/.local/lib/python3.12/site-packages/airflow/example_dags/example_setup_teardown_taskflow.py
[2025-10-15T13:56:28.471+0000] {processor.py:840} INFO - DAG(s) 'example_setup_teardown_taskflow' retrieved from /home/airflow/.local/lib/python3.12/site-packages/airflow/example_dags/example_setup_teardown_taskflow.py
[2025-10-15T13:56:28.570+0000] {logging_mixin.py:188} INFO - [2025-10-15T13:56:28.570+0000] {dag.py:3096} INFO - Sync 1 DAGs
[2025-10-15T13:56:28.587+0000] {logging_mixin.py:188} INFO - [2025-10-15T13:56:28.587+0000] {dag.py:3954} INFO - Setting next_dagrun for example_setup_teardown_taskflow to 2025-10-14 00:00:00+00:00, run_after=2025-10-15 00:00:00+00:00
[2025-10-15T13:56:28.602+0000] {processor.py:183} INFO - Processing /home/airflow/.local/lib/python3.12/site-packages/airflow/example_dags/example_setup_teardown_taskflow.py took 0.149 seconds
[2025-10-15T13:57:13.796+0000] {processor.py:161} INFO - Started process (PID=196) to work on /home/airflow/.local/lib/python3.12/site-packages/airflow/example_dags/example_setup_teardown_taskflow.py
[2025-10-15T13:57:13.797+0000] {processor.py:830} INFO - Processing file /home/airflow/.local/lib/python3.12/site-packages/airflow/example_dags/example_setup_teardown_taskflow.py for tasks to queue
[2025-10-15T13:57:13.799+0000] {logging_mixin.py:188} INFO - [2025-10-15T13:57:13.798+0000] {dagbag.py:540} INFO - Filling up the DagBag from /home/airflow/.local/lib/python3.12/site-packages/airflow/example_dags/example_setup_teardown_taskflow.py
[2025-10-15T13:57:13.806+0000] {processor.py:840} INFO - DAG(s) 'example_setup_teardown_taskflow' retrieved from /home/airflow/.local/lib/python3.12/site-packages/airflow/example_dags/example_setup_teardown_taskflow.py
[2025-10-15T13:57:13.824+0000] {logging_mixin.py:188} INFO - [2025-10-15T13:57:13.824+0000] {dag.py:3096} INFO - Sync 1 DAGs
[2025-10-15T13:57:13.840+0000] {logging_mixin.py:188} INFO - [2025-10-15T13:57:13.840+0000] {dag.py:3954} INFO - Setting next_dagrun for example_setup_teardown_taskflow to 2025-10-14 00:00:00+00:00, run_after=2025-10-15 00:00:00+00:00
[2025-10-15T13:57:13.855+0000] {processor.py:183} INFO - Processing /home/airflow/.local/lib/python3.12/site-packages/airflow/example_dags/example_setup_teardown_taskflow.py took 0.064 seconds
[2025-10-15T13:57:44.015+0000] {processor.py:161} INFO - Started process (PID=254) to work on /home/airflow/.local/lib/python3.12/site-packages/airflow/example_dags/example_setup_teardown_taskflow.py
[2025-10-15T13:57:44.016+0000] {processor.py:830} INFO - Processing file /home/airflow/.local/lib/python3.12/site-packages/airflow/example_dags/example_setup_teardown_taskflow.py for tasks to queue
[2025-10-15T13:57:44.017+0000] {logging_mixin.py:188} INFO - [2025-10-15T13:57:44.017+0000] {dagbag.py:540} INFO - Filling up the DagBag from /home/airflow/.local/lib/python3.12/site-packages/airflow/example_dags/example_setup_teardown_taskflow.py
[2025-10-15T13:57:44.025+0000] {processor.py:840} INFO - DAG(s) 'example_setup_teardown_taskflow' retrieved from /home/airflow/.local/lib/python3.12/site-packages/airflow/example_dags/example_setup_teardown_taskflow.py
[2025-10-15T13:57:44.044+0000] {logging_mixin.py:188} INFO - [2025-10-15T13:57:44.044+0000] {dag.py:3096} INFO - Sync 1 DAGs
[2025-10-15T13:57:44.061+0000] {logging_mixin.py:188} INFO - [2025-10-15T13:57:44.061+0000] {dag.py:3954} INFO - Setting next_dagrun for example_setup_teardown_taskflow to 2025-10-14 00:00:00+00:00, run_after=2025-10-15 00:00:00+00:00
[2025-10-15T13:57:44.076+0000] {processor.py:183} INFO - Processing /home/airflow/.local/lib/python3.12/site-packages/airflow/example_dags/example_setup_teardown_taskflow.py took 0.067 seconds
[2025-10-15T13:58:14.752+0000] {processor.py:161} INFO - Started process (PID=312) to work on /home/airflow/.local/lib/python3.12/site-packages/airflow/example_dags/example_setup_teardown_taskflow.py
[2025-10-15T13:58:14.753+0000] {processor.py:830} INFO - Processing file /home/airflow/.local/lib/python3.12/site-packages/airflow/example_dags/example_setup_teardown_taskflow.py for tasks to queue
[2025-10-15T13:58:14.755+0000] {logging_mixin.py:188} INFO - [2025-10-15T13:58:14.754+0000] {dagbag.py:540} INFO - Filling up the DagBag from /home/airflow/.local/lib/python3.12/site-packages/airflow/example_dags/example_setup_teardown_taskflow.py
[2025-10-15T13:58:14.762+0000] {processor.py:840} INFO - DAG(s) 'example_setup_teardown_taskflow' retrieved from /home/airflow/.local/lib/python3.12/site-packages/airflow/example_dags/example_setup_teardown_taskflow.py
[2025-10-15T13:58:14.778+0000] {logging_mixin.py:188} INFO - [2025-10-15T13:58:14.778+0000] {dag.py:3096} INFO - Sync 1 DAGs
[2025-10-15T13:58:14.794+0000] {logging_mixin.py:188} INFO - [2025-10-15T13:58:14.794+0000] {dag.py:3954} INFO - Setting next_dagrun for example_setup_teardown_taskflow to 2025-10-14 00:00:00+00:00, run_after=2025-10-15 00:00:00+00:00
[2025-10-15T13:58:14.807+0000] {processor.py:183} INFO - Processing /home/airflow/.local/lib/python3.12/site-packages/airflow/example_dags/example_setup_teardown_taskflow.py took 0.060 seconds
[2025-10-15T13:58:45.331+0000] {processor.py:161} INFO - Started process (PID=370) to work on /home/airflow/.local/lib/python3.12/site-packages/airflow/example_dags/example_setup_teardown_taskflow.py
[2025-10-15T13:58:45.332+0000] {processor.py:830} INFO - Processing file /home/airflow/.local/lib/python3.12/site-packages/airflow/example_dags/example_setup_teardown_taskflow.py for tasks to queue
[2025-10-15T13:58:45.333+0000] {logging_mixin.py:188} INFO - [2025-10-15T13:58:45.333+0000] {dagbag.py:540} INFO - Filling up the DagBag from /home/airflow/.local/lib/python3.12/site-packages/airflow/example_dags/example_setup_teardown_taskflow.py
[2025-10-15T13:58:45.341+0000] {processor.py:840} INFO - DAG(s) 'example_setup_teardown_taskflow' retrieved from /home/airflow/.local/lib/python3.12/site-packages/airflow/example_dags/example_setup_teardown_taskflow.py
[2025-10-15T13:58:45.359+0000] {logging_mixin.py:188} INFO - [2025-10-15T13:58:45.359+0000] {dag.py:3096} INFO - Sync 1 DAGs
[2025-10-15T13:58:45.376+0000] {logging_mixin.py:188} INFO - [2025-10-15T13:58:45.376+0000] {dag.py:3954} INFO - Setting next_dagrun for example_setup_teardown_taskflow to 2025-10-14 00:00:00+00:00, run_after=2025-10-15 00:00:00+00:00
[2025-10-15T13:58:45.391+0000] {processor.py:183} INFO - Processing /home/airflow/.local/lib/python3.12/site-packages/airflow/example_dags/example_setup_teardown_taskflow.py took 0.066 seconds
[2025-10-15T13:59:15.778+0000] {processor.py:161} INFO - Started process (PID=428) to work on /home/airflow/.local/lib/python3.12/site-packages/airflow/example_dags/example_setup_teardown_taskflow.py
[2025-10-15T13:59:15.778+0000] {processor.py:830} INFO - Processing file /home/airflow/.local/lib/python3.12/site-packages/airflow/example_dags/example_setup_teardown_taskflow.py for tasks to queue
[2025-10-15T13:59:15.780+0000] {logging_mixin.py:188} INFO - [2025-10-15T13:59:15.780+0000] {dagbag.py:540} INFO - Filling up the DagBag from /home/airflow/.local/lib/python3.12/site-packages/airflow/example_dags/example_setup_teardown_taskflow.py
[2025-10-15T13:59:15.788+0000] {processor.py:840} INFO - DAG(s) 'example_setup_teardown_taskflow' retrieved from /home/airflow/.local/lib/python3.12/site-packages/airflow/example_dags/example_setup_teardown_taskflow.py
[2025-10-15T13:59:15.807+0000] {logging_mixin.py:188} INFO - [2025-10-15T13:59:15.807+0000] {dag.py:3096} INFO - Sync 1 DAGs
[2025-10-15T13:59:15.823+0000] {logging_mixin.py:188} INFO - [2025-10-15T13:59:15.823+0000] {dag.py:3954} INFO - Setting next_dagrun for example_setup_teardown_taskflow to 2025-10-14 00:00:00+00:00, run_after=2025-10-15 00:00:00+00:00
[2025-10-15T13:59:15.838+0000] {processor.py:183} INFO - Processing /home/airflow/.local/lib/python3.12/site-packages/airflow/example_dags/example_setup_teardown_taskflow.py took 0.065 seconds
[2025-10-15T13:59:46.128+0000] {processor.py:161} INFO - Started process (PID=486) to work on /home/airflow/.local/lib/python3.12/site-packages/airflow/example_dags/example_setup_teardown_taskflow.py
[2025-10-15T13:59:46.129+0000] {processor.py:830} INFO - Processing file /home/airflow/.local/lib/python3.12/site-packages/airflow/example_dags/example_setup_teardown_taskflow.py for tasks to queue
[2025-10-15T13:59:46.131+0000] {logging_mixin.py:188} INFO - [2025-10-15T13:59:46.131+0000] {dagbag.py:540} INFO - Filling up the DagBag from /home/airflow/.local/lib/python3.12/site-packages/airflow/example_dags/example_setup_teardown_taskflow.py
[2025-10-15T13:59:46.138+0000] {processor.py:840} INFO - DAG(s) 'example_setup_teardown_taskflow' retrieved from /home/airflow/.local/lib/python3.12/site-packages/airflow/example_dags/example_setup_teardown_taskflow.py
[2025-10-15T13:59:46.156+0000] {logging_mixin.py:188} INFO - [2025-10-15T13:59:46.156+0000] {dag.py:3096} INFO - Sync 1 DAGs
[2025-10-15T13:59:46.171+0000] {logging_mixin.py:188} INFO - [2025-10-15T13:59:46.171+0000] {dag.py:3954} INFO - Setting next_dagrun for example_setup_teardown_taskflow to 2025-10-14 00:00:00+00:00, run_after=2025-10-15 00:00:00+00:00
[2025-10-15T13:59:46.185+0000] {processor.py:183} INFO - Processing /home/airflow/.local/lib/python3.12/site-packages/airflow/example_dags/example_setup_teardown_taskflow.py took 0.062 seconds
[2025-10-15T14:00:16.389+0000] {processor.py:161} INFO - Started process (PID=544) to work on /home/airflow/.local/lib/python3.12/site-packages/airflow/example_dags/example_setup_teardown_taskflow.py
[2025-10-15T14:00:16.390+0000] {processor.py:830} INFO - Processing file /home/airflow/.local/lib/python3.12/site-packages/airflow/example_dags/example_setup_teardown_taskflow.py for tasks to queue
[2025-10-15T14:00:16.392+0000] {logging_mixin.py:188} INFO - [2025-10-15T14:00:16.391+0000] {dagbag.py:540} INFO - Filling up the DagBag from /home/airflow/.local/lib/python3.12/site-packages/airflow/example_dags/example_setup_teardown_taskflow.py
[2025-10-15T14:00:16.398+0000] {processor.py:840} INFO - DAG(s) 'example_setup_teardown_taskflow' retrieved from /home/airflow/.local/lib/python3.12/site-packages/airflow/example_dags/example_setup_teardown_taskflow.py
[2025-10-15T14:00:16.415+0000] {logging_mixin.py:188} INFO - [2025-10-15T14:00:16.415+0000] {dag.py:3096} INFO - Sync 1 DAGs
[2025-10-15T14:00:16.430+0000] {logging_mixin.py:188} INFO - [2025-10-15T14:00:16.429+0000] {dag.py:3954} INFO - Setting next_dagrun for example_setup_teardown_taskflow to 2025-10-14 00:00:00+00:00, run_after=2025-10-15 00:00:00+00:00
[2025-10-15T14:00:16.442+0000] {processor.py:183} INFO - Processing /home/airflow/.local/lib/python3.12/site-packages/airflow/example_dags/example_setup_teardown_taskflow.py took 0.057 seconds
