[2025-10-15T13:55:59.395+0000] {processor.py:161} INFO - Started process (PID=99) to work on /home/airflow/.local/lib/python3.12/site-packages/airflow/example_dags/example_branch_datetime_operator.py
[2025-10-15T13:55:59.396+0000] {processor.py:830} INFO - Processing file /home/airflow/.local/lib/python3.12/site-packages/airflow/example_dags/example_branch_datetime_operator.py for tasks to queue
[2025-10-15T13:55:59.421+0000] {logging_mixin.py:188} INFO - [2025-10-15T13:55:59.421+0000] {dagbag.py:540} INFO - Filling up the DagBag from /home/airflow/.local/lib/python3.12/site-packages/airflow/example_dags/example_branch_datetime_operator.py
[2025-10-15T13:55:59.434+0000] {processor.py:840} INFO - DAG(s) 'example_branch_datetime_operator_3', 'example_branch_datetime_operator_2', 'example_branch_datetime_operator' retrieved from /home/airflow/.local/lib/python3.12/site-packages/airflow/example_dags/example_branch_datetime_operator.py
[2025-10-15T13:55:59.449+0000] {logging_mixin.py:188} INFO - [2025-10-15T13:55:59.448+0000] {dag.py:3096} INFO - Sync 3 DAGs
[2025-10-15T13:55:59.471+0000] {logging_mixin.py:188} INFO - [2025-10-15T13:55:59.471+0000] {dag.py:3954} INFO - Setting next_dagrun for example_branch_datetime_operator to 2025-10-14 00:00:00+00:00, run_after=2025-10-15 00:00:00+00:00
[2025-10-15T13:55:59.475+0000] {logging_mixin.py:188} INFO - [2025-10-15T13:55:59.475+0000] {dag.py:3954} INFO - Setting next_dagrun for example_branch_datetime_operator_2 to 2025-10-14 00:00:00+00:00, run_after=2025-10-15 00:00:00+00:00
[2025-10-15T13:55:59.477+0000] {logging_mixin.py:188} INFO - [2025-10-15T13:55:59.477+0000] {dag.py:3954} INFO - Setting next_dagrun for example_branch_datetime_operator_3 to 2025-10-14 00:00:00+00:00, run_after=2025-10-15 00:00:00+00:00
[2025-10-15T13:55:59.541+0000] {processor.py:183} INFO - Processing /home/airflow/.local/lib/python3.12/site-packages/airflow/example_dags/example_branch_datetime_operator.py took 0.151 seconds
[2025-10-15T13:56:30.007+0000] {processor.py:161} INFO - Started process (PID=157) to work on /home/airflow/.local/lib/python3.12/site-packages/airflow/example_dags/example_branch_datetime_operator.py
[2025-10-15T13:56:30.010+0000] {processor.py:830} INFO - Processing file /home/airflow/.local/lib/python3.12/site-packages/airflow/example_dags/example_branch_datetime_operator.py for tasks to queue
[2025-10-15T13:56:30.014+0000] {logging_mixin.py:188} INFO - [2025-10-15T13:56:30.013+0000] {dagbag.py:540} INFO - Filling up the DagBag from /home/airflow/.local/lib/python3.12/site-packages/airflow/example_dags/example_branch_datetime_operator.py
[2025-10-15T13:56:30.030+0000] {processor.py:840} INFO - DAG(s) 'example_branch_datetime_operator_2', 'example_branch_datetime_operator', 'example_branch_datetime_operator_3' retrieved from /home/airflow/.local/lib/python3.12/site-packages/airflow/example_dags/example_branch_datetime_operator.py
[2025-10-15T13:56:30.159+0000] {logging_mixin.py:188} INFO - [2025-10-15T13:56:30.159+0000] {dag.py:3096} INFO - Sync 3 DAGs
[2025-10-15T13:56:30.177+0000] {logging_mixin.py:188} INFO - [2025-10-15T13:56:30.176+0000] {dag.py:3954} INFO - Setting next_dagrun for example_branch_datetime_operator to 2025-10-14 00:00:00+00:00, run_after=2025-10-15 00:00:00+00:00
[2025-10-15T13:56:30.180+0000] {logging_mixin.py:188} INFO - [2025-10-15T13:56:30.180+0000] {dag.py:3954} INFO - Setting next_dagrun for example_branch_datetime_operator_2 to 2025-10-14 00:00:00+00:00, run_after=2025-10-15 00:00:00+00:00
[2025-10-15T13:56:30.182+0000] {logging_mixin.py:188} INFO - [2025-10-15T13:56:30.182+0000] {dag.py:3954} INFO - Setting next_dagrun for example_branch_datetime_operator_3 to 2025-10-14 00:00:00+00:00, run_after=2025-10-15 00:00:00+00:00
[2025-10-15T13:56:30.196+0000] {processor.py:183} INFO - Processing /home/airflow/.local/lib/python3.12/site-packages/airflow/example_dags/example_branch_datetime_operator.py took 0.196 seconds
[2025-10-15T13:57:14.824+0000] {processor.py:161} INFO - Started process (PID=215) to work on /home/airflow/.local/lib/python3.12/site-packages/airflow/example_dags/example_branch_datetime_operator.py
[2025-10-15T13:57:14.824+0000] {processor.py:830} INFO - Processing file /home/airflow/.local/lib/python3.12/site-packages/airflow/example_dags/example_branch_datetime_operator.py for tasks to queue
[2025-10-15T13:57:14.826+0000] {logging_mixin.py:188} INFO - [2025-10-15T13:57:14.826+0000] {dagbag.py:540} INFO - Filling up the DagBag from /home/airflow/.local/lib/python3.12/site-packages/airflow/example_dags/example_branch_datetime_operator.py
[2025-10-15T13:57:14.834+0000] {processor.py:840} INFO - DAG(s) 'example_branch_datetime_operator', 'example_branch_datetime_operator_2', 'example_branch_datetime_operator_3' retrieved from /home/airflow/.local/lib/python3.12/site-packages/airflow/example_dags/example_branch_datetime_operator.py
[2025-10-15T13:57:14.856+0000] {logging_mixin.py:188} INFO - [2025-10-15T13:57:14.856+0000] {dag.py:3096} INFO - Sync 3 DAGs
[2025-10-15T13:57:14.872+0000] {logging_mixin.py:188} INFO - [2025-10-15T13:57:14.872+0000] {dag.py:3954} INFO - Setting next_dagrun for example_branch_datetime_operator to 2025-10-14 00:00:00+00:00, run_after=2025-10-15 00:00:00+00:00
[2025-10-15T13:57:14.876+0000] {logging_mixin.py:188} INFO - [2025-10-15T13:57:14.875+0000] {dag.py:3954} INFO - Setting next_dagrun for example_branch_datetime_operator_2 to 2025-10-14 00:00:00+00:00, run_after=2025-10-15 00:00:00+00:00
[2025-10-15T13:57:14.877+0000] {logging_mixin.py:188} INFO - [2025-10-15T13:57:14.877+0000] {dag.py:3954} INFO - Setting next_dagrun for example_branch_datetime_operator_3 to 2025-10-14 00:00:00+00:00, run_after=2025-10-15 00:00:00+00:00
[2025-10-15T13:57:14.889+0000] {processor.py:183} INFO - Processing /home/airflow/.local/lib/python3.12/site-packages/airflow/example_dags/example_branch_datetime_operator.py took 0.070 seconds
[2025-10-15T13:57:45.139+0000] {processor.py:161} INFO - Started process (PID=273) to work on /home/airflow/.local/lib/python3.12/site-packages/airflow/example_dags/example_branch_datetime_operator.py
[2025-10-15T13:57:45.140+0000] {processor.py:830} INFO - Processing file /home/airflow/.local/lib/python3.12/site-packages/airflow/example_dags/example_branch_datetime_operator.py for tasks to queue
[2025-10-15T13:57:45.142+0000] {logging_mixin.py:188} INFO - [2025-10-15T13:57:45.141+0000] {dagbag.py:540} INFO - Filling up the DagBag from /home/airflow/.local/lib/python3.12/site-packages/airflow/example_dags/example_branch_datetime_operator.py
[2025-10-15T13:57:45.149+0000] {processor.py:840} INFO - DAG(s) 'example_branch_datetime_operator_2', 'example_branch_datetime_operator', 'example_branch_datetime_operator_3' retrieved from /home/airflow/.local/lib/python3.12/site-packages/airflow/example_dags/example_branch_datetime_operator.py
[2025-10-15T13:57:45.169+0000] {logging_mixin.py:188} INFO - [2025-10-15T13:57:45.169+0000] {dag.py:3096} INFO - Sync 3 DAGs
[2025-10-15T13:57:45.186+0000] {logging_mixin.py:188} INFO - [2025-10-15T13:57:45.186+0000] {dag.py:3954} INFO - Setting next_dagrun for example_branch_datetime_operator to 2025-10-14 00:00:00+00:00, run_after=2025-10-15 00:00:00+00:00
[2025-10-15T13:57:45.189+0000] {logging_mixin.py:188} INFO - [2025-10-15T13:57:45.189+0000] {dag.py:3954} INFO - Setting next_dagrun for example_branch_datetime_operator_2 to 2025-10-14 00:00:00+00:00, run_after=2025-10-15 00:00:00+00:00
[2025-10-15T13:57:45.191+0000] {logging_mixin.py:188} INFO - [2025-10-15T13:57:45.191+0000] {dag.py:3954} INFO - Setting next_dagrun for example_branch_datetime_operator_3 to 2025-10-14 00:00:00+00:00, run_after=2025-10-15 00:00:00+00:00
[2025-10-15T13:57:45.205+0000] {processor.py:183} INFO - Processing /home/airflow/.local/lib/python3.12/site-packages/airflow/example_dags/example_branch_datetime_operator.py took 0.071 seconds
[2025-10-15T13:58:15.727+0000] {processor.py:161} INFO - Started process (PID=331) to work on /home/airflow/.local/lib/python3.12/site-packages/airflow/example_dags/example_branch_datetime_operator.py
[2025-10-15T13:58:15.728+0000] {processor.py:830} INFO - Processing file /home/airflow/.local/lib/python3.12/site-packages/airflow/example_dags/example_branch_datetime_operator.py for tasks to queue
[2025-10-15T13:58:15.730+0000] {logging_mixin.py:188} INFO - [2025-10-15T13:58:15.730+0000] {dagbag.py:540} INFO - Filling up the DagBag from /home/airflow/.local/lib/python3.12/site-packages/airflow/example_dags/example_branch_datetime_operator.py
[2025-10-15T13:58:15.738+0000] {processor.py:840} INFO - DAG(s) 'example_branch_datetime_operator_2', 'example_branch_datetime_operator_3', 'example_branch_datetime_operator' retrieved from /home/airflow/.local/lib/python3.12/site-packages/airflow/example_dags/example_branch_datetime_operator.py
[2025-10-15T13:58:15.759+0000] {logging_mixin.py:188} INFO - [2025-10-15T13:58:15.759+0000] {dag.py:3096} INFO - Sync 3 DAGs
[2025-10-15T13:58:15.777+0000] {logging_mixin.py:188} INFO - [2025-10-15T13:58:15.777+0000] {dag.py:3954} INFO - Setting next_dagrun for example_branch_datetime_operator to 2025-10-14 00:00:00+00:00, run_after=2025-10-15 00:00:00+00:00
[2025-10-15T13:58:15.781+0000] {logging_mixin.py:188} INFO - [2025-10-15T13:58:15.781+0000] {dag.py:3954} INFO - Setting next_dagrun for example_branch_datetime_operator_2 to 2025-10-14 00:00:00+00:00, run_after=2025-10-15 00:00:00+00:00
[2025-10-15T13:58:15.783+0000] {logging_mixin.py:188} INFO - [2025-10-15T13:58:15.783+0000] {dag.py:3954} INFO - Setting next_dagrun for example_branch_datetime_operator_3 to 2025-10-14 00:00:00+00:00, run_after=2025-10-15 00:00:00+00:00
[2025-10-15T13:58:15.797+0000] {processor.py:183} INFO - Processing /home/airflow/.local/lib/python3.12/site-packages/airflow/example_dags/example_branch_datetime_operator.py took 0.075 seconds
[2025-10-15T13:58:46.407+0000] {processor.py:161} INFO - Started process (PID=389) to work on /home/airflow/.local/lib/python3.12/site-packages/airflow/example_dags/example_branch_datetime_operator.py
[2025-10-15T13:58:46.408+0000] {processor.py:830} INFO - Processing file /home/airflow/.local/lib/python3.12/site-packages/airflow/example_dags/example_branch_datetime_operator.py for tasks to queue
[2025-10-15T13:58:46.409+0000] {logging_mixin.py:188} INFO - [2025-10-15T13:58:46.409+0000] {dagbag.py:540} INFO - Filling up the DagBag from /home/airflow/.local/lib/python3.12/site-packages/airflow/example_dags/example_branch_datetime_operator.py
[2025-10-15T13:58:46.417+0000] {processor.py:840} INFO - DAG(s) 'example_branch_datetime_operator', 'example_branch_datetime_operator_3', 'example_branch_datetime_operator_2' retrieved from /home/airflow/.local/lib/python3.12/site-packages/airflow/example_dags/example_branch_datetime_operator.py
[2025-10-15T13:58:46.437+0000] {logging_mixin.py:188} INFO - [2025-10-15T13:58:46.437+0000] {dag.py:3096} INFO - Sync 3 DAGs
[2025-10-15T13:58:46.455+0000] {logging_mixin.py:188} INFO - [2025-10-15T13:58:46.455+0000] {dag.py:3954} INFO - Setting next_dagrun for example_branch_datetime_operator to 2025-10-14 00:00:00+00:00, run_after=2025-10-15 00:00:00+00:00
[2025-10-15T13:58:46.458+0000] {logging_mixin.py:188} INFO - [2025-10-15T13:58:46.458+0000] {dag.py:3954} INFO - Setting next_dagrun for example_branch_datetime_operator_2 to 2025-10-14 00:00:00+00:00, run_after=2025-10-15 00:00:00+00:00
[2025-10-15T13:58:46.460+0000] {logging_mixin.py:188} INFO - [2025-10-15T13:58:46.460+0000] {dag.py:3954} INFO - Setting next_dagrun for example_branch_datetime_operator_3 to 2025-10-14 00:00:00+00:00, run_after=2025-10-15 00:00:00+00:00
[2025-10-15T13:58:46.474+0000] {processor.py:183} INFO - Processing /home/airflow/.local/lib/python3.12/site-packages/airflow/example_dags/example_branch_datetime_operator.py took 0.072 seconds
[2025-10-15T13:59:16.894+0000] {processor.py:161} INFO - Started process (PID=447) to work on /home/airflow/.local/lib/python3.12/site-packages/airflow/example_dags/example_branch_datetime_operator.py
[2025-10-15T13:59:16.894+0000] {processor.py:830} INFO - Processing file /home/airflow/.local/lib/python3.12/site-packages/airflow/example_dags/example_branch_datetime_operator.py for tasks to queue
[2025-10-15T13:59:16.896+0000] {logging_mixin.py:188} INFO - [2025-10-15T13:59:16.896+0000] {dagbag.py:540} INFO - Filling up the DagBag from /home/airflow/.local/lib/python3.12/site-packages/airflow/example_dags/example_branch_datetime_operator.py
[2025-10-15T13:59:16.904+0000] {processor.py:840} INFO - DAG(s) 'example_branch_datetime_operator', 'example_branch_datetime_operator_2', 'example_branch_datetime_operator_3' retrieved from /home/airflow/.local/lib/python3.12/site-packages/airflow/example_dags/example_branch_datetime_operator.py
[2025-10-15T13:59:16.926+0000] {logging_mixin.py:188} INFO - [2025-10-15T13:59:16.926+0000] {dag.py:3096} INFO - Sync 3 DAGs
[2025-10-15T13:59:16.945+0000] {logging_mixin.py:188} INFO - [2025-10-15T13:59:16.945+0000] {dag.py:3954} INFO - Setting next_dagrun for example_branch_datetime_operator to 2025-10-14 00:00:00+00:00, run_after=2025-10-15 00:00:00+00:00
[2025-10-15T13:59:16.949+0000] {logging_mixin.py:188} INFO - [2025-10-15T13:59:16.949+0000] {dag.py:3954} INFO - Setting next_dagrun for example_branch_datetime_operator_2 to 2025-10-14 00:00:00+00:00, run_after=2025-10-15 00:00:00+00:00
[2025-10-15T13:59:16.951+0000] {logging_mixin.py:188} INFO - [2025-10-15T13:59:16.951+0000] {dag.py:3954} INFO - Setting next_dagrun for example_branch_datetime_operator_3 to 2025-10-14 00:00:00+00:00, run_after=2025-10-15 00:00:00+00:00
[2025-10-15T13:59:16.965+0000] {processor.py:183} INFO - Processing /home/airflow/.local/lib/python3.12/site-packages/airflow/example_dags/example_branch_datetime_operator.py took 0.076 seconds
[2025-10-15T13:59:47.199+0000] {processor.py:161} INFO - Started process (PID=505) to work on /home/airflow/.local/lib/python3.12/site-packages/airflow/example_dags/example_branch_datetime_operator.py
[2025-10-15T13:59:47.200+0000] {processor.py:830} INFO - Processing file /home/airflow/.local/lib/python3.12/site-packages/airflow/example_dags/example_branch_datetime_operator.py for tasks to queue
[2025-10-15T13:59:47.202+0000] {logging_mixin.py:188} INFO - [2025-10-15T13:59:47.201+0000] {dagbag.py:540} INFO - Filling up the DagBag from /home/airflow/.local/lib/python3.12/site-packages/airflow/example_dags/example_branch_datetime_operator.py
[2025-10-15T13:59:47.209+0000] {processor.py:840} INFO - DAG(s) 'example_branch_datetime_operator', 'example_branch_datetime_operator_2', 'example_branch_datetime_operator_3' retrieved from /home/airflow/.local/lib/python3.12/site-packages/airflow/example_dags/example_branch_datetime_operator.py
[2025-10-15T13:59:47.230+0000] {logging_mixin.py:188} INFO - [2025-10-15T13:59:47.230+0000] {dag.py:3096} INFO - Sync 3 DAGs
[2025-10-15T13:59:47.248+0000] {logging_mixin.py:188} INFO - [2025-10-15T13:59:47.248+0000] {dag.py:3954} INFO - Setting next_dagrun for example_branch_datetime_operator to 2025-10-14 00:00:00+00:00, run_after=2025-10-15 00:00:00+00:00
[2025-10-15T13:59:47.252+0000] {logging_mixin.py:188} INFO - [2025-10-15T13:59:47.252+0000] {dag.py:3954} INFO - Setting next_dagrun for example_branch_datetime_operator_2 to 2025-10-14 00:00:00+00:00, run_after=2025-10-15 00:00:00+00:00
[2025-10-15T13:59:47.254+0000] {logging_mixin.py:188} INFO - [2025-10-15T13:59:47.254+0000] {dag.py:3954} INFO - Setting next_dagrun for example_branch_datetime_operator_3 to 2025-10-14 00:00:00+00:00, run_after=2025-10-15 00:00:00+00:00
[2025-10-15T13:59:47.267+0000] {processor.py:183} INFO - Processing /home/airflow/.local/lib/python3.12/site-packages/airflow/example_dags/example_branch_datetime_operator.py took 0.073 seconds
[2025-10-15T14:00:17.443+0000] {processor.py:161} INFO - Started process (PID=563) to work on /home/airflow/.local/lib/python3.12/site-packages/airflow/example_dags/example_branch_datetime_operator.py
[2025-10-15T14:00:17.444+0000] {processor.py:830} INFO - Processing file /home/airflow/.local/lib/python3.12/site-packages/airflow/example_dags/example_branch_datetime_operator.py for tasks to queue
[2025-10-15T14:00:17.445+0000] {logging_mixin.py:188} INFO - [2025-10-15T14:00:17.445+0000] {dagbag.py:540} INFO - Filling up the DagBag from /home/airflow/.local/lib/python3.12/site-packages/airflow/example_dags/example_branch_datetime_operator.py
[2025-10-15T14:00:17.452+0000] {processor.py:840} INFO - DAG(s) 'example_branch_datetime_operator_2', 'example_branch_datetime_operator', 'example_branch_datetime_operator_3' retrieved from /home/airflow/.local/lib/python3.12/site-packages/airflow/example_dags/example_branch_datetime_operator.py
[2025-10-15T14:00:17.471+0000] {logging_mixin.py:188} INFO - [2025-10-15T14:00:17.471+0000] {dag.py:3096} INFO - Sync 3 DAGs
[2025-10-15T14:00:17.486+0000] {logging_mixin.py:188} INFO - [2025-10-15T14:00:17.486+0000] {dag.py:3954} INFO - Setting next_dagrun for example_branch_datetime_operator to 2025-10-14 00:00:00+00:00, run_after=2025-10-15 00:00:00+00:00
[2025-10-15T14:00:17.489+0000] {logging_mixin.py:188} INFO - [2025-10-15T14:00:17.489+0000] {dag.py:3954} INFO - Setting next_dagrun for example_branch_datetime_operator_2 to 2025-10-14 00:00:00+00:00, run_after=2025-10-15 00:00:00+00:00
[2025-10-15T14:00:17.491+0000] {logging_mixin.py:188} INFO - [2025-10-15T14:00:17.491+0000] {dag.py:3954} INFO - Setting next_dagrun for example_branch_datetime_operator_3 to 2025-10-14 00:00:00+00:00, run_after=2025-10-15 00:00:00+00:00
[2025-10-15T14:00:17.503+0000] {processor.py:183} INFO - Processing /home/airflow/.local/lib/python3.12/site-packages/airflow/example_dags/example_branch_datetime_operator.py took 0.064 seconds
